[2021-07-19 18:02:29.797] [exthost] [info] extension host started
[2021-07-19 18:02:29.797] [exthost] [info] Skipping acquiring lock for /home/itolab-chotaro/.config/Code/User/workspaceStorage/0d8c9cb671610e77b7a72293e29f90d9.
[2021-07-19 18:02:29.880] [exthost] [info] ExtensionService#_doActivateExtension vscode.microsoft-authentication {"startup":false,"extensionId":{"value":"vscode.microsoft-authentication","_lower":"vscode.microsoft-authentication"},"activationEvent":"onAuthenticationRequest:microsoft"}
[2021-07-19 18:02:29.880] [exthost] [info] ExtensionService#loadCommonJSModule file:///usr/share/code/resources/app/extensions/microsoft-authentication/dist/extension.js
[2021-07-19 18:02:29.886] [exthost] [info] ExtensionService#_doActivateExtension ms-python.python {"startup":false,"extensionId":{"value":"ms-python.vscode-pylance","_lower":"ms-python.vscode-pylance"},"activationEvent":"onLanguage:python"}
[2021-07-19 18:02:29.886] [exthost] [info] ExtensionService#loadCommonJSModule file:///home/itolab-chotaro/.vscode/extensions/ms-python.python-2021.6.944021595/out/client/extension
[2021-07-19 18:02:30.036] [exthost] [info] ExtensionService#_doActivateExtension ms-toolsai.jupyter {"startup":false,"extensionId":{"value":"ms-toolsai.jupyter","_lower":"ms-toolsai.jupyter"},"activationEvent":"onLanguage:python"}
[2021-07-19 18:02:30.036] [exthost] [info] ExtensionService#loadCommonJSModule file:///home/itolab-chotaro/.vscode/extensions/ms-toolsai.jupyter-2021.8.1013163132/out/client/extension
[2021-07-19 18:02:30.230] [exthost] [info] ExtensionService#_doActivateExtension vscode.debug-auto-launch {"startup":true,"extensionId":{"value":"vscode.debug-auto-launch","_lower":"vscode.debug-auto-launch"},"activationEvent":"*"}
[2021-07-19 18:02:30.230] [exthost] [info] ExtensionService#loadCommonJSModule file:///usr/share/code/resources/app/extensions/debug-auto-launch/dist/extension
[2021-07-19 18:02:30.231] [exthost] [info] ExtensionService#_doActivateExtension vscode.git {"startup":true,"extensionId":{"value":"vscode.github","_lower":"vscode.github"},"activationEvent":"*"}
[2021-07-19 18:02:30.231] [exthost] [info] ExtensionService#loadCommonJSModule file:///usr/share/code/resources/app/extensions/git/dist/main
[2021-07-19 18:02:30.246] [exthost] [info] ExtensionService#_doActivateExtension asvetliakov.vscode-neovim {"startup":true,"extensionId":{"value":"asvetliakov.vscode-neovim","_lower":"asvetliakov.vscode-neovim"},"activationEvent":"*"}
[2021-07-19 18:02:30.246] [exthost] [info] ExtensionService#loadCommonJSModule file:///home/itolab-chotaro/.vscode/extensions/asvetliakov.vscode-neovim-0.0.82/dist/extension.js
[2021-07-19 18:02:30.491] [exthost] [info] ExtensionService#_doActivateExtension ms-vscode.js-debug {"startup":false,"extensionId":{"value":"ms-vscode.js-debug","_lower":"ms-vscode.js-debug"},"activationEvent":"onCommand:extension.js-debug.clearAutoAttachVariables"}
[2021-07-19 18:02:30.491] [exthost] [info] ExtensionService#loadCommonJSModule file:///usr/share/code/resources/app/extensions/ms-vscode.js-debug/src/extension.js
[2021-07-19 18:02:30.566] [exthost] [info] ExtensionService#_doActivateExtension vscode.github {"startup":false,"extensionId":{"value":"vscode.github","_lower":"vscode.github"},"activationEvent":"*"}
[2021-07-19 18:02:30.566] [exthost] [info] ExtensionService#loadCommonJSModule file:///usr/share/code/resources/app/extensions/github/dist/extension.js
[2021-07-19 18:02:30.622] [exthost] [info] ExtensionService#_doActivateExtension vscode.github-authentication {"startup":false,"extensionId":{"value":"vscode.github-authentication","_lower":"vscode.github-authentication"},"activationEvent":"onAuthenticationRequest:github"}
[2021-07-19 18:02:30.622] [exthost] [info] ExtensionService#loadCommonJSModule file:///usr/share/code/resources/app/extensions/github-authentication/dist/extension.js
[2021-07-19 18:02:30.773] [exthost] [info] eager extensions activated
[2021-07-19 18:02:30.789] [exthost] [info] ExtensionService#_doActivateExtension ms-python.vscode-pylance {"startup":false,"extensionId":{"value":"ms-python.vscode-pylance","_lower":"ms-python.vscode-pylance"},"activationEvent":"onLanguage:python"}
[2021-07-19 18:02:30.789] [exthost] [info] ExtensionService#loadCommonJSModule file:///home/itolab-chotaro/.vscode/extensions/ms-python.vscode-pylance-2021.7.4/dist/extension.bundle.js
[2021-07-19 18:02:30.846] [exthost] [info] ExtensionService#_doActivateExtension vscode.emmet {"startup":false,"extensionId":{"value":"vscode.emmet","_lower":"vscode.emmet"},"activationEvent":"onStartupFinished"}
[2021-07-19 18:02:30.846] [exthost] [info] ExtensionService#loadCommonJSModule file:///usr/share/code/resources/app/extensions/emmet/dist/node/emmetNodeMain
[2021-07-19 18:02:30.850] [exthost] [info] ExtensionService#_doActivateExtension vscode.merge-conflict {"startup":false,"extensionId":{"value":"vscode.merge-conflict","_lower":"vscode.merge-conflict"},"activationEvent":"onStartupFinished"}
[2021-07-19 18:02:30.850] [exthost] [info] ExtensionService#loadCommonJSModule file:///usr/share/code/resources/app/extensions/merge-conflict/dist/mergeConflictMain
[2021-07-19 18:02:30.851] [exthost] [info] ExtensionService#_doActivateExtension vscode.testing-editor-contributions {"startup":false,"extensionId":{"value":"vscode.testing-editor-contributions","_lower":"vscode.testing-editor-contributions"},"activationEvent":"onStartupFinished"}
[2021-07-19 18:02:30.851] [exthost] [info] ExtensionService#loadCommonJSModule file:///usr/share/code/resources/app/extensions/testing-editor-contributions/dist/extension.js
[2021-07-19 18:02:32.173] [exthost] [error] [ms-python.python] provider FAILED
[2021-07-19 18:02:32.173] [exthost] [error] Canceled: Canceled
	at E.makeCancelError (/home/itolab-chotaro/.vscode/extensions/ms-python.python-2021.6.944021595/out/client/extension.js:9:184136)
	at E.handleFailedRequest (/home/itolab-chotaro/.vscode/extensions/ms-python.python-2021.6.944021595/out/client/extension.js:9:183987)
	at /home/itolab-chotaro/.vscode/extensions/ms-python.python-2021.6.944021595/out/client/extension.js:9:151848
[2021-07-19 18:07:00.303] [exthost] [info] ExtensionService#_doActivateExtension vscode.configuration-editing {"startup":false,"extensionId":{"value":"vscode.configuration-editing","_lower":"vscode.configuration-editing"},"activationEvent":"onLanguage:jsonc"}
[2021-07-19 18:07:00.303] [exthost] [info] ExtensionService#loadCommonJSModule file:///usr/share/code/resources/app/extensions/configuration-editing/dist/configurationEditingMain
[2021-07-19 18:07:00.305] [exthost] [info] ExtensionService#_doActivateExtension vscode.json-language-features {"startup":false,"extensionId":{"value":"vscode.json-language-features","_lower":"vscode.json-language-features"},"activationEvent":"onLanguage:jsonc"}
[2021-07-19 18:07:00.305] [exthost] [info] ExtensionService#loadCommonJSModule file:///usr/share/code/resources/app/extensions/json-language-features/client/dist/node/jsonClientMain
[2021-07-19 18:07:00.315] [exthost] [info] ExtensionService#_doActivateExtension vscode.typescript-language-features {"startup":false,"extensionId":{"value":"vscode.typescript-language-features","_lower":"vscode.typescript-language-features"},"activationEvent":"onLanguage:jsonc"}
[2021-07-19 18:07:00.315] [exthost] [info] ExtensionService#loadCommonJSModule file:///usr/share/code/resources/app/extensions/typescript-language-features/dist/extension
[2021-07-19 18:07:48.327] [exthost] [error] [ms-python.python] provider FAILED
[2021-07-19 18:07:48.327] [exthost] [error] Canceled: Canceled
	at E.makeCancelError (/home/itolab-chotaro/.vscode/extensions/ms-python.python-2021.6.944021595/out/client/extension.js:9:184136)
	at E.handleFailedRequest (/home/itolab-chotaro/.vscode/extensions/ms-python.python-2021.6.944021595/out/client/extension.js:9:183987)
	at /home/itolab-chotaro/.vscode/extensions/ms-python.python-2021.6.944021595/out/client/extension.js:9:144329
[2021-07-19 18:07:48.328] [exthost] [error] [ms-python.python] provider FAILED
[2021-07-19 18:07:48.328] [exthost] [error] Canceled: Canceled
	at E.makeCancelError (/home/itolab-chotaro/.vscode/extensions/ms-python.python-2021.6.944021595/out/client/extension.js:9:184136)
	at E.handleFailedRequest (/home/itolab-chotaro/.vscode/extensions/ms-python.python-2021.6.944021595/out/client/extension.js:9:183987)
	at /home/itolab-chotaro/.vscode/extensions/ms-python.python-2021.6.944021595/out/client/extension.js:9:151848
[2021-07-19 18:08:55.061] [exthost] [error] [ms-python.python] provider FAILED
[2021-07-19 18:08:55.062] [exthost] [error] Canceled: Canceled
	at E.makeCancelError (/home/itolab-chotaro/.vscode/extensions/ms-python.python-2021.6.944021595/out/client/extension.js:9:184136)
	at E.handleFailedRequest (/home/itolab-chotaro/.vscode/extensions/ms-python.python-2021.6.944021595/out/client/extension.js:9:183987)
	at /home/itolab-chotaro/.vscode/extensions/ms-python.python-2021.6.944021595/out/client/extension.js:9:147921
[2021-07-19 18:08:55.801] [exthost] [error] [ms-python.python] provider FAILED
[2021-07-19 18:08:55.801] [exthost] [error] Canceled: Canceled
	at E.makeCancelError (/home/itolab-chotaro/.vscode/extensions/ms-python.python-2021.6.944021595/out/client/extension.js:9:184136)
	at E.handleFailedRequest (/home/itolab-chotaro/.vscode/extensions/ms-python.python-2021.6.944021595/out/client/extension.js:9:183987)
	at /home/itolab-chotaro/.vscode/extensions/ms-python.python-2021.6.944021595/out/client/extension.js:9:147921
[2021-07-19 18:08:57.316] [exthost] [error] [ms-python.python] provider FAILED
[2021-07-19 18:08:57.316] [exthost] [error] Canceled: Canceled
	at E.makeCancelError (/home/itolab-chotaro/.vscode/extensions/ms-python.python-2021.6.944021595/out/client/extension.js:9:184136)
	at E.handleFailedRequest (/home/itolab-chotaro/.vscode/extensions/ms-python.python-2021.6.944021595/out/client/extension.js:9:183987)
	at /home/itolab-chotaro/.vscode/extensions/ms-python.python-2021.6.944021595/out/client/extension.js:9:147921
[2021-07-19 18:08:58.947] [exthost] [error] [ms-python.python] provider FAILED
[2021-07-19 18:08:58.947] [exthost] [error] Canceled: Canceled
	at E.makeCancelError (/home/itolab-chotaro/.vscode/extensions/ms-python.python-2021.6.944021595/out/client/extension.js:9:184136)
	at E.handleFailedRequest (/home/itolab-chotaro/.vscode/extensions/ms-python.python-2021.6.944021595/out/client/extension.js:9:183987)
	at /home/itolab-chotaro/.vscode/extensions/ms-python.python-2021.6.944021595/out/client/extension.js:9:147921
[2021-07-19 18:10:28.200] [exthost] [error] [ms-python.python] provider FAILED
[2021-07-19 18:10:28.201] [exthost] [error] Canceled: Canceled
	at E.makeCancelError (/home/itolab-chotaro/.vscode/extensions/ms-python.python-2021.6.944021595/out/client/extension.js:9:184136)
	at E.handleFailedRequest (/home/itolab-chotaro/.vscode/extensions/ms-python.python-2021.6.944021595/out/client/extension.js:9:183987)
	at /home/itolab-chotaro/.vscode/extensions/ms-python.python-2021.6.944021595/out/client/extension.js:9:147921
[2021-07-19 18:10:28.398] [exthost] [error] [ms-python.python] provider FAILED
[2021-07-19 18:10:28.398] [exthost] [error] Canceled: Canceled
	at E.makeCancelError (/home/itolab-chotaro/.vscode/extensions/ms-python.python-2021.6.944021595/out/client/extension.js:9:184136)
	at E.handleFailedRequest (/home/itolab-chotaro/.vscode/extensions/ms-python.python-2021.6.944021595/out/client/extension.js:9:183987)
	at /home/itolab-chotaro/.vscode/extensions/ms-python.python-2021.6.944021595/out/client/extension.js:9:147921
[2021-07-19 18:10:29.176] [exthost] [error] [ms-python.python] provider FAILED
[2021-07-19 18:10:29.176] [exthost] [error] Canceled: Canceled
	at E.makeCancelError (/home/itolab-chotaro/.vscode/extensions/ms-python.python-2021.6.944021595/out/client/extension.js:9:184136)
	at E.handleFailedRequest (/home/itolab-chotaro/.vscode/extensions/ms-python.python-2021.6.944021595/out/client/extension.js:9:183987)
	at /home/itolab-chotaro/.vscode/extensions/ms-python.python-2021.6.944021595/out/client/extension.js:9:147921
[2021-07-19 18:10:29.373] [exthost] [error] [ms-python.python] provider FAILED
[2021-07-19 18:10:29.373] [exthost] [error] Canceled: Canceled
	at E.makeCancelError (/home/itolab-chotaro/.vscode/extensions/ms-python.python-2021.6.944021595/out/client/extension.js:9:184136)
	at E.handleFailedRequest (/home/itolab-chotaro/.vscode/extensions/ms-python.python-2021.6.944021595/out/client/extension.js:9:183987)
	at /home/itolab-chotaro/.vscode/extensions/ms-python.python-2021.6.944021595/out/client/extension.js:9:147921
[2021-07-19 18:10:29.538] [exthost] [error] [ms-python.python] provider FAILED
[2021-07-19 18:10:29.538] [exthost] [error] Canceled: Canceled
	at E.makeCancelError (/home/itolab-chotaro/.vscode/extensions/ms-python.python-2021.6.944021595/out/client/extension.js:9:184136)
	at E.handleFailedRequest (/home/itolab-chotaro/.vscode/extensions/ms-python.python-2021.6.944021595/out/client/extension.js:9:183987)
	at /home/itolab-chotaro/.vscode/extensions/ms-python.python-2021.6.944021595/out/client/extension.js:9:147921
[2021-07-19 18:10:33.286] [exthost] [error] [ms-python.python] provider FAILED
[2021-07-19 18:10:33.286] [exthost] [error] Canceled: Canceled
	at E.makeCancelError (/home/itolab-chotaro/.vscode/extensions/ms-python.python-2021.6.944021595/out/client/extension.js:9:184136)
	at E.handleFailedRequest (/home/itolab-chotaro/.vscode/extensions/ms-python.python-2021.6.944021595/out/client/extension.js:9:183987)
	at /home/itolab-chotaro/.vscode/extensions/ms-python.python-2021.6.944021595/out/client/extension.js:9:147921
[2021-07-19 18:10:35.929] [exthost] [error] [ms-python.python] provider FAILED
[2021-07-19 18:10:35.929] [exthost] [error] Canceled: Canceled
	at E.makeCancelError (/home/itolab-chotaro/.vscode/extensions/ms-python.python-2021.6.944021595/out/client/extension.js:9:184136)
	at E.handleFailedRequest (/home/itolab-chotaro/.vscode/extensions/ms-python.python-2021.6.944021595/out/client/extension.js:9:183987)
	at /home/itolab-chotaro/.vscode/extensions/ms-python.python-2021.6.944021595/out/client/extension.js:9:147921
[2021-07-19 18:10:36.355] [exthost] [error] [ms-python.python] provider FAILED
[2021-07-19 18:10:36.355] [exthost] [error] Canceled: Canceled
	at E.makeCancelError (/home/itolab-chotaro/.vscode/extensions/ms-python.python-2021.6.944021595/out/client/extension.js:9:184136)
	at E.handleFailedRequest (/home/itolab-chotaro/.vscode/extensions/ms-python.python-2021.6.944021595/out/client/extension.js:9:183987)
	at /home/itolab-chotaro/.vscode/extensions/ms-python.python-2021.6.944021595/out/client/extension.js:9:147921
[2021-07-19 18:10:37.188] [exthost] [error] [ms-python.python] provider FAILED
[2021-07-19 18:10:37.188] [exthost] [error] Canceled: Canceled
	at E.makeCancelError (/home/itolab-chotaro/.vscode/extensions/ms-python.python-2021.6.944021595/out/client/extension.js:9:184136)
	at E.handleFailedRequest (/home/itolab-chotaro/.vscode/extensions/ms-python.python-2021.6.944021595/out/client/extension.js:9:183987)
	at /home/itolab-chotaro/.vscode/extensions/ms-python.python-2021.6.944021595/out/client/extension.js:9:147921
[2021-07-19 18:11:16.136] [exthost] [error] [ms-python.python] provider FAILED
[2021-07-19 18:11:16.137] [exthost] [error] Canceled: Canceled
	at E.makeCancelError (/home/itolab-chotaro/.vscode/extensions/ms-python.python-2021.6.944021595/out/client/extension.js:9:184136)
	at E.handleFailedRequest (/home/itolab-chotaro/.vscode/extensions/ms-python.python-2021.6.944021595/out/client/extension.js:9:183987)
	at /home/itolab-chotaro/.vscode/extensions/ms-python.python-2021.6.944021595/out/client/extension.js:9:147921
[2021-07-19 18:11:31.489] [exthost] [error] [ms-python.python] provider FAILED
[2021-07-19 18:11:31.489] [exthost] [error] Canceled: Canceled
	at E.makeCancelError (/home/itolab-chotaro/.vscode/extensions/ms-python.python-2021.6.944021595/out/client/extension.js:9:184136)
	at E.handleFailedRequest (/home/itolab-chotaro/.vscode/extensions/ms-python.python-2021.6.944021595/out/client/extension.js:9:183987)
	at /home/itolab-chotaro/.vscode/extensions/ms-python.python-2021.6.944021595/out/client/extension.js:9:147921
[2021-07-19 18:11:31.771] [exthost] [error] [ms-python.python] provider FAILED
[2021-07-19 18:11:31.771] [exthost] [error] Canceled: Canceled
	at E.makeCancelError (/home/itolab-chotaro/.vscode/extensions/ms-python.python-2021.6.944021595/out/client/extension.js:9:184136)
	at E.handleFailedRequest (/home/itolab-chotaro/.vscode/extensions/ms-python.python-2021.6.944021595/out/client/extension.js:9:183987)
	at /home/itolab-chotaro/.vscode/extensions/ms-python.python-2021.6.944021595/out/client/extension.js:9:147921
[2021-07-19 18:11:35.753] [exthost] [error] [ms-python.python] provider FAILED
[2021-07-19 18:11:35.753] [exthost] [error] Canceled: Canceled
	at E.makeCancelError (/home/itolab-chotaro/.vscode/extensions/ms-python.python-2021.6.944021595/out/client/extension.js:9:184136)
	at E.handleFailedRequest (/home/itolab-chotaro/.vscode/extensions/ms-python.python-2021.6.944021595/out/client/extension.js:9:183987)
	at /home/itolab-chotaro/.vscode/extensions/ms-python.python-2021.6.944021595/out/client/extension.js:9:147921
[2021-07-19 18:11:35.996] [exthost] [error] [ms-python.python] provider FAILED
[2021-07-19 18:11:35.997] [exthost] [error] Canceled: Canceled
	at E.makeCancelError (/home/itolab-chotaro/.vscode/extensions/ms-python.python-2021.6.944021595/out/client/extension.js:9:184136)
	at E.handleFailedRequest (/home/itolab-chotaro/.vscode/extensions/ms-python.python-2021.6.944021595/out/client/extension.js:9:183987)
	at /home/itolab-chotaro/.vscode/extensions/ms-python.python-2021.6.944021595/out/client/extension.js:9:147921
[2021-07-19 18:14:38.225] [exthost] [error] [ms-python.python] provider FAILED
[2021-07-19 18:14:38.225] [exthost] [error] Canceled: Canceled
	at E.makeCancelError (/home/itolab-chotaro/.vscode/extensions/ms-python.python-2021.6.944021595/out/client/extension.js:9:184136)
	at E.handleFailedRequest (/home/itolab-chotaro/.vscode/extensions/ms-python.python-2021.6.944021595/out/client/extension.js:9:183987)
	at /home/itolab-chotaro/.vscode/extensions/ms-python.python-2021.6.944021595/out/client/extension.js:9:147921
[2021-07-19 18:14:38.393] [exthost] [error] [ms-python.python] provider FAILED
[2021-07-19 18:14:38.394] [exthost] [error] Canceled: Canceled
	at E.makeCancelError (/home/itolab-chotaro/.vscode/extensions/ms-python.python-2021.6.944021595/out/client/extension.js:9:184136)
	at E.handleFailedRequest (/home/itolab-chotaro/.vscode/extensions/ms-python.python-2021.6.944021595/out/client/extension.js:9:183987)
	at /home/itolab-chotaro/.vscode/extensions/ms-python.python-2021.6.944021595/out/client/extension.js:9:147921
[2021-07-19 18:14:38.580] [exthost] [error] [ms-python.python] provider FAILED
[2021-07-19 18:14:38.580] [exthost] [error] Canceled: Canceled
	at E.makeCancelError (/home/itolab-chotaro/.vscode/extensions/ms-python.python-2021.6.944021595/out/client/extension.js:9:184136)
	at E.handleFailedRequest (/home/itolab-chotaro/.vscode/extensions/ms-python.python-2021.6.944021595/out/client/extension.js:9:183987)
	at /home/itolab-chotaro/.vscode/extensions/ms-python.python-2021.6.944021595/out/client/extension.js:9:147921
[2021-07-19 18:14:38.747] [exthost] [error] [ms-python.python] provider FAILED
[2021-07-19 18:14:38.748] [exthost] [error] Canceled: Canceled
	at E.makeCancelError (/home/itolab-chotaro/.vscode/extensions/ms-python.python-2021.6.944021595/out/client/extension.js:9:184136)
	at E.handleFailedRequest (/home/itolab-chotaro/.vscode/extensions/ms-python.python-2021.6.944021595/out/client/extension.js:9:183987)
	at /home/itolab-chotaro/.vscode/extensions/ms-python.python-2021.6.944021595/out/client/extension.js:9:147921
[2021-07-19 18:14:39.294] [exthost] [error] [ms-python.python] provider FAILED
[2021-07-19 18:14:39.294] [exthost] [error] Canceled: Canceled
	at E.makeCancelError (/home/itolab-chotaro/.vscode/extensions/ms-python.python-2021.6.944021595/out/client/extension.js:9:184136)
	at E.handleFailedRequest (/home/itolab-chotaro/.vscode/extensions/ms-python.python-2021.6.944021595/out/client/extension.js:9:183987)
	at /home/itolab-chotaro/.vscode/extensions/ms-python.python-2021.6.944021595/out/client/extension.js:9:147921
[2021-07-19 18:14:43.461] [exthost] [error] [ms-python.python] provider FAILED
[2021-07-19 18:14:43.461] [exthost] [error] Canceled: Canceled
	at E.makeCancelError (/home/itolab-chotaro/.vscode/extensions/ms-python.python-2021.6.944021595/out/client/extension.js:9:184136)
	at E.handleFailedRequest (/home/itolab-chotaro/.vscode/extensions/ms-python.python-2021.6.944021595/out/client/extension.js:9:183987)
	at /home/itolab-chotaro/.vscode/extensions/ms-python.python-2021.6.944021595/out/client/extension.js:9:147921
[2021-07-19 18:14:43.554] [exthost] [error] [ms-python.python] provider FAILED
[2021-07-19 18:14:43.554] [exthost] [error] Canceled: Canceled
	at E.makeCancelError (/home/itolab-chotaro/.vscode/extensions/ms-python.python-2021.6.944021595/out/client/extension.js:9:184136)
	at E.handleFailedRequest (/home/itolab-chotaro/.vscode/extensions/ms-python.python-2021.6.944021595/out/client/extension.js:9:183987)
	at /home/itolab-chotaro/.vscode/extensions/ms-python.python-2021.6.944021595/out/client/extension.js:9:147921
[2021-07-19 18:14:44.043] [exthost] [error] [ms-python.python] provider FAILED
[2021-07-19 18:14:44.043] [exthost] [error] Canceled: Canceled
	at E.makeCancelError (/home/itolab-chotaro/.vscode/extensions/ms-python.python-2021.6.944021595/out/client/extension.js:9:184136)
	at E.handleFailedRequest (/home/itolab-chotaro/.vscode/extensions/ms-python.python-2021.6.944021595/out/client/extension.js:9:183987)
	at /home/itolab-chotaro/.vscode/extensions/ms-python.python-2021.6.944021595/out/client/extension.js:9:147921
[2021-07-19 18:15:41.360] [exthost] [error] [ms-python.python] provider FAILED
[2021-07-19 18:15:41.360] [exthost] [error] Canceled: Canceled
	at E.makeCancelError (/home/itolab-chotaro/.vscode/extensions/ms-python.python-2021.6.944021595/out/client/extension.js:9:184136)
	at E.handleFailedRequest (/home/itolab-chotaro/.vscode/extensions/ms-python.python-2021.6.944021595/out/client/extension.js:9:183987)
	at /home/itolab-chotaro/.vscode/extensions/ms-python.python-2021.6.944021595/out/client/extension.js:9:147921
[2021-07-19 18:15:42.133] [exthost] [error] [ms-python.python] provider FAILED
[2021-07-19 18:15:42.133] [exthost] [error] Canceled: Canceled
	at E.makeCancelError (/home/itolab-chotaro/.vscode/extensions/ms-python.python-2021.6.944021595/out/client/extension.js:9:184136)
	at E.handleFailedRequest (/home/itolab-chotaro/.vscode/extensions/ms-python.python-2021.6.944021595/out/client/extension.js:9:183987)
	at /home/itolab-chotaro/.vscode/extensions/ms-python.python-2021.6.944021595/out/client/extension.js:9:147921
[2021-07-19 18:15:43.285] [exthost] [error] [ms-python.python] provider FAILED
[2021-07-19 18:15:43.285] [exthost] [error] Canceled: Canceled
	at E.makeCancelError (/home/itolab-chotaro/.vscode/extensions/ms-python.python-2021.6.944021595/out/client/extension.js:9:184136)
	at E.handleFailedRequest (/home/itolab-chotaro/.vscode/extensions/ms-python.python-2021.6.944021595/out/client/extension.js:9:183987)
	at /home/itolab-chotaro/.vscode/extensions/ms-python.python-2021.6.944021595/out/client/extension.js:9:147921
[2021-07-19 18:15:43.782] [exthost] [error] [ms-python.python] provider FAILED
[2021-07-19 18:15:43.782] [exthost] [error] Canceled: Canceled
	at E.makeCancelError (/home/itolab-chotaro/.vscode/extensions/ms-python.python-2021.6.944021595/out/client/extension.js:9:184136)
	at E.handleFailedRequest (/home/itolab-chotaro/.vscode/extensions/ms-python.python-2021.6.944021595/out/client/extension.js:9:183987)
	at /home/itolab-chotaro/.vscode/extensions/ms-python.python-2021.6.944021595/out/client/extension.js:9:147921
[2021-07-19 18:16:14.692] [exthost] [error] [ms-python.python] provider FAILED
[2021-07-19 18:16:14.692] [exthost] [error] Canceled: Canceled
	at E.makeCancelError (/home/itolab-chotaro/.vscode/extensions/ms-python.python-2021.6.944021595/out/client/extension.js:9:184136)
	at E.handleFailedRequest (/home/itolab-chotaro/.vscode/extensions/ms-python.python-2021.6.944021595/out/client/extension.js:9:183987)
	at /home/itolab-chotaro/.vscode/extensions/ms-python.python-2021.6.944021595/out/client/extension.js:9:147921
[2021-07-19 18:16:15.139] [exthost] [error] [ms-python.python] provider FAILED
[2021-07-19 18:16:15.139] [exthost] [error] Canceled: Canceled
	at E.makeCancelError (/home/itolab-chotaro/.vscode/extensions/ms-python.python-2021.6.944021595/out/client/extension.js:9:184136)
	at E.handleFailedRequest (/home/itolab-chotaro/.vscode/extensions/ms-python.python-2021.6.944021595/out/client/extension.js:9:183987)
	at /home/itolab-chotaro/.vscode/extensions/ms-python.python-2021.6.944021595/out/client/extension.js:9:147921
[2021-07-19 18:17:01.127] [exthost] [error] [ms-python.python] provider FAILED
[2021-07-19 18:17:01.128] [exthost] [error] Canceled: Canceled
	at E.makeCancelError (/home/itolab-chotaro/.vscode/extensions/ms-python.python-2021.6.944021595/out/client/extension.js:9:184136)
	at E.handleFailedRequest (/home/itolab-chotaro/.vscode/extensions/ms-python.python-2021.6.944021595/out/client/extension.js:9:183987)
	at /home/itolab-chotaro/.vscode/extensions/ms-python.python-2021.6.944021595/out/client/extension.js:9:147921
[2021-07-19 18:17:01.541] [exthost] [error] [ms-python.python] provider FAILED
[2021-07-19 18:17:01.541] [exthost] [error] Canceled: Canceled
	at E.makeCancelError (/home/itolab-chotaro/.vscode/extensions/ms-python.python-2021.6.944021595/out/client/extension.js:9:184136)
	at E.handleFailedRequest (/home/itolab-chotaro/.vscode/extensions/ms-python.python-2021.6.944021595/out/client/extension.js:9:183987)
	at /home/itolab-chotaro/.vscode/extensions/ms-python.python-2021.6.944021595/out/client/extension.js:9:147921
[2021-07-19 18:17:03.310] [exthost] [error] [ms-python.python] provider FAILED
[2021-07-19 18:17:03.310] [exthost] [error] Canceled: Canceled
	at E.makeCancelError (/home/itolab-chotaro/.vscode/extensions/ms-python.python-2021.6.944021595/out/client/extension.js:9:184136)
	at E.handleFailedRequest (/home/itolab-chotaro/.vscode/extensions/ms-python.python-2021.6.944021595/out/client/extension.js:9:183987)
	at /home/itolab-chotaro/.vscode/extensions/ms-python.python-2021.6.944021595/out/client/extension.js:9:147921
[2021-07-19 18:17:03.491] [exthost] [error] [ms-python.python] provider FAILED
[2021-07-19 18:17:03.491] [exthost] [error] Canceled: Canceled
	at E.makeCancelError (/home/itolab-chotaro/.vscode/extensions/ms-python.python-2021.6.944021595/out/client/extension.js:9:184136)
	at E.handleFailedRequest (/home/itolab-chotaro/.vscode/extensions/ms-python.python-2021.6.944021595/out/client/extension.js:9:183987)
	at /home/itolab-chotaro/.vscode/extensions/ms-python.python-2021.6.944021595/out/client/extension.js:9:147921
[2021-07-19 18:17:03.661] [exthost] [error] [ms-python.python] provider FAILED
[2021-07-19 18:17:03.661] [exthost] [error] Canceled: Canceled
	at E.makeCancelError (/home/itolab-chotaro/.vscode/extensions/ms-python.python-2021.6.944021595/out/client/extension.js:9:184136)
	at E.handleFailedRequest (/home/itolab-chotaro/.vscode/extensions/ms-python.python-2021.6.944021595/out/client/extension.js:9:183987)
	at /home/itolab-chotaro/.vscode/extensions/ms-python.python-2021.6.944021595/out/client/extension.js:9:147921
[2021-07-19 18:17:03.842] [exthost] [error] [ms-python.python] provider FAILED
[2021-07-19 18:17:03.842] [exthost] [error] Canceled: Canceled
	at E.makeCancelError (/home/itolab-chotaro/.vscode/extensions/ms-python.python-2021.6.944021595/out/client/extension.js:9:184136)
	at E.handleFailedRequest (/home/itolab-chotaro/.vscode/extensions/ms-python.python-2021.6.944021595/out/client/extension.js:9:183987)
	at /home/itolab-chotaro/.vscode/extensions/ms-python.python-2021.6.944021595/out/client/extension.js:9:147921
[2021-07-19 18:17:16.460] [exthost] [error] [ms-python.python] provider FAILED
[2021-07-19 18:17:16.460] [exthost] [error] Canceled: Canceled
	at E.makeCancelError (/home/itolab-chotaro/.vscode/extensions/ms-python.python-2021.6.944021595/out/client/extension.js:9:184136)
	at E.handleFailedRequest (/home/itolab-chotaro/.vscode/extensions/ms-python.python-2021.6.944021595/out/client/extension.js:9:183987)
	at /home/itolab-chotaro/.vscode/extensions/ms-python.python-2021.6.944021595/out/client/extension.js:9:147921
[2021-07-19 18:17:16.594] [exthost] [error] [ms-python.python] provider FAILED
[2021-07-19 18:17:16.594] [exthost] [error] Canceled: Canceled
	at E.makeCancelError (/home/itolab-chotaro/.vscode/extensions/ms-python.python-2021.6.944021595/out/client/extension.js:9:184136)
	at E.handleFailedRequest (/home/itolab-chotaro/.vscode/extensions/ms-python.python-2021.6.944021595/out/client/extension.js:9:183987)
	at /home/itolab-chotaro/.vscode/extensions/ms-python.python-2021.6.944021595/out/client/extension.js:9:147921
[2021-07-19 18:17:35.814] [exthost] [error] [ms-python.python] provider FAILED
[2021-07-19 18:17:35.814] [exthost] [error] Canceled: Canceled
	at E.makeCancelError (/home/itolab-chotaro/.vscode/extensions/ms-python.python-2021.6.944021595/out/client/extension.js:9:184136)
	at E.handleFailedRequest (/home/itolab-chotaro/.vscode/extensions/ms-python.python-2021.6.944021595/out/client/extension.js:9:183987)
	at /home/itolab-chotaro/.vscode/extensions/ms-python.python-2021.6.944021595/out/client/extension.js:9:148975
[2021-07-19 18:17:39.799] [exthost] [error] [ms-python.python] provider FAILED
[2021-07-19 18:17:39.800] [exthost] [error] Canceled: Canceled
	at E.makeCancelError (/home/itolab-chotaro/.vscode/extensions/ms-python.python-2021.6.944021595/out/client/extension.js:9:184136)
	at E.handleFailedRequest (/home/itolab-chotaro/.vscode/extensions/ms-python.python-2021.6.944021595/out/client/extension.js:9:183987)
	at /home/itolab-chotaro/.vscode/extensions/ms-python.python-2021.6.944021595/out/client/extension.js:9:147921
[2021-07-19 18:17:40.062] [exthost] [error] [ms-python.python] provider FAILED
[2021-07-19 18:17:40.062] [exthost] [error] Canceled: Canceled
	at E.makeCancelError (/home/itolab-chotaro/.vscode/extensions/ms-python.python-2021.6.944021595/out/client/extension.js:9:184136)
	at E.handleFailedRequest (/home/itolab-chotaro/.vscode/extensions/ms-python.python-2021.6.944021595/out/client/extension.js:9:183987)
	at /home/itolab-chotaro/.vscode/extensions/ms-python.python-2021.6.944021595/out/client/extension.js:9:147921
[2021-07-19 18:17:40.240] [exthost] [error] [ms-python.python] provider FAILED
[2021-07-19 18:17:40.240] [exthost] [error] Canceled: Canceled
	at E.makeCancelError (/home/itolab-chotaro/.vscode/extensions/ms-python.python-2021.6.944021595/out/client/extension.js:9:184136)
	at E.handleFailedRequest (/home/itolab-chotaro/.vscode/extensions/ms-python.python-2021.6.944021595/out/client/extension.js:9:183987)
	at /home/itolab-chotaro/.vscode/extensions/ms-python.python-2021.6.944021595/out/client/extension.js:9:147921
[2021-07-19 18:17:40.418] [exthost] [error] [ms-python.python] provider FAILED
[2021-07-19 18:17:40.418] [exthost] [error] Canceled: Canceled
	at E.makeCancelError (/home/itolab-chotaro/.vscode/extensions/ms-python.python-2021.6.944021595/out/client/extension.js:9:184136)
	at E.handleFailedRequest (/home/itolab-chotaro/.vscode/extensions/ms-python.python-2021.6.944021595/out/client/extension.js:9:183987)
	at /home/itolab-chotaro/.vscode/extensions/ms-python.python-2021.6.944021595/out/client/extension.js:9:147921
[2021-07-19 18:17:40.601] [exthost] [error] [ms-python.python] provider FAILED
[2021-07-19 18:17:40.601] [exthost] [error] Canceled: Canceled
	at E.makeCancelError (/home/itolab-chotaro/.vscode/extensions/ms-python.python-2021.6.944021595/out/client/extension.js:9:184136)
	at E.handleFailedRequest (/home/itolab-chotaro/.vscode/extensions/ms-python.python-2021.6.944021595/out/client/extension.js:9:183987)
	at /home/itolab-chotaro/.vscode/extensions/ms-python.python-2021.6.944021595/out/client/extension.js:9:147921
[2021-07-19 18:26:54.987] [exthost] [info] ExtensionService#_doActivateExtension vscode.extension-editing {"startup":false,"extensionId":{"value":"vscode.extension-editing","_lower":"vscode.extension-editing"},"activationEvent":"onLanguage:json"}
[2021-07-19 18:26:54.987] [exthost] [info] ExtensionService#loadCommonJSModule file:///usr/share/code/resources/app/extensions/extension-editing/dist/extensionEditingMain
[2021-07-19 18:26:54.994] [exthost] [info] ExtensionService#_doActivateExtension vscode.npm {"startup":false,"extensionId":{"value":"vscode.npm","_lower":"vscode.npm"},"activationEvent":"onLanguage:json"}
[2021-07-19 18:26:54.994] [exthost] [info] ExtensionService#loadCommonJSModule file:///usr/share/code/resources/app/extensions/npm/dist/npmMain
[2021-07-19 18:27:13.688] [exthost] [info] ExtensionService#_doActivateExtension vscodevim.vim {"startup":false,"extensionId":{"value":"vscodevim.vim","_lower":"vscodevim.vim"},"activationEvent":"*"}
[2021-07-19 18:27:13.688] [exthost] [info] ExtensionService#loadCommonJSModule file:///home/itolab-chotaro/.vscode/extensions/vscodevim.vim-1.21.5/out/extension
[2021-07-19 18:34:52.031] [exthost] [error] [ms-python.python] provider FAILED
[2021-07-19 18:34:52.031] [exthost] [error] Canceled: Canceled
    at E.makeCancelError (/home/itolab-chotaro/.vscode/extensions/ms-python.python-2021.6.944021595/out/client/extension.js:9:184136)
    at E.handleFailedRequest (/home/itolab-chotaro/.vscode/extensions/ms-python.python-2021.6.944021595/out/client/extension.js:9:183987)
    at /home/itolab-chotaro/.vscode/extensions/ms-python.python-2021.6.944021595/out/client/extension.js:9:143537
    at M.resolveCompletionItem (/usr/share/code/resources/app/out/vs/workbench/services/extensions/node/extensionHostProcess.js:84:184223)
[2021-07-19 18:34:52.158] [exthost] [error] [ms-python.python] provider FAILED
[2021-07-19 18:34:52.158] [exthost] [error] Canceled: Canceled
    at E.makeCancelError (/home/itolab-chotaro/.vscode/extensions/ms-python.python-2021.6.944021595/out/client/extension.js:9:184136)
    at E.handleFailedRequest (/home/itolab-chotaro/.vscode/extensions/ms-python.python-2021.6.944021595/out/client/extension.js:9:183987)
    at /home/itolab-chotaro/.vscode/extensions/ms-python.python-2021.6.944021595/out/client/extension.js:9:143537
    at M.resolveCompletionItem (/usr/share/code/resources/app/out/vs/workbench/services/extensions/node/extensionHostProcess.js:84:184223)
[2021-07-19 18:35:06.890] [exthost] [error] [ms-python.python] provider FAILED
[2021-07-19 18:35:06.890] [exthost] [error] Canceled: Canceled
    at E.makeCancelError (/home/itolab-chotaro/.vscode/extensions/ms-python.python-2021.6.944021595/out/client/extension.js:9:184136)
    at E.handleFailedRequest (/home/itolab-chotaro/.vscode/extensions/ms-python.python-2021.6.944021595/out/client/extension.js:9:183987)
    at /home/itolab-chotaro/.vscode/extensions/ms-python.python-2021.6.944021595/out/client/extension.js:9:143537
    at M.resolveCompletionItem (/usr/share/code/resources/app/out/vs/workbench/services/extensions/node/extensionHostProcess.js:84:184223)
[2021-07-19 18:35:07.165] [exthost] [error] [ms-python.python] provider FAILED
[2021-07-19 18:35:07.166] [exthost] [error] Canceled: Canceled
    at E.makeCancelError (/home/itolab-chotaro/.vscode/extensions/ms-python.python-2021.6.944021595/out/client/extension.js:9:184136)
    at E.handleFailedRequest (/home/itolab-chotaro/.vscode/extensions/ms-python.python-2021.6.944021595/out/client/extension.js:9:183987)
    at /home/itolab-chotaro/.vscode/extensions/ms-python.python-2021.6.944021595/out/client/extension.js:9:143537
    at M.resolveCompletionItem (/usr/share/code/resources/app/out/vs/workbench/services/extensions/node/extensionHostProcess.js:84:184223)
[2021-07-19 18:35:07.771] [exthost] [error] [ms-python.python] provider FAILED
[2021-07-19 18:35:07.772] [exthost] [error] Canceled: Canceled
    at E.makeCancelError (/home/itolab-chotaro/.vscode/extensions/ms-python.python-2021.6.944021595/out/client/extension.js:9:184136)
    at E.handleFailedRequest (/home/itolab-chotaro/.vscode/extensions/ms-python.python-2021.6.944021595/out/client/extension.js:9:183987)
    at /home/itolab-chotaro/.vscode/extensions/ms-python.python-2021.6.944021595/out/client/extension.js:9:143537
    at M.resolveCompletionItem (/usr/share/code/resources/app/out/vs/workbench/services/extensions/node/extensionHostProcess.js:84:184223)
[2021-07-19 18:35:13.774] [exthost] [error] [ms-python.python] provider FAILED
[2021-07-19 18:35:13.775] [exthost] [error] Canceled: Canceled
    at E.makeCancelError (/home/itolab-chotaro/.vscode/extensions/ms-python.python-2021.6.944021595/out/client/extension.js:9:184136)
    at E.handleFailedRequest (/home/itolab-chotaro/.vscode/extensions/ms-python.python-2021.6.944021595/out/client/extension.js:9:183987)
    at /home/itolab-chotaro/.vscode/extensions/ms-python.python-2021.6.944021595/out/client/extension.js:9:143537
    at M.resolveCompletionItem (/usr/share/code/resources/app/out/vs/workbench/services/extensions/node/extensionHostProcess.js:84:184223)
[2021-07-19 18:35:27.964] [exthost] [error] [ms-python.python] provider FAILED
[2021-07-19 18:35:27.964] [exthost] [error] Canceled: Canceled
    at E.makeCancelError (/home/itolab-chotaro/.vscode/extensions/ms-python.python-2021.6.944021595/out/client/extension.js:9:184136)
    at E.handleFailedRequest (/home/itolab-chotaro/.vscode/extensions/ms-python.python-2021.6.944021595/out/client/extension.js:9:183987)
    at /home/itolab-chotaro/.vscode/extensions/ms-python.python-2021.6.944021595/out/client/extension.js:9:143537
    at M.resolveCompletionItem (/usr/share/code/resources/app/out/vs/workbench/services/extensions/node/extensionHostProcess.js:84:184223)
[2021-07-19 18:35:42.544] [exthost] [error] [ms-python.python] provider FAILED
[2021-07-19 18:35:42.544] [exthost] [error] Canceled: Canceled
    at E.makeCancelError (/home/itolab-chotaro/.vscode/extensions/ms-python.python-2021.6.944021595/out/client/extension.js:9:184136)
    at E.handleFailedRequest (/home/itolab-chotaro/.vscode/extensions/ms-python.python-2021.6.944021595/out/client/extension.js:9:183987)
    at /home/itolab-chotaro/.vscode/extensions/ms-python.python-2021.6.944021595/out/client/extension.js:9:143537
    at M.resolveCompletionItem (/usr/share/code/resources/app/out/vs/workbench/services/extensions/node/extensionHostProcess.js:84:184223)
[2021-07-19 18:35:42.867] [exthost] [error] [ms-python.python] provider FAILED
[2021-07-19 18:35:42.867] [exthost] [error] Canceled: Canceled
    at E.makeCancelError (/home/itolab-chotaro/.vscode/extensions/ms-python.python-2021.6.944021595/out/client/extension.js:9:184136)
    at E.handleFailedRequest (/home/itolab-chotaro/.vscode/extensions/ms-python.python-2021.6.944021595/out/client/extension.js:9:183987)
    at /home/itolab-chotaro/.vscode/extensions/ms-python.python-2021.6.944021595/out/client/extension.js:9:143537
    at M.resolveCompletionItem (/usr/share/code/resources/app/out/vs/workbench/services/extensions/node/extensionHostProcess.js:84:184223)
[2021-07-19 18:35:55.633] [exthost] [error] [ms-python.python] provider FAILED
[2021-07-19 18:35:55.633] [exthost] [error] Canceled: Canceled
    at E.makeCancelError (/home/itolab-chotaro/.vscode/extensions/ms-python.python-2021.6.944021595/out/client/extension.js:9:184136)
    at E.handleFailedRequest (/home/itolab-chotaro/.vscode/extensions/ms-python.python-2021.6.944021595/out/client/extension.js:9:183987)
    at /home/itolab-chotaro/.vscode/extensions/ms-python.python-2021.6.944021595/out/client/extension.js:9:143537
    at M.resolveCompletionItem (/usr/share/code/resources/app/out/vs/workbench/services/extensions/node/extensionHostProcess.js:84:184223)
[2021-07-19 18:35:56.956] [exthost] [error] [ms-python.python] provider FAILED
[2021-07-19 18:35:56.957] [exthost] [error] Canceled: Canceled
    at E.makeCancelError (/home/itolab-chotaro/.vscode/extensions/ms-python.python-2021.6.944021595/out/client/extension.js:9:184136)
    at E.handleFailedRequest (/home/itolab-chotaro/.vscode/extensions/ms-python.python-2021.6.944021595/out/client/extension.js:9:183987)
    at /home/itolab-chotaro/.vscode/extensions/ms-python.python-2021.6.944021595/out/client/extension.js:9:143537
    at M.resolveCompletionItem (/usr/share/code/resources/app/out/vs/workbench/services/extensions/node/extensionHostProcess.js:84:184223)
[2021-07-19 18:36:48.580] [exthost] [error] [ms-python.python] provider FAILED
[2021-07-19 18:36:48.581] [exthost] [error] Canceled: Canceled
    at E.makeCancelError (/home/itolab-chotaro/.vscode/extensions/ms-python.python-2021.6.944021595/out/client/extension.js:9:184136)
    at E.handleFailedRequest (/home/itolab-chotaro/.vscode/extensions/ms-python.python-2021.6.944021595/out/client/extension.js:9:183987)
    at /home/itolab-chotaro/.vscode/extensions/ms-python.python-2021.6.944021595/out/client/extension.js:9:147921
[2021-07-19 18:37:17.329] [exthost] [error] [ms-python.python] provider FAILED
[2021-07-19 18:37:17.329] [exthost] [error] Canceled: Canceled
    at E.makeCancelError (/home/itolab-chotaro/.vscode/extensions/ms-python.python-2021.6.944021595/out/client/extension.js:9:184136)
    at E.handleFailedRequest (/home/itolab-chotaro/.vscode/extensions/ms-python.python-2021.6.944021595/out/client/extension.js:9:183987)
    at /home/itolab-chotaro/.vscode/extensions/ms-python.python-2021.6.944021595/out/client/extension.js:9:148975
[2021-07-19 18:37:26.146] [exthost] [error] [ms-python.python] provider FAILED
[2021-07-19 18:37:26.146] [exthost] [error] Canceled: Canceled
    at E.makeCancelError (/home/itolab-chotaro/.vscode/extensions/ms-python.python-2021.6.944021595/out/client/extension.js:9:184136)
    at E.handleFailedRequest (/home/itolab-chotaro/.vscode/extensions/ms-python.python-2021.6.944021595/out/client/extension.js:9:183987)
    at /home/itolab-chotaro/.vscode/extensions/ms-python.python-2021.6.944021595/out/client/extension.js:9:148975
[2021-07-19 18:37:27.008] [exthost] [error] [ms-python.python] provider FAILED
[2021-07-19 18:37:27.008] [exthost] [error] Canceled: Canceled
    at E.makeCancelError (/home/itolab-chotaro/.vscode/extensions/ms-python.python-2021.6.944021595/out/client/extension.js:9:184136)
    at E.handleFailedRequest (/home/itolab-chotaro/.vscode/extensions/ms-python.python-2021.6.944021595/out/client/extension.js:9:183987)
    at /home/itolab-chotaro/.vscode/extensions/ms-python.python-2021.6.944021595/out/client/extension.js:9:148975
[2021-07-19 18:38:08.803] [exthost] [error] [ms-python.python] provider FAILED
[2021-07-19 18:38:08.803] [exthost] [error] Canceled: Canceled
    at E.makeCancelError (/home/itolab-chotaro/.vscode/extensions/ms-python.python-2021.6.944021595/out/client/extension.js:9:184136)
    at E.handleFailedRequest (/home/itolab-chotaro/.vscode/extensions/ms-python.python-2021.6.944021595/out/client/extension.js:9:183987)
    at /home/itolab-chotaro/.vscode/extensions/ms-python.python-2021.6.944021595/out/client/extension.js:9:147921
[2021-07-19 18:41:40.776] [exthost] [error] [ms-python.python] provider FAILED
[2021-07-19 18:41:40.776] [exthost] [error] Canceled: Canceled
    at E.makeCancelError (/home/itolab-chotaro/.vscode/extensions/ms-python.python-2021.6.944021595/out/client/extension.js:9:184136)
    at E.handleFailedRequest (/home/itolab-chotaro/.vscode/extensions/ms-python.python-2021.6.944021595/out/client/extension.js:9:183987)
    at /home/itolab-chotaro/.vscode/extensions/ms-python.python-2021.6.944021595/out/client/extension.js:9:151848
[2021-07-19 18:41:46.373] [exthost] [error] [ms-python.python] provider FAILED
[2021-07-19 18:41:46.374] [exthost] [error] Canceled: Canceled
    at E.makeCancelError (/home/itolab-chotaro/.vscode/extensions/ms-python.python-2021.6.944021595/out/client/extension.js:9:184136)
    at E.handleFailedRequest (/home/itolab-chotaro/.vscode/extensions/ms-python.python-2021.6.944021595/out/client/extension.js:9:183987)
    at /home/itolab-chotaro/.vscode/extensions/ms-python.python-2021.6.944021595/out/client/extension.js:9:151848
[2021-07-19 18:55:08.398] [exthost] [error] [ms-python.python] provider FAILED
[2021-07-19 18:55:08.399] [exthost] [error] Canceled: Canceled
    at E.makeCancelError (/home/itolab-chotaro/.vscode/extensions/ms-python.python-2021.6.944021595/out/client/extension.js:9:184136)
    at E.handleFailedRequest (/home/itolab-chotaro/.vscode/extensions/ms-python.python-2021.6.944021595/out/client/extension.js:9:183987)
    at /home/itolab-chotaro/.vscode/extensions/ms-python.python-2021.6.944021595/out/client/extension.js:9:147921
[2021-07-19 18:56:40.635] [exthost] [error] [ms-python.python] provider FAILED
[2021-07-19 18:56:40.635] [exthost] [error] Canceled: Canceled
    at E.makeCancelError (/home/itolab-chotaro/.vscode/extensions/ms-python.python-2021.6.944021595/out/client/extension.js:9:184136)
    at E.handleFailedRequest (/home/itolab-chotaro/.vscode/extensions/ms-python.python-2021.6.944021595/out/client/extension.js:9:183987)
    at /home/itolab-chotaro/.vscode/extensions/ms-python.python-2021.6.944021595/out/client/extension.js:9:147921
[2021-07-19 18:56:54.046] [exthost] [error] [ms-python.python] provider FAILED
[2021-07-19 18:56:54.046] [exthost] [error] Canceled: Canceled
    at E.makeCancelError (/home/itolab-chotaro/.vscode/extensions/ms-python.python-2021.6.944021595/out/client/extension.js:9:184136)
    at E.handleFailedRequest (/home/itolab-chotaro/.vscode/extensions/ms-python.python-2021.6.944021595/out/client/extension.js:9:183987)
    at /home/itolab-chotaro/.vscode/extensions/ms-python.python-2021.6.944021595/out/client/extension.js:9:143537
    at M.resolveCompletionItem (/usr/share/code/resources/app/out/vs/workbench/services/extensions/node/extensionHostProcess.js:84:184223)
[2021-07-19 18:56:57.086] [exthost] [error] [ms-python.python] provider FAILED
[2021-07-19 18:56:57.086] [exthost] [error] Canceled: Canceled
    at E.makeCancelError (/home/itolab-chotaro/.vscode/extensions/ms-python.python-2021.6.944021595/out/client/extension.js:9:184136)
    at E.handleFailedRequest (/home/itolab-chotaro/.vscode/extensions/ms-python.python-2021.6.944021595/out/client/extension.js:9:183987)
    at /home/itolab-chotaro/.vscode/extensions/ms-python.python-2021.6.944021595/out/client/extension.js:9:143537
    at M.resolveCompletionItem (/usr/share/code/resources/app/out/vs/workbench/services/extensions/node/extensionHostProcess.js:84:184223)
[2021-07-19 18:58:14.498] [exthost] [error] [ms-python.python] provider FAILED
[2021-07-19 18:58:14.498] [exthost] [error] Canceled: Canceled
    at E.makeCancelError (/home/itolab-chotaro/.vscode/extensions/ms-python.python-2021.6.944021595/out/client/extension.js:9:184136)
    at E.handleFailedRequest (/home/itolab-chotaro/.vscode/extensions/ms-python.python-2021.6.944021595/out/client/extension.js:9:183987)
    at /home/itolab-chotaro/.vscode/extensions/ms-python.python-2021.6.944021595/out/client/extension.js:9:143537
    at M.resolveCompletionItem (/usr/share/code/resources/app/out/vs/workbench/services/extensions/node/extensionHostProcess.js:84:184223)
[2021-07-19 18:58:49.781] [exthost] [error] [ms-python.python] provider FAILED
[2021-07-19 18:58:49.781] [exthost] [error] Canceled: Canceled
    at E.makeCancelError (/home/itolab-chotaro/.vscode/extensions/ms-python.python-2021.6.944021595/out/client/extension.js:9:184136)
    at E.handleFailedRequest (/home/itolab-chotaro/.vscode/extensions/ms-python.python-2021.6.944021595/out/client/extension.js:9:183987)
    at /home/itolab-chotaro/.vscode/extensions/ms-python.python-2021.6.944021595/out/client/extension.js:9:143537
    at M.resolveCompletionItem (/usr/share/code/resources/app/out/vs/workbench/services/extensions/node/extensionHostProcess.js:84:184223)
[2021-07-19 18:59:01.107] [exthost] [error] [ms-python.python] provider FAILED
[2021-07-19 18:59:01.107] [exthost] [error] Canceled: Canceled
    at E.makeCancelError (/home/itolab-chotaro/.vscode/extensions/ms-python.python-2021.6.944021595/out/client/extension.js:9:184136)
    at E.handleFailedRequest (/home/itolab-chotaro/.vscode/extensions/ms-python.python-2021.6.944021595/out/client/extension.js:9:183987)
    at /home/itolab-chotaro/.vscode/extensions/ms-python.python-2021.6.944021595/out/client/extension.js:9:143537
    at M.resolveCompletionItem (/usr/share/code/resources/app/out/vs/workbench/services/extensions/node/extensionHostProcess.js:84:184223)
[2021-07-19 19:01:15.712] [exthost] [error] [ms-python.python] provider FAILED
[2021-07-19 19:01:15.712] [exthost] [error] Canceled: Canceled
    at E.makeCancelError (/home/itolab-chotaro/.vscode/extensions/ms-python.python-2021.6.944021595/out/client/extension.js:9:184136)
    at E.handleFailedRequest (/home/itolab-chotaro/.vscode/extensions/ms-python.python-2021.6.944021595/out/client/extension.js:9:183987)
    at /home/itolab-chotaro/.vscode/extensions/ms-python.python-2021.6.944021595/out/client/extension.js:9:143537
    at M.resolveCompletionItem (/usr/share/code/resources/app/out/vs/workbench/services/extensions/node/extensionHostProcess.js:84:184223)
[2021-07-19 19:01:15.975] [exthost] [error] [ms-python.python] provider FAILED
[2021-07-19 19:01:15.975] [exthost] [error] Canceled: Canceled
    at E.makeCancelError (/home/itolab-chotaro/.vscode/extensions/ms-python.python-2021.6.944021595/out/client/extension.js:9:184136)
    at E.handleFailedRequest (/home/itolab-chotaro/.vscode/extensions/ms-python.python-2021.6.944021595/out/client/extension.js:9:183987)
    at /home/itolab-chotaro/.vscode/extensions/ms-python.python-2021.6.944021595/out/client/extension.js:9:151848
[2021-07-19 19:02:41.219] [exthost] [error] [ms-python.python] provider FAILED
[2021-07-19 19:02:41.220] [exthost] [error] Canceled: Canceled
    at E.makeCancelError (/home/itolab-chotaro/.vscode/extensions/ms-python.python-2021.6.944021595/out/client/extension.js:9:184136)
    at E.handleFailedRequest (/home/itolab-chotaro/.vscode/extensions/ms-python.python-2021.6.944021595/out/client/extension.js:9:183987)
    at /home/itolab-chotaro/.vscode/extensions/ms-python.python-2021.6.944021595/out/client/extension.js:9:151848
[2021-07-19 19:02:44.562] [exthost] [error] [ms-python.python] provider FAILED
[2021-07-19 19:02:44.562] [exthost] [error] Canceled: Canceled
    at E.makeCancelError (/home/itolab-chotaro/.vscode/extensions/ms-python.python-2021.6.944021595/out/client/extension.js:9:184136)
    at E.handleFailedRequest (/home/itolab-chotaro/.vscode/extensions/ms-python.python-2021.6.944021595/out/client/extension.js:9:183987)
    at /home/itolab-chotaro/.vscode/extensions/ms-python.python-2021.6.944021595/out/client/extension.js:9:143537
    at M.resolveCompletionItem (/usr/share/code/resources/app/out/vs/workbench/services/extensions/node/extensionHostProcess.js:84:184223)
[2021-07-19 19:02:45.310] [exthost] [error] [ms-python.python] provider FAILED
[2021-07-19 19:02:45.310] [exthost] [error] Canceled: Canceled
    at E.makeCancelError (/home/itolab-chotaro/.vscode/extensions/ms-python.python-2021.6.944021595/out/client/extension.js:9:184136)
    at E.handleFailedRequest (/home/itolab-chotaro/.vscode/extensions/ms-python.python-2021.6.944021595/out/client/extension.js:9:183987)
    at /home/itolab-chotaro/.vscode/extensions/ms-python.python-2021.6.944021595/out/client/extension.js:9:143537
    at M.resolveCompletionItem (/usr/share/code/resources/app/out/vs/workbench/services/extensions/node/extensionHostProcess.js:84:184223)
[2021-07-19 19:03:04.826] [exthost] [error] [ms-python.python] provider FAILED
[2021-07-19 19:03:04.826] [exthost] [error] Canceled: Canceled
    at E.makeCancelError (/home/itolab-chotaro/.vscode/extensions/ms-python.python-2021.6.944021595/out/client/extension.js:9:184136)
    at E.handleFailedRequest (/home/itolab-chotaro/.vscode/extensions/ms-python.python-2021.6.944021595/out/client/extension.js:9:183987)
    at /home/itolab-chotaro/.vscode/extensions/ms-python.python-2021.6.944021595/out/client/extension.js:9:143537
    at M.resolveCompletionItem (/usr/share/code/resources/app/out/vs/workbench/services/extensions/node/extensionHostProcess.js:84:184223)
[2021-07-19 19:03:05.105] [exthost] [error] [ms-python.python] provider FAILED
[2021-07-19 19:03:05.105] [exthost] [error] Canceled: Canceled
    at E.makeCancelError (/home/itolab-chotaro/.vscode/extensions/ms-python.python-2021.6.944021595/out/client/extension.js:9:184136)
    at E.handleFailedRequest (/home/itolab-chotaro/.vscode/extensions/ms-python.python-2021.6.944021595/out/client/extension.js:9:183987)
    at /home/itolab-chotaro/.vscode/extensions/ms-python.python-2021.6.944021595/out/client/extension.js:9:143537
    at M.resolveCompletionItem (/usr/share/code/resources/app/out/vs/workbench/services/extensions/node/extensionHostProcess.js:84:184223)
[2021-07-19 19:03:27.221] [exthost] [error] [ms-python.python] provider FAILED
[2021-07-19 19:03:27.221] [exthost] [error] Canceled: Canceled
    at E.makeCancelError (/home/itolab-chotaro/.vscode/extensions/ms-python.python-2021.6.944021595/out/client/extension.js:9:184136)
    at E.handleFailedRequest (/home/itolab-chotaro/.vscode/extensions/ms-python.python-2021.6.944021595/out/client/extension.js:9:183987)
    at /home/itolab-chotaro/.vscode/extensions/ms-python.python-2021.6.944021595/out/client/extension.js:9:143537
    at M.resolveCompletionItem (/usr/share/code/resources/app/out/vs/workbench/services/extensions/node/extensionHostProcess.js:84:184223)
[2021-07-19 19:03:30.260] [exthost] [error] [ms-python.python] provider FAILED
[2021-07-19 19:03:30.260] [exthost] [error] Canceled: Canceled
    at E.makeCancelError (/home/itolab-chotaro/.vscode/extensions/ms-python.python-2021.6.944021595/out/client/extension.js:9:184136)
    at E.handleFailedRequest (/home/itolab-chotaro/.vscode/extensions/ms-python.python-2021.6.944021595/out/client/extension.js:9:183987)
    at /home/itolab-chotaro/.vscode/extensions/ms-python.python-2021.6.944021595/out/client/extension.js:9:151848
[2021-07-19 19:03:51.419] [exthost] [error] [ms-python.python] provider FAILED
[2021-07-19 19:03:51.420] [exthost] [error] Canceled: Canceled
    at E.makeCancelError (/home/itolab-chotaro/.vscode/extensions/ms-python.python-2021.6.944021595/out/client/extension.js:9:184136)
    at E.handleFailedRequest (/home/itolab-chotaro/.vscode/extensions/ms-python.python-2021.6.944021595/out/client/extension.js:9:183987)
    at /home/itolab-chotaro/.vscode/extensions/ms-python.python-2021.6.944021595/out/client/extension.js:9:151848
[2021-07-19 19:03:54.274] [exthost] [error] [ms-python.python] provider FAILED
[2021-07-19 19:03:54.274] [exthost] [error] Canceled: Canceled
    at E.makeCancelError (/home/itolab-chotaro/.vscode/extensions/ms-python.python-2021.6.944021595/out/client/extension.js:9:184136)
    at E.handleFailedRequest (/home/itolab-chotaro/.vscode/extensions/ms-python.python-2021.6.944021595/out/client/extension.js:9:183987)
    at /home/itolab-chotaro/.vscode/extensions/ms-python.python-2021.6.944021595/out/client/extension.js:9:143537
    at M.resolveCompletionItem (/usr/share/code/resources/app/out/vs/workbench/services/extensions/node/extensionHostProcess.js:84:184223)
[2021-07-19 19:08:19.200] [exthost] [error] [ms-python.python] provider FAILED
[2021-07-19 19:08:19.200] [exthost] [error] Canceled: Canceled
    at E.makeCancelError (/home/itolab-chotaro/.vscode/extensions/ms-python.python-2021.6.944021595/out/client/extension.js:9:184136)
    at E.handleFailedRequest (/home/itolab-chotaro/.vscode/extensions/ms-python.python-2021.6.944021595/out/client/extension.js:9:183987)
    at /home/itolab-chotaro/.vscode/extensions/ms-python.python-2021.6.944021595/out/client/extension.js:9:143537
    at M.resolveCompletionItem (/usr/share/code/resources/app/out/vs/workbench/services/extensions/node/extensionHostProcess.js:84:184223)
