[2021-07-19 21:08:37.716] [exthost] [info] extension host started
[2021-07-19 21:08:37.738] [exthost] [info] Lock '/home/chohome/.config/Code/User/workspaceStorage/2d1b398f8843ad4796c816f99a7ad82d/vscode.lock': Lock acquired.
[2021-07-19 21:08:37.768] [exthost] [info] ExtensionService#_doActivateExtension vscode.microsoft-authentication {"startup":false,"extensionId":{"value":"vscode.microsoft-authentication","_lower":"vscode.microsoft-authentication"},"activationEvent":"onAuthenticationRequest:microsoft"}
[2021-07-19 21:08:37.768] [exthost] [info] ExtensionService#loadCommonJSModule file:///usr/share/code/resources/app/extensions/microsoft-authentication/dist/extension.js
[2021-07-19 21:08:37.774] [exthost] [info] ExtensionService#_doActivateExtension ms-python.python {"startup":false,"extensionId":{"value":"ms-python.vscode-pylance","_lower":"ms-python.vscode-pylance"},"activationEvent":"onLanguage:python"}
[2021-07-19 21:08:37.774] [exthost] [info] ExtensionService#loadCommonJSModule file:///home/chohome/.vscode/extensions/ms-python.python-2021.6.944021595/out/client/extension
[2021-07-19 21:08:37.834] [exthost] [info] ExtensionService#_doActivateExtension ms-toolsai.jupyter {"startup":false,"extensionId":{"value":"ms-toolsai.jupyter","_lower":"ms-toolsai.jupyter"},"activationEvent":"onLanguage:python"}
[2021-07-19 21:08:37.834] [exthost] [info] ExtensionService#loadCommonJSModule file:///home/chohome/.vscode/extensions/ms-toolsai.jupyter-2021.8.1013163132/out/client/extension
[2021-07-19 21:08:37.955] [exthost] [info] ExtensionService#_doActivateExtension vscode.debug-auto-launch {"startup":true,"extensionId":{"value":"vscode.debug-auto-launch","_lower":"vscode.debug-auto-launch"},"activationEvent":"*"}
[2021-07-19 21:08:37.955] [exthost] [info] ExtensionService#loadCommonJSModule file:///usr/share/code/resources/app/extensions/debug-auto-launch/dist/extension
[2021-07-19 21:08:37.973] [exthost] [info] ExtensionService#_doActivateExtension vscode.git {"startup":true,"extensionId":{"value":"vscode.github","_lower":"vscode.github"},"activationEvent":"*"}
[2021-07-19 21:08:37.973] [exthost] [info] ExtensionService#loadCommonJSModule file:///usr/share/code/resources/app/extensions/git/dist/main
[2021-07-19 21:08:38.032] [exthost] [info] ExtensionService#_doActivateExtension asvetliakov.vscode-neovim {"startup":true,"extensionId":{"value":"asvetliakov.vscode-neovim","_lower":"asvetliakov.vscode-neovim"},"activationEvent":"*"}
[2021-07-19 21:08:38.032] [exthost] [info] ExtensionService#loadCommonJSModule file:///home/chohome/.vscode/extensions/asvetliakov.vscode-neovim-0.0.82/dist/extension.js
[2021-07-19 21:08:38.041] [exthost] [info] ExtensionService#_doActivateExtension vscode.npm {"startup":true,"extensionId":{"value":"vscode.npm","_lower":"vscode.npm"},"activationEvent":"workspaceContains:package.json"}
[2021-07-19 21:08:38.041] [exthost] [info] ExtensionService#loadCommonJSModule file:///usr/share/code/resources/app/extensions/npm/dist/npmMain
[2021-07-19 21:08:38.286] [exthost] [info] ExtensionService#_doActivateExtension ms-vscode.js-debug {"startup":false,"extensionId":{"value":"ms-vscode.js-debug","_lower":"ms-vscode.js-debug"},"activationEvent":"onCommand:extension.js-debug.clearAutoAttachVariables"}
[2021-07-19 21:08:38.286] [exthost] [info] ExtensionService#loadCommonJSModule file:///usr/share/code/resources/app/extensions/ms-vscode.js-debug/src/extension.js
[2021-07-19 21:08:38.365] [exthost] [info] ExtensionService#_doActivateExtension vscode.github {"startup":false,"extensionId":{"value":"vscode.github","_lower":"vscode.github"},"activationEvent":"*"}
[2021-07-19 21:08:38.365] [exthost] [info] ExtensionService#loadCommonJSModule file:///usr/share/code/resources/app/extensions/github/dist/extension.js
[2021-07-19 21:08:38.567] [exthost] [info] ExtensionService#_doActivateExtension vscode.github-authentication {"startup":false,"extensionId":{"value":"vscode.github-authentication","_lower":"vscode.github-authentication"},"activationEvent":"onAuthenticationRequest:github"}
[2021-07-19 21:08:38.567] [exthost] [info] ExtensionService#loadCommonJSModule file:///usr/share/code/resources/app/extensions/github-authentication/dist/extension.js
[2021-07-19 21:08:39.009] [exthost] [info] ExtensionService#_doActivateExtension ms-python.vscode-pylance {"startup":false,"extensionId":{"value":"ms-python.vscode-pylance","_lower":"ms-python.vscode-pylance"},"activationEvent":"onLanguage:python"}
[2021-07-19 21:08:39.009] [exthost] [info] ExtensionService#loadCommonJSModule file:///home/chohome/.vscode/extensions/ms-python.vscode-pylance-2021.7.4/dist/extension.bundle.js
[2021-07-19 21:08:39.230] [exthost] [info] eager extensions activated
[2021-07-19 21:08:39.251] [exthost] [info] ExtensionService#_doActivateExtension vscode.emmet {"startup":false,"extensionId":{"value":"vscode.emmet","_lower":"vscode.emmet"},"activationEvent":"onStartupFinished"}
[2021-07-19 21:08:39.251] [exthost] [info] ExtensionService#loadCommonJSModule file:///usr/share/code/resources/app/extensions/emmet/dist/node/emmetNodeMain
[2021-07-19 21:08:39.256] [exthost] [info] ExtensionService#_doActivateExtension vscode.merge-conflict {"startup":false,"extensionId":{"value":"vscode.merge-conflict","_lower":"vscode.merge-conflict"},"activationEvent":"onStartupFinished"}
[2021-07-19 21:08:39.256] [exthost] [info] ExtensionService#loadCommonJSModule file:///usr/share/code/resources/app/extensions/merge-conflict/dist/mergeConflictMain
[2021-07-19 21:08:39.258] [exthost] [info] ExtensionService#_doActivateExtension vscode.testing-editor-contributions {"startup":false,"extensionId":{"value":"vscode.testing-editor-contributions","_lower":"vscode.testing-editor-contributions"},"activationEvent":"onStartupFinished"}
[2021-07-19 21:08:39.258] [exthost] [info] ExtensionService#loadCommonJSModule file:///usr/share/code/resources/app/extensions/testing-editor-contributions/dist/extension.js
[2021-07-19 21:08:50.432] [exthost] [warning] TextEditor is closed/disposed
[2021-07-19 21:08:58.679] [exthost] [error] [ms-python.python] provider FAILED
[2021-07-19 21:08:58.679] [exthost] [error] Canceled: Canceled
	at E.makeCancelError (/home/chohome/.vscode/extensions/ms-python.python-2021.6.944021595/out/client/extension.js:9:184136)
	at E.handleFailedRequest (/home/chohome/.vscode/extensions/ms-python.python-2021.6.944021595/out/client/extension.js:9:183987)
	at /home/chohome/.vscode/extensions/ms-python.python-2021.6.944021595/out/client/extension.js:9:147921
[2021-07-19 21:08:58.689] [exthost] [error] [ms-python.python] provider FAILED
[2021-07-19 21:08:58.689] [exthost] [error] Canceled: Canceled
	at E.makeCancelError (/home/chohome/.vscode/extensions/ms-python.python-2021.6.944021595/out/client/extension.js:9:184136)
	at E.handleFailedRequest (/home/chohome/.vscode/extensions/ms-python.python-2021.6.944021595/out/client/extension.js:9:183987)
	at /home/chohome/.vscode/extensions/ms-python.python-2021.6.944021595/out/client/extension.js:9:148975
[2021-07-19 21:08:58.829] [exthost] [error] [ms-python.python] provider FAILED
[2021-07-19 21:08:58.829] [exthost] [error] Canceled: Canceled
	at E.makeCancelError (/home/chohome/.vscode/extensions/ms-python.python-2021.6.944021595/out/client/extension.js:9:184136)
	at E.handleFailedRequest (/home/chohome/.vscode/extensions/ms-python.python-2021.6.944021595/out/client/extension.js:9:183987)
	at /home/chohome/.vscode/extensions/ms-python.python-2021.6.944021595/out/client/extension.js:9:151848
[2021-07-19 21:08:58.829] [exthost] [error] [ms-python.python] provider FAILED
[2021-07-19 21:08:58.829] [exthost] [error] Canceled: Canceled
	at E.makeCancelError (/home/chohome/.vscode/extensions/ms-python.python-2021.6.944021595/out/client/extension.js:9:184136)
	at E.handleFailedRequest (/home/chohome/.vscode/extensions/ms-python.python-2021.6.944021595/out/client/extension.js:9:183987)
	at /home/chohome/.vscode/extensions/ms-python.python-2021.6.944021595/out/client/extension.js:9:151848
	at runNextTicks (internal/process/task_queues.js:58:5)
	at processImmediate (internal/timers.js:434:9)
[2021-07-19 21:08:58.840] [exthost] [error] [ms-python.python] provider FAILED
[2021-07-19 21:08:58.840] [exthost] [error] Canceled: Canceled
	at E.makeCancelError (/home/chohome/.vscode/extensions/ms-python.python-2021.6.944021595/out/client/extension.js:9:184136)
	at E.handleFailedRequest (/home/chohome/.vscode/extensions/ms-python.python-2021.6.944021595/out/client/extension.js:9:183987)
	at /home/chohome/.vscode/extensions/ms-python.python-2021.6.944021595/out/client/extension.js:9:151848
[2021-07-19 21:09:21.259] [exthost] [info] ExtensionService#_doActivateExtension vscode.configuration-editing {"startup":false,"extensionId":{"value":"vscode.configuration-editing","_lower":"vscode.configuration-editing"},"activationEvent":"onLanguage:jsonc"}
[2021-07-19 21:09:21.259] [exthost] [info] ExtensionService#loadCommonJSModule file:///usr/share/code/resources/app/extensions/configuration-editing/dist/configurationEditingMain
[2021-07-19 21:09:21.262] [exthost] [info] ExtensionService#_doActivateExtension vscode.json-language-features {"startup":false,"extensionId":{"value":"vscode.json-language-features","_lower":"vscode.json-language-features"},"activationEvent":"onLanguage:jsonc"}
[2021-07-19 21:09:21.262] [exthost] [info] ExtensionService#loadCommonJSModule file:///usr/share/code/resources/app/extensions/json-language-features/client/dist/node/jsonClientMain
[2021-07-19 21:09:21.273] [exthost] [info] ExtensionService#_doActivateExtension vscode.typescript-language-features {"startup":false,"extensionId":{"value":"vscode.typescript-language-features","_lower":"vscode.typescript-language-features"},"activationEvent":"onLanguage:jsonc"}
[2021-07-19 21:09:21.273] [exthost] [info] ExtensionService#loadCommonJSModule file:///usr/share/code/resources/app/extensions/typescript-language-features/dist/extension
[2021-07-19 21:10:36.591] [exthost] [error] [ms-python.python] provider FAILED
[2021-07-19 21:10:36.591] [exthost] [error] Canceled: Canceled
	at E.makeCancelError (/home/chohome/.vscode/extensions/ms-python.python-2021.6.944021595/out/client/extension.js:9:184136)
	at E.handleFailedRequest (/home/chohome/.vscode/extensions/ms-python.python-2021.6.944021595/out/client/extension.js:9:183987)
	at /home/chohome/.vscode/extensions/ms-python.python-2021.6.944021595/out/client/extension.js:9:144329
[2021-07-19 21:11:52.975] [exthost] [error] [ms-python.python] provider FAILED
[2021-07-19 21:11:52.975] [exthost] [error] Canceled: Canceled
	at E.makeCancelError (/home/chohome/.vscode/extensions/ms-python.python-2021.6.944021595/out/client/extension.js:9:184136)
	at E.handleFailedRequest (/home/chohome/.vscode/extensions/ms-python.python-2021.6.944021595/out/client/extension.js:9:183987)
	at /home/chohome/.vscode/extensions/ms-python.python-2021.6.944021595/out/client/extension.js:9:147921
[2021-07-19 21:12:14.745] [exthost] [warning] TextEditor is closed/disposed
[2021-07-19 21:15:58.487] [exthost] [error] [ms-python.python] provider FAILED
[2021-07-19 21:15:58.487] [exthost] [error] Canceled: Canceled
	at E.makeCancelError (/home/chohome/.vscode/extensions/ms-python.python-2021.6.944021595/out/client/extension.js:9:184136)
	at E.handleFailedRequest (/home/chohome/.vscode/extensions/ms-python.python-2021.6.944021595/out/client/extension.js:9:183987)
	at /home/chohome/.vscode/extensions/ms-python.python-2021.6.944021595/out/client/extension.js:9:147921
[2021-07-19 21:17:17.682] [exthost] [warning] TextEditor is closed/disposed
[2021-07-19 21:18:22.211] [exthost] [warning] TextEditor is closed/disposed
[2021-07-19 21:18:22.219] [exthost] [warning] TextEditor is closed/disposed
[2021-07-19 21:18:32.319] [exthost] [error] [ms-python.python] provider FAILED
[2021-07-19 21:18:32.320] [exthost] [error] Canceled: Canceled
	at E.makeCancelError (/home/chohome/.vscode/extensions/ms-python.python-2021.6.944021595/out/client/extension.js:9:184136)
	at E.handleFailedRequest (/home/chohome/.vscode/extensions/ms-python.python-2021.6.944021595/out/client/extension.js:9:183987)
	at /home/chohome/.vscode/extensions/ms-python.python-2021.6.944021595/out/client/extension.js:9:147921
[2021-07-19 21:18:32.341] [exthost] [error] [ms-python.python] provider FAILED
[2021-07-19 21:18:32.341] [exthost] [error] Canceled: Canceled
	at E.makeCancelError (/home/chohome/.vscode/extensions/ms-python.python-2021.6.944021595/out/client/extension.js:9:184136)
	at E.handleFailedRequest (/home/chohome/.vscode/extensions/ms-python.python-2021.6.944021595/out/client/extension.js:9:183987)
	at /home/chohome/.vscode/extensions/ms-python.python-2021.6.944021595/out/client/extension.js:9:147921
[2021-07-19 21:18:32.351] [exthost] [error] [ms-python.python] provider FAILED
[2021-07-19 21:18:32.351] [exthost] [error] Canceled: Canceled
	at E.makeCancelError (/home/chohome/.vscode/extensions/ms-python.python-2021.6.944021595/out/client/extension.js:9:184136)
	at E.handleFailedRequest (/home/chohome/.vscode/extensions/ms-python.python-2021.6.944021595/out/client/extension.js:9:183987)
	at /home/chohome/.vscode/extensions/ms-python.python-2021.6.944021595/out/client/extension.js:9:147921
[2021-07-19 21:18:32.369] [exthost] [error] [ms-python.python] provider FAILED
[2021-07-19 21:18:32.369] [exthost] [error] Canceled: Canceled
	at E.makeCancelError (/home/chohome/.vscode/extensions/ms-python.python-2021.6.944021595/out/client/extension.js:9:184136)
	at E.handleFailedRequest (/home/chohome/.vscode/extensions/ms-python.python-2021.6.944021595/out/client/extension.js:9:183987)
	at /home/chohome/.vscode/extensions/ms-python.python-2021.6.944021595/out/client/extension.js:9:147921
[2021-07-19 21:18:32.402] [exthost] [error] [ms-python.python] provider FAILED
[2021-07-19 21:18:32.402] [exthost] [error] Canceled: Canceled
	at E.makeCancelError (/home/chohome/.vscode/extensions/ms-python.python-2021.6.944021595/out/client/extension.js:9:184136)
	at E.handleFailedRequest (/home/chohome/.vscode/extensions/ms-python.python-2021.6.944021595/out/client/extension.js:9:183987)
	at /home/chohome/.vscode/extensions/ms-python.python-2021.6.944021595/out/client/extension.js:9:147921
[2021-07-19 21:18:32.593] [exthost] [error] [ms-python.python] provider FAILED
[2021-07-19 21:18:32.593] [exthost] [error] Canceled: Canceled
	at E.makeCancelError (/home/chohome/.vscode/extensions/ms-python.python-2021.6.944021595/out/client/extension.js:9:184136)
	at E.handleFailedRequest (/home/chohome/.vscode/extensions/ms-python.python-2021.6.944021595/out/client/extension.js:9:183987)
	at /home/chohome/.vscode/extensions/ms-python.python-2021.6.944021595/out/client/extension.js:9:147921
[2021-07-19 21:18:32.820] [exthost] [error] [ms-python.python] provider FAILED
[2021-07-19 21:18:32.820] [exthost] [error] Canceled: Canceled
	at E.makeCancelError (/home/chohome/.vscode/extensions/ms-python.python-2021.6.944021595/out/client/extension.js:9:184136)
	at E.handleFailedRequest (/home/chohome/.vscode/extensions/ms-python.python-2021.6.944021595/out/client/extension.js:9:183987)
	at /home/chohome/.vscode/extensions/ms-python.python-2021.6.944021595/out/client/extension.js:9:147921
[2021-07-19 21:19:55.196] [exthost] [error] [ms-python.python] provider FAILED
[2021-07-19 21:19:55.197] [exthost] [error] Canceled: Canceled
	at E.makeCancelError (/home/chohome/.vscode/extensions/ms-python.python-2021.6.944021595/out/client/extension.js:9:184136)
	at E.handleFailedRequest (/home/chohome/.vscode/extensions/ms-python.python-2021.6.944021595/out/client/extension.js:9:183987)
	at /home/chohome/.vscode/extensions/ms-python.python-2021.6.944021595/out/client/extension.js:9:147921
[2021-07-19 21:19:55.479] [exthost] [error] [ms-python.python] provider FAILED
[2021-07-19 21:19:55.479] [exthost] [error] Canceled: Canceled
	at E.makeCancelError (/home/chohome/.vscode/extensions/ms-python.python-2021.6.944021595/out/client/extension.js:9:184136)
	at E.handleFailedRequest (/home/chohome/.vscode/extensions/ms-python.python-2021.6.944021595/out/client/extension.js:9:183987)
	at /home/chohome/.vscode/extensions/ms-python.python-2021.6.944021595/out/client/extension.js:9:147921
[2021-07-19 21:21:25.382] [exthost] [error] [ms-python.python] provider FAILED
[2021-07-19 21:21:25.382] [exthost] [error] Canceled: Canceled
	at E.makeCancelError (/home/chohome/.vscode/extensions/ms-python.python-2021.6.944021595/out/client/extension.js:9:184136)
	at E.handleFailedRequest (/home/chohome/.vscode/extensions/ms-python.python-2021.6.944021595/out/client/extension.js:9:183987)
	at /home/chohome/.vscode/extensions/ms-python.python-2021.6.944021595/out/client/extension.js:9:147921
[2021-07-19 21:21:25.855] [exthost] [error] [ms-python.python] provider FAILED
[2021-07-19 21:21:25.855] [exthost] [error] Canceled: Canceled
	at E.makeCancelError (/home/chohome/.vscode/extensions/ms-python.python-2021.6.944021595/out/client/extension.js:9:184136)
	at E.handleFailedRequest (/home/chohome/.vscode/extensions/ms-python.python-2021.6.944021595/out/client/extension.js:9:183987)
	at /home/chohome/.vscode/extensions/ms-python.python-2021.6.944021595/out/client/extension.js:9:147921
[2021-07-19 21:28:21.757] [exthost] [error] [ms-python.python] provider FAILED
[2021-07-19 21:28:21.757] [exthost] [error] Canceled: Canceled
	at E.makeCancelError (/home/chohome/.vscode/extensions/ms-python.python-2021.6.944021595/out/client/extension.js:9:184136)
	at E.handleFailedRequest (/home/chohome/.vscode/extensions/ms-python.python-2021.6.944021595/out/client/extension.js:9:183987)
	at /home/chohome/.vscode/extensions/ms-python.python-2021.6.944021595/out/client/extension.js:9:147921
[2021-07-19 21:28:21.761] [exthost] [error] [ms-python.python] provider FAILED
[2021-07-19 21:28:21.761] [exthost] [error] Canceled: Canceled
	at E.makeCancelError (/home/chohome/.vscode/extensions/ms-python.python-2021.6.944021595/out/client/extension.js:9:184136)
	at E.handleFailedRequest (/home/chohome/.vscode/extensions/ms-python.python-2021.6.944021595/out/client/extension.js:9:183987)
	at /home/chohome/.vscode/extensions/ms-python.python-2021.6.944021595/out/client/extension.js:9:144329
[2021-07-19 21:28:21.761] [exthost] [error] [ms-python.python] provider FAILED
[2021-07-19 21:28:21.761] [exthost] [error] Canceled: Canceled
	at E.makeCancelError (/home/chohome/.vscode/extensions/ms-python.python-2021.6.944021595/out/client/extension.js:9:184136)
	at E.handleFailedRequest (/home/chohome/.vscode/extensions/ms-python.python-2021.6.944021595/out/client/extension.js:9:183987)
	at /home/chohome/.vscode/extensions/ms-python.python-2021.6.944021595/out/client/extension.js:9:151848
[2021-07-19 21:28:21.766] [exthost] [error] [ms-python.python] provider FAILED
[2021-07-19 21:28:21.766] [exthost] [error] Canceled: Canceled
	at E.makeCancelError (/home/chohome/.vscode/extensions/ms-python.python-2021.6.944021595/out/client/extension.js:9:184136)
	at E.handleFailedRequest (/home/chohome/.vscode/extensions/ms-python.python-2021.6.944021595/out/client/extension.js:9:183987)
	at /home/chohome/.vscode/extensions/ms-python.python-2021.6.944021595/out/client/extension.js:9:144329
[2021-07-19 21:28:21.771] [exthost] [error] [ms-python.python] provider FAILED
[2021-07-19 21:28:21.771] [exthost] [error] Canceled: Canceled
	at E.makeCancelError (/home/chohome/.vscode/extensions/ms-python.python-2021.6.944021595/out/client/extension.js:9:184136)
	at E.handleFailedRequest (/home/chohome/.vscode/extensions/ms-python.python-2021.6.944021595/out/client/extension.js:9:183987)
	at /home/chohome/.vscode/extensions/ms-python.python-2021.6.944021595/out/client/extension.js:9:147921
[2021-07-19 21:28:21.776] [exthost] [error] [ms-python.python] provider FAILED
[2021-07-19 21:28:21.776] [exthost] [error] Canceled: Canceled
	at E.makeCancelError (/home/chohome/.vscode/extensions/ms-python.python-2021.6.944021595/out/client/extension.js:9:184136)
	at E.handleFailedRequest (/home/chohome/.vscode/extensions/ms-python.python-2021.6.944021595/out/client/extension.js:9:183987)
	at /home/chohome/.vscode/extensions/ms-python.python-2021.6.944021595/out/client/extension.js:9:147921
[2021-07-19 21:29:15.229] [exthost] [error] [ms-python.python] provider FAILED
[2021-07-19 21:29:15.229] [exthost] [error] Canceled: Canceled
	at E.makeCancelError (/home/chohome/.vscode/extensions/ms-python.python-2021.6.944021595/out/client/extension.js:9:184136)
	at E.handleFailedRequest (/home/chohome/.vscode/extensions/ms-python.python-2021.6.944021595/out/client/extension.js:9:183987)
	at /home/chohome/.vscode/extensions/ms-python.python-2021.6.944021595/out/client/extension.js:9:147921
[2021-07-19 21:29:15.502] [exthost] [error] [ms-python.python] provider FAILED
[2021-07-19 21:29:15.502] [exthost] [error] Canceled: Canceled
	at E.makeCancelError (/home/chohome/.vscode/extensions/ms-python.python-2021.6.944021595/out/client/extension.js:9:184136)
	at E.handleFailedRequest (/home/chohome/.vscode/extensions/ms-python.python-2021.6.944021595/out/client/extension.js:9:183987)
	at /home/chohome/.vscode/extensions/ms-python.python-2021.6.944021595/out/client/extension.js:9:147921
[2021-07-19 21:31:27.512] [exthost] [info] ExtensionService#_doActivateExtension vscode.extension-editing {"startup":false,"extensionId":{"value":"vscode.extension-editing","_lower":"vscode.extension-editing"},"activationEvent":"onLanguage:json"}
[2021-07-19 21:31:27.512] [exthost] [info] ExtensionService#loadCommonJSModule file:///usr/share/code/resources/app/extensions/extension-editing/dist/extensionEditingMain
[2021-07-19 21:32:16.092] [exthost] [info] extension host terminating: renderer closed the socket
[2021-07-19 21:32:16.094] [exthost] [info] Lock '/home/chohome/.config/Code/User/workspaceStorage/2d1b398f8843ad4796c816f99a7ad82d/vscode.lock': Marking the lockfile as scheduled to be released in 6000 ms.
[2021-07-19 21:32:17.134] [exthost] [info] exiting with code 0
[2021-07-19 21:32:18.054] [exthost] [info] extension host started
[2021-07-19 21:32:18.061] [exthost] [info] Lock '/home/chohome/.config/Code/User/workspaceStorage/2d1b398f8843ad4796c816f99a7ad82d/vscode.lock': Lock acquired.
[2021-07-19 21:32:18.145] [exthost] [info] ExtensionService#_doActivateExtension vscode.microsoft-authentication {"startup":false,"extensionId":{"value":"vscode.microsoft-authentication","_lower":"vscode.microsoft-authentication"},"activationEvent":"onAuthenticationRequest:microsoft"}
[2021-07-19 21:32:18.145] [exthost] [info] ExtensionService#loadCommonJSModule file:///usr/share/code/resources/app/extensions/microsoft-authentication/dist/extension.js
[2021-07-19 21:32:18.151] [exthost] [info] ExtensionService#_doActivateExtension ms-python.python {"startup":false,"extensionId":{"value":"ms-python.vscode-pylance","_lower":"ms-python.vscode-pylance"},"activationEvent":"onLanguage:python"}
[2021-07-19 21:32:18.151] [exthost] [info] ExtensionService#loadCommonJSModule file:///home/chohome/.vscode/extensions/ms-python.python-2021.6.944021595/out/client/extension
[2021-07-19 21:32:18.204] [exthost] [info] ExtensionService#_doActivateExtension ms-toolsai.jupyter {"startup":false,"extensionId":{"value":"ms-toolsai.jupyter","_lower":"ms-toolsai.jupyter"},"activationEvent":"onLanguage:python"}
[2021-07-19 21:32:18.204] [exthost] [info] ExtensionService#loadCommonJSModule file:///home/chohome/.vscode/extensions/ms-toolsai.jupyter-2021.8.1013163132/out/client/extension
[2021-07-19 21:32:18.288] [exthost] [info] ExtensionService#_doActivateExtension vscode.debug-auto-launch {"startup":true,"extensionId":{"value":"vscode.debug-auto-launch","_lower":"vscode.debug-auto-launch"},"activationEvent":"*"}
[2021-07-19 21:32:18.288] [exthost] [info] ExtensionService#loadCommonJSModule file:///usr/share/code/resources/app/extensions/debug-auto-launch/dist/extension
[2021-07-19 21:32:18.290] [exthost] [info] ExtensionService#_doActivateExtension vscode.git {"startup":true,"extensionId":{"value":"vscode.github","_lower":"vscode.github"},"activationEvent":"*"}
[2021-07-19 21:32:18.290] [exthost] [info] ExtensionService#loadCommonJSModule file:///usr/share/code/resources/app/extensions/git/dist/main
[2021-07-19 21:32:18.304] [exthost] [info] ExtensionService#_doActivateExtension asvetliakov.vscode-neovim {"startup":true,"extensionId":{"value":"asvetliakov.vscode-neovim","_lower":"asvetliakov.vscode-neovim"},"activationEvent":"*"}
[2021-07-19 21:32:18.304] [exthost] [info] ExtensionService#loadCommonJSModule file:///home/chohome/.vscode/extensions/asvetliakov.vscode-neovim-0.0.78/dist/extension.js
[2021-07-19 21:32:18.326] [exthost] [info] ExtensionService#_doActivateExtension vscode.npm {"startup":true,"extensionId":{"value":"vscode.npm","_lower":"vscode.npm"},"activationEvent":"workspaceContains:package.json"}
[2021-07-19 21:32:18.326] [exthost] [info] ExtensionService#loadCommonJSModule file:///usr/share/code/resources/app/extensions/npm/dist/npmMain
[2021-07-19 21:32:18.550] [exthost] [info] ExtensionService#_doActivateExtension ms-vscode.js-debug {"startup":false,"extensionId":{"value":"ms-vscode.js-debug","_lower":"ms-vscode.js-debug"},"activationEvent":"onCommand:extension.js-debug.clearAutoAttachVariables"}
[2021-07-19 21:32:18.550] [exthost] [info] ExtensionService#loadCommonJSModule file:///usr/share/code/resources/app/extensions/ms-vscode.js-debug/src/extension.js
[2021-07-19 21:32:18.634] [exthost] [info] ExtensionService#_doActivateExtension vscode.github {"startup":false,"extensionId":{"value":"vscode.github","_lower":"vscode.github"},"activationEvent":"*"}
[2021-07-19 21:32:18.635] [exthost] [info] ExtensionService#loadCommonJSModule file:///usr/share/code/resources/app/extensions/github/dist/extension.js
[2021-07-19 21:32:18.774] [exthost] [info] ExtensionService#_doActivateExtension vscode.github-authentication {"startup":false,"extensionId":{"value":"vscode.github-authentication","_lower":"vscode.github-authentication"},"activationEvent":"onAuthenticationRequest:github"}
[2021-07-19 21:32:18.774] [exthost] [info] ExtensionService#loadCommonJSModule file:///usr/share/code/resources/app/extensions/github-authentication/dist/extension.js
[2021-07-19 21:32:19.018] [exthost] [info] eager extensions activated
[2021-07-19 21:32:19.026] [exthost] [info] ExtensionService#_doActivateExtension vscode.emmet {"startup":false,"extensionId":{"value":"vscode.emmet","_lower":"vscode.emmet"},"activationEvent":"onStartupFinished"}
[2021-07-19 21:32:19.026] [exthost] [info] ExtensionService#loadCommonJSModule file:///usr/share/code/resources/app/extensions/emmet/dist/node/emmetNodeMain
[2021-07-19 21:32:19.030] [exthost] [info] ExtensionService#_doActivateExtension vscode.merge-conflict {"startup":false,"extensionId":{"value":"vscode.merge-conflict","_lower":"vscode.merge-conflict"},"activationEvent":"onStartupFinished"}
[2021-07-19 21:32:19.030] [exthost] [info] ExtensionService#loadCommonJSModule file:///usr/share/code/resources/app/extensions/merge-conflict/dist/mergeConflictMain
[2021-07-19 21:32:19.032] [exthost] [info] ExtensionService#_doActivateExtension vscode.testing-editor-contributions {"startup":false,"extensionId":{"value":"vscode.testing-editor-contributions","_lower":"vscode.testing-editor-contributions"},"activationEvent":"onStartupFinished"}
[2021-07-19 21:32:19.032] [exthost] [info] ExtensionService#loadCommonJSModule file:///usr/share/code/resources/app/extensions/testing-editor-contributions/dist/extension.js
[2021-07-19 21:32:19.202] [exthost] [info] ExtensionService#_doActivateExtension ms-python.vscode-pylance {"startup":false,"extensionId":{"value":"ms-python.vscode-pylance","_lower":"ms-python.vscode-pylance"},"activationEvent":"onLanguage:python"}
[2021-07-19 21:32:19.202] [exthost] [info] ExtensionService#loadCommonJSModule file:///home/chohome/.vscode/extensions/ms-python.vscode-pylance-2021.7.4/dist/extension.bundle.js
[2021-07-19 21:32:37.446] [exthost] [warning] [Decorations] CAPPING events from decorations provider vscode.git 5000
[2021-07-19 21:32:38.615] [exthost] [error] [ms-python.python] provider FAILED
[2021-07-19 21:32:38.616] [exthost] [error] Canceled: Canceled
	at E.makeCancelError (/home/chohome/.vscode/extensions/ms-python.python-2021.6.944021595/out/client/extension.js:9:184136)
	at E.handleFailedRequest (/home/chohome/.vscode/extensions/ms-python.python-2021.6.944021595/out/client/extension.js:9:183987)
	at /home/chohome/.vscode/extensions/ms-python.python-2021.6.944021595/out/client/extension.js:9:147921
[2021-07-19 21:32:38.650] [exthost] [error] [ms-python.python] provider FAILED
[2021-07-19 21:32:38.650] [exthost] [error] Canceled: Canceled
	at E.makeCancelError (/home/chohome/.vscode/extensions/ms-python.python-2021.6.944021595/out/client/extension.js:9:184136)
	at E.handleFailedRequest (/home/chohome/.vscode/extensions/ms-python.python-2021.6.944021595/out/client/extension.js:9:183987)
	at /home/chohome/.vscode/extensions/ms-python.python-2021.6.944021595/out/client/extension.js:9:147921
[2021-07-19 21:32:38.655] [exthost] [error] [ms-python.python] provider FAILED
[2021-07-19 21:32:38.655] [exthost] [error] Canceled: Canceled
	at E.makeCancelError (/home/chohome/.vscode/extensions/ms-python.python-2021.6.944021595/out/client/extension.js:9:184136)
	at E.handleFailedRequest (/home/chohome/.vscode/extensions/ms-python.python-2021.6.944021595/out/client/extension.js:9:183987)
	at /home/chohome/.vscode/extensions/ms-python.python-2021.6.944021595/out/client/extension.js:9:151848
[2021-07-19 21:32:38.660] [exthost] [error] [ms-python.python] provider FAILED
[2021-07-19 21:32:38.660] [exthost] [error] Canceled: Canceled
	at E.makeCancelError (/home/chohome/.vscode/extensions/ms-python.python-2021.6.944021595/out/client/extension.js:9:184136)
	at E.handleFailedRequest (/home/chohome/.vscode/extensions/ms-python.python-2021.6.944021595/out/client/extension.js:9:183987)
	at /home/chohome/.vscode/extensions/ms-python.python-2021.6.944021595/out/client/extension.js:9:147921
[2021-07-19 21:32:38.674] [exthost] [error] [ms-python.python] provider FAILED
[2021-07-19 21:32:38.675] [exthost] [error] Canceled: Canceled
	at E.makeCancelError (/home/chohome/.vscode/extensions/ms-python.python-2021.6.944021595/out/client/extension.js:9:184136)
	at E.handleFailedRequest (/home/chohome/.vscode/extensions/ms-python.python-2021.6.944021595/out/client/extension.js:9:183987)
	at /home/chohome/.vscode/extensions/ms-python.python-2021.6.944021595/out/client/extension.js:9:147921
[2021-07-19 21:32:38.683] [exthost] [error] [ms-python.python] provider FAILED
[2021-07-19 21:32:38.683] [exthost] [error] Canceled: Canceled
	at E.makeCancelError (/home/chohome/.vscode/extensions/ms-python.python-2021.6.944021595/out/client/extension.js:9:184136)
	at E.handleFailedRequest (/home/chohome/.vscode/extensions/ms-python.python-2021.6.944021595/out/client/extension.js:9:183987)
	at /home/chohome/.vscode/extensions/ms-python.python-2021.6.944021595/out/client/extension.js:9:147921
	at runNextTicks (internal/process/task_queues.js:58:5)
	at processImmediate (internal/timers.js:434:9)
[2021-07-19 21:32:38.683] [exthost] [error] [ms-python.python] provider FAILED
[2021-07-19 21:32:38.683] [exthost] [error] Canceled: Canceled
	at E.makeCancelError (/home/chohome/.vscode/extensions/ms-python.python-2021.6.944021595/out/client/extension.js:9:184136)
	at E.handleFailedRequest (/home/chohome/.vscode/extensions/ms-python.python-2021.6.944021595/out/client/extension.js:9:183987)
	at /home/chohome/.vscode/extensions/ms-python.python-2021.6.944021595/out/client/extension.js:9:147921
[2021-07-19 21:32:38.689] [exthost] [error] [ms-python.python] provider FAILED
[2021-07-19 21:32:38.689] [exthost] [error] Canceled: Canceled
	at E.makeCancelError (/home/chohome/.vscode/extensions/ms-python.python-2021.6.944021595/out/client/extension.js:9:184136)
	at E.handleFailedRequest (/home/chohome/.vscode/extensions/ms-python.python-2021.6.944021595/out/client/extension.js:9:183987)
	at /home/chohome/.vscode/extensions/ms-python.python-2021.6.944021595/out/client/extension.js:9:147921
[2021-07-19 21:32:38.693] [exthost] [error] [ms-python.python] provider FAILED
[2021-07-19 21:32:38.693] [exthost] [error] Canceled: Canceled
	at E.makeCancelError (/home/chohome/.vscode/extensions/ms-python.python-2021.6.944021595/out/client/extension.js:9:184136)
	at E.handleFailedRequest (/home/chohome/.vscode/extensions/ms-python.python-2021.6.944021595/out/client/extension.js:9:183987)
	at /home/chohome/.vscode/extensions/ms-python.python-2021.6.944021595/out/client/extension.js:9:147921
[2021-07-19 21:32:38.714] [exthost] [error] [ms-python.python] provider FAILED
[2021-07-19 21:32:38.714] [exthost] [error] Canceled: Canceled
	at E.makeCancelError (/home/chohome/.vscode/extensions/ms-python.python-2021.6.944021595/out/client/extension.js:9:184136)
	at E.handleFailedRequest (/home/chohome/.vscode/extensions/ms-python.python-2021.6.944021595/out/client/extension.js:9:183987)
	at /home/chohome/.vscode/extensions/ms-python.python-2021.6.944021595/out/client/extension.js:9:147921
[2021-07-19 21:32:38.723] [exthost] [error] [ms-python.python] provider FAILED
[2021-07-19 21:32:38.723] [exthost] [error] Canceled: Canceled
	at E.makeCancelError (/home/chohome/.vscode/extensions/ms-python.python-2021.6.944021595/out/client/extension.js:9:184136)
	at E.handleFailedRequest (/home/chohome/.vscode/extensions/ms-python.python-2021.6.944021595/out/client/extension.js:9:183987)
	at /home/chohome/.vscode/extensions/ms-python.python-2021.6.944021595/out/client/extension.js:9:147921
[2021-07-19 21:32:38.732] [exthost] [error] [ms-python.python] provider FAILED
[2021-07-19 21:32:38.732] [exthost] [error] Canceled: Canceled
	at E.makeCancelError (/home/chohome/.vscode/extensions/ms-python.python-2021.6.944021595/out/client/extension.js:9:184136)
	at E.handleFailedRequest (/home/chohome/.vscode/extensions/ms-python.python-2021.6.944021595/out/client/extension.js:9:183987)
	at /home/chohome/.vscode/extensions/ms-python.python-2021.6.944021595/out/client/extension.js:9:147921
[2021-07-19 21:32:38.732] [exthost] [error] [ms-python.python] provider FAILED
[2021-07-19 21:32:38.732] [exthost] [error] Canceled: Canceled
	at E.makeCancelError (/home/chohome/.vscode/extensions/ms-python.python-2021.6.944021595/out/client/extension.js:9:184136)
	at E.handleFailedRequest (/home/chohome/.vscode/extensions/ms-python.python-2021.6.944021595/out/client/extension.js:9:183987)
	at /home/chohome/.vscode/extensions/ms-python.python-2021.6.944021595/out/client/extension.js:9:147921
	at runNextTicks (internal/process/task_queues.js:58:5)
	at processImmediate (internal/timers.js:434:9)
[2021-07-19 21:32:38.734] [exthost] [error] [ms-python.python] provider FAILED
[2021-07-19 21:32:38.734] [exthost] [error] Canceled: Canceled
	at E.makeCancelError (/home/chohome/.vscode/extensions/ms-python.python-2021.6.944021595/out/client/extension.js:9:184136)
	at E.handleFailedRequest (/home/chohome/.vscode/extensions/ms-python.python-2021.6.944021595/out/client/extension.js:9:183987)
	at /home/chohome/.vscode/extensions/ms-python.python-2021.6.944021595/out/client/extension.js:9:147921
[2021-07-19 21:32:38.740] [exthost] [error] [ms-python.python] provider FAILED
[2021-07-19 21:32:38.740] [exthost] [error] Canceled: Canceled
	at E.makeCancelError (/home/chohome/.vscode/extensions/ms-python.python-2021.6.944021595/out/client/extension.js:9:184136)
	at E.handleFailedRequest (/home/chohome/.vscode/extensions/ms-python.python-2021.6.944021595/out/client/extension.js:9:183987)
	at /home/chohome/.vscode/extensions/ms-python.python-2021.6.944021595/out/client/extension.js:9:147921
[2021-07-19 21:32:38.744] [exthost] [error] [ms-python.python] provider FAILED
[2021-07-19 21:32:38.744] [exthost] [error] Canceled: Canceled
	at E.makeCancelError (/home/chohome/.vscode/extensions/ms-python.python-2021.6.944021595/out/client/extension.js:9:184136)
	at E.handleFailedRequest (/home/chohome/.vscode/extensions/ms-python.python-2021.6.944021595/out/client/extension.js:9:183987)
	at /home/chohome/.vscode/extensions/ms-python.python-2021.6.944021595/out/client/extension.js:9:147921
[2021-07-19 21:32:38.758] [exthost] [error] [ms-python.python] provider FAILED
[2021-07-19 21:32:38.758] [exthost] [error] Canceled: Canceled
	at E.makeCancelError (/home/chohome/.vscode/extensions/ms-python.python-2021.6.944021595/out/client/extension.js:9:184136)
	at E.handleFailedRequest (/home/chohome/.vscode/extensions/ms-python.python-2021.6.944021595/out/client/extension.js:9:183987)
	at /home/chohome/.vscode/extensions/ms-python.python-2021.6.944021595/out/client/extension.js:9:147921
[2021-07-19 21:32:38.758] [exthost] [error] [ms-python.python] provider FAILED
[2021-07-19 21:32:38.758] [exthost] [error] Canceled: Canceled
	at E.makeCancelError (/home/chohome/.vscode/extensions/ms-python.python-2021.6.944021595/out/client/extension.js:9:184136)
	at E.handleFailedRequest (/home/chohome/.vscode/extensions/ms-python.python-2021.6.944021595/out/client/extension.js:9:183987)
	at /home/chohome/.vscode/extensions/ms-python.python-2021.6.944021595/out/client/extension.js:9:147921
	at runNextTicks (internal/process/task_queues.js:58:5)
	at processImmediate (internal/timers.js:434:9)
[2021-07-19 21:32:38.765] [exthost] [error] [ms-python.python] provider FAILED
[2021-07-19 21:32:38.765] [exthost] [error] Canceled: Canceled
	at E.makeCancelError (/home/chohome/.vscode/extensions/ms-python.python-2021.6.944021595/out/client/extension.js:9:184136)
	at E.handleFailedRequest (/home/chohome/.vscode/extensions/ms-python.python-2021.6.944021595/out/client/extension.js:9:183987)
	at /home/chohome/.vscode/extensions/ms-python.python-2021.6.944021595/out/client/extension.js:9:147921
[2021-07-19 21:32:38.772] [exthost] [error] [ms-python.python] provider FAILED
[2021-07-19 21:32:38.772] [exthost] [error] Canceled: Canceled
	at E.makeCancelError (/home/chohome/.vscode/extensions/ms-python.python-2021.6.944021595/out/client/extension.js:9:184136)
	at E.handleFailedRequest (/home/chohome/.vscode/extensions/ms-python.python-2021.6.944021595/out/client/extension.js:9:183987)
	at /home/chohome/.vscode/extensions/ms-python.python-2021.6.944021595/out/client/extension.js:59:162495
	at runNextTicks (internal/process/task_queues.js:58:5)
	at processImmediate (internal/timers.js:434:9)
[2021-07-19 21:32:38.772] [exthost] [error] [ms-python.python] provider FAILED
[2021-07-19 21:32:38.772] [exthost] [error] Canceled: Canceled
	at E.makeCancelError (/home/chohome/.vscode/extensions/ms-python.python-2021.6.944021595/out/client/extension.js:9:184136)
	at E.handleFailedRequest (/home/chohome/.vscode/extensions/ms-python.python-2021.6.944021595/out/client/extension.js:9:183987)
	at /home/chohome/.vscode/extensions/ms-python.python-2021.6.944021595/out/client/extension.js:9:147921
[2021-07-19 21:32:38.792] [exthost] [error] [ms-python.python] provider FAILED
[2021-07-19 21:32:38.792] [exthost] [error] Canceled: Canceled
	at E.makeCancelError (/home/chohome/.vscode/extensions/ms-python.python-2021.6.944021595/out/client/extension.js:9:184136)
	at E.handleFailedRequest (/home/chohome/.vscode/extensions/ms-python.python-2021.6.944021595/out/client/extension.js:9:183987)
	at /home/chohome/.vscode/extensions/ms-python.python-2021.6.944021595/out/client/extension.js:9:147921
	at runNextTicks (internal/process/task_queues.js:58:5)
	at processImmediate (internal/timers.js:434:9)
[2021-07-19 21:32:38.818] [exthost] [error] [ms-python.python] provider FAILED
[2021-07-19 21:32:38.818] [exthost] [error] Canceled: Canceled
	at E.makeCancelError (/home/chohome/.vscode/extensions/ms-python.python-2021.6.944021595/out/client/extension.js:9:184136)
	at E.handleFailedRequest (/home/chohome/.vscode/extensions/ms-python.python-2021.6.944021595/out/client/extension.js:9:183987)
	at /home/chohome/.vscode/extensions/ms-python.python-2021.6.944021595/out/client/extension.js:9:147921
	at runNextTicks (internal/process/task_queues.js:58:5)
	at processImmediate (internal/timers.js:434:9)
[2021-07-19 21:32:38.823] [exthost] [error] [ms-python.python] provider FAILED
[2021-07-19 21:32:38.823] [exthost] [error] Canceled: Canceled
	at E.makeCancelError (/home/chohome/.vscode/extensions/ms-python.python-2021.6.944021595/out/client/extension.js:9:184136)
	at E.handleFailedRequest (/home/chohome/.vscode/extensions/ms-python.python-2021.6.944021595/out/client/extension.js:9:183987)
	at /home/chohome/.vscode/extensions/ms-python.python-2021.6.944021595/out/client/extension.js:9:151848
[2021-07-19 21:32:38.823] [exthost] [error] [ms-python.python] provider FAILED
[2021-07-19 21:32:38.824] [exthost] [error] Canceled: Canceled
	at E.makeCancelError (/home/chohome/.vscode/extensions/ms-python.python-2021.6.944021595/out/client/extension.js:9:184136)
	at E.handleFailedRequest (/home/chohome/.vscode/extensions/ms-python.python-2021.6.944021595/out/client/extension.js:9:183987)
	at /home/chohome/.vscode/extensions/ms-python.python-2021.6.944021595/out/client/extension.js:9:147921
	at runNextTicks (internal/process/task_queues.js:58:5)
	at processImmediate (internal/timers.js:434:9)
[2021-07-19 21:32:38.829] [exthost] [error] [ms-python.python] provider FAILED
[2021-07-19 21:32:38.829] [exthost] [error] Canceled: Canceled
	at E.makeCancelError (/home/chohome/.vscode/extensions/ms-python.python-2021.6.944021595/out/client/extension.js:9:184136)
	at E.handleFailedRequest (/home/chohome/.vscode/extensions/ms-python.python-2021.6.944021595/out/client/extension.js:9:183987)
	at /home/chohome/.vscode/extensions/ms-python.python-2021.6.944021595/out/client/extension.js:59:162495
	at runNextTicks (internal/process/task_queues.js:58:5)
	at processImmediate (internal/timers.js:434:9)
[2021-07-19 21:32:38.830] [exthost] [error] [ms-python.python] provider FAILED
[2021-07-19 21:32:38.830] [exthost] [error] Canceled: Canceled
	at E.makeCancelError (/home/chohome/.vscode/extensions/ms-python.python-2021.6.944021595/out/client/extension.js:9:184136)
	at E.handleFailedRequest (/home/chohome/.vscode/extensions/ms-python.python-2021.6.944021595/out/client/extension.js:9:183987)
	at /home/chohome/.vscode/extensions/ms-python.python-2021.6.944021595/out/client/extension.js:9:147921
[2021-07-19 21:32:38.841] [exthost] [error] [ms-python.python] provider FAILED
[2021-07-19 21:32:38.841] [exthost] [error] Canceled: Canceled
	at E.makeCancelError (/home/chohome/.vscode/extensions/ms-python.python-2021.6.944021595/out/client/extension.js:9:184136)
	at E.handleFailedRequest (/home/chohome/.vscode/extensions/ms-python.python-2021.6.944021595/out/client/extension.js:9:183987)
	at /home/chohome/.vscode/extensions/ms-python.python-2021.6.944021595/out/client/extension.js:9:147921
	at runNextTicks (internal/process/task_queues.js:58:5)
	at processImmediate (internal/timers.js:434:9)
[2021-07-19 21:32:38.864] [exthost] [error] [ms-python.python] provider FAILED
[2021-07-19 21:32:38.864] [exthost] [error] Canceled: Canceled
	at E.makeCancelError (/home/chohome/.vscode/extensions/ms-python.python-2021.6.944021595/out/client/extension.js:9:184136)
	at E.handleFailedRequest (/home/chohome/.vscode/extensions/ms-python.python-2021.6.944021595/out/client/extension.js:9:183987)
	at /home/chohome/.vscode/extensions/ms-python.python-2021.6.944021595/out/client/extension.js:9:151848
	at runNextTicks (internal/process/task_queues.js:58:5)
	at processImmediate (internal/timers.js:434:9)
[2021-07-19 21:41:24.771] [exthost] [info] extension host terminating: renderer closed the socket
[2021-07-19 21:41:24.773] [exthost] [info] Lock '/home/chohome/.config/Code/User/workspaceStorage/2d1b398f8843ad4796c816f99a7ad82d/vscode.lock': Marking the lockfile as scheduled to be released in 6000 ms.
[2021-07-19 21:41:25.813] [exthost] [info] exiting with code 0
