[2021-07-19 23:55:39.807] [exthost] [info] extension host started
[2021-07-19 23:55:39.912] [exthost] [info] ExtensionService#_doActivateExtension vscode.microsoft-authentication {"startup":false,"extensionId":{"value":"vscode.microsoft-authentication","_lower":"vscode.microsoft-authentication"},"activationEvent":"onAuthenticationRequest:microsoft"}
[2021-07-19 23:55:39.912] [exthost] [info] ExtensionService#loadCommonJSModule file:///usr/share/code/resources/app/extensions/microsoft-authentication/dist/extension.js
[2021-07-19 23:55:39.917] [exthost] [info] ExtensionService#_doActivateExtension vscode.configuration-editing {"startup":false,"extensionId":{"value":"vscode.configuration-editing","_lower":"vscode.configuration-editing"},"activationEvent":"onLanguage:jsonc"}
[2021-07-19 23:55:39.917] [exthost] [info] ExtensionService#loadCommonJSModule file:///usr/share/code/resources/app/extensions/configuration-editing/dist/configurationEditingMain
[2021-07-19 23:55:39.918] [exthost] [info] ExtensionService#_doActivateExtension vscode.json-language-features {"startup":false,"extensionId":{"value":"vscode.json-language-features","_lower":"vscode.json-language-features"},"activationEvent":"onLanguage:jsonc"}
[2021-07-19 23:55:39.918] [exthost] [info] ExtensionService#loadCommonJSModule file:///usr/share/code/resources/app/extensions/json-language-features/client/dist/node/jsonClientMain
[2021-07-19 23:55:39.928] [exthost] [info] ExtensionService#_doActivateExtension vscode.typescript-language-features {"startup":false,"extensionId":{"value":"vscode.typescript-language-features","_lower":"vscode.typescript-language-features"},"activationEvent":"onLanguage:jsonc"}
[2021-07-19 23:55:39.928] [exthost] [info] ExtensionService#loadCommonJSModule file:///usr/share/code/resources/app/extensions/typescript-language-features/dist/extension
[2021-07-19 23:55:39.935] [exthost] [info] ExtensionService#_doActivateExtension vscode.debug-auto-launch {"startup":true,"extensionId":{"value":"vscode.debug-auto-launch","_lower":"vscode.debug-auto-launch"},"activationEvent":"*"}
[2021-07-19 23:55:39.935] [exthost] [info] ExtensionService#loadCommonJSModule file:///usr/share/code/resources/app/extensions/debug-auto-launch/dist/extension
[2021-07-19 23:55:39.936] [exthost] [info] ExtensionService#_doActivateExtension vscode.git {"startup":true,"extensionId":{"value":"vscode.github","_lower":"vscode.github"},"activationEvent":"*"}
[2021-07-19 23:55:39.937] [exthost] [info] ExtensionService#loadCommonJSModule file:///usr/share/code/resources/app/extensions/git/dist/main
[2021-07-19 23:55:39.947] [exthost] [info] ExtensionService#_doActivateExtension vscodevim.vim {"startup":true,"extensionId":{"value":"vscodevim.vim","_lower":"vscodevim.vim"},"activationEvent":"*"}
[2021-07-19 23:55:39.947] [exthost] [info] ExtensionService#loadCommonJSModule file:///home/chohome/.vscode/extensions/vscodevim.vim-1.21.5/out/extension
[2021-07-19 23:55:39.972] [exthost] [info] ExtensionService#_doActivateExtension vscode.npm {"startup":true,"extensionId":{"value":"vscode.npm","_lower":"vscode.npm"},"activationEvent":"workspaceContains:package.json"}
[2021-07-19 23:55:39.972] [exthost] [info] ExtensionService#loadCommonJSModule file:///usr/share/code/resources/app/extensions/npm/dist/npmMain
[2021-07-19 23:55:40.095] [exthost] [info] ExtensionService#_doActivateExtension vscode.github {"startup":true,"extensionId":{"value":"vscode.github","_lower":"vscode.github"},"activationEvent":"*"}
[2021-07-19 23:55:40.095] [exthost] [info] ExtensionService#loadCommonJSModule file:///usr/share/code/resources/app/extensions/github/dist/extension.js
[2021-07-19 23:55:40.122] [exthost] [info] ExtensionService#_doActivateExtension ms-vscode.js-debug {"startup":false,"extensionId":{"value":"ms-vscode.js-debug","_lower":"ms-vscode.js-debug"},"activationEvent":"onCommand:extension.js-debug.clearAutoAttachVariables"}
[2021-07-19 23:55:40.122] [exthost] [info] ExtensionService#loadCommonJSModule file:///usr/share/code/resources/app/extensions/ms-vscode.js-debug/src/extension.js
[2021-07-19 23:55:40.171] [exthost] [info] eager extensions activated
[2021-07-19 23:55:40.179] [exthost] [info] ExtensionService#_doActivateExtension vscode.emmet {"startup":false,"extensionId":{"value":"vscode.emmet","_lower":"vscode.emmet"},"activationEvent":"onStartupFinished"}
[2021-07-19 23:55:40.179] [exthost] [info] ExtensionService#loadCommonJSModule file:///usr/share/code/resources/app/extensions/emmet/dist/node/emmetNodeMain
[2021-07-19 23:55:40.185] [exthost] [info] ExtensionService#_doActivateExtension vscode.merge-conflict {"startup":false,"extensionId":{"value":"vscode.merge-conflict","_lower":"vscode.merge-conflict"},"activationEvent":"onStartupFinished"}
[2021-07-19 23:55:40.185] [exthost] [info] ExtensionService#loadCommonJSModule file:///usr/share/code/resources/app/extensions/merge-conflict/dist/mergeConflictMain
[2021-07-19 23:55:40.187] [exthost] [info] ExtensionService#_doActivateExtension vscode.testing-editor-contributions {"startup":false,"extensionId":{"value":"vscode.testing-editor-contributions","_lower":"vscode.testing-editor-contributions"},"activationEvent":"onStartupFinished"}
[2021-07-19 23:55:40.187] [exthost] [info] ExtensionService#loadCommonJSModule file:///usr/share/code/resources/app/extensions/testing-editor-contributions/dist/extension.js
[2021-07-19 23:55:40.282] [exthost] [info] ExtensionService#_doActivateExtension vscode.github-authentication {"startup":false,"extensionId":{"value":"vscode.github-authentication","_lower":"vscode.github-authentication"},"activationEvent":"onAuthenticationRequest:github"}
[2021-07-19 23:55:40.282] [exthost] [info] ExtensionService#loadCommonJSModule file:///usr/share/code/resources/app/extensions/github-authentication/dist/extension.js
[2021-07-19 23:56:09.055] [exthost] [info] ExtensionService#_doActivateExtension ms-toolsai.jupyter {"startup":false,"extensionId":{"value":"ms-python.python","_lower":"ms-python.python"},"activationEvent":"onCommand:python.setInterpreter"}
[2021-07-19 23:56:09.055] [exthost] [info] ExtensionService#loadCommonJSModule file:///home/chohome/.vscode/extensions/ms-toolsai.jupyter-2021.2.603412351/out/client/extension
[2021-07-19 23:56:09.157] [exthost] [error] Activating extension ms-toolsai.jupyter failed due to an error:
[2021-07-19 23:56:09.157] [exthost] [error] TypeError: o.getConfiguration(...).get(...).find is not a function
    at new m (/home/chohome/.vscode/extensions/ms-toolsai.jupyter-2021.2.603412351/out/client/extension.js:47:685418)
    at Object.t.resolveInstance (/home/chohome/.vscode/extensions/ms-toolsai.jupyter-2021.2.603412351/out/client/extension.js:47:237116)
    at /home/chohome/.vscode/extensions/ms-toolsai.jupyter-2021.2.603412351/out/client/extension.js:47:236322
    at Object.t.resolve (/home/chohome/.vscode/extensions/ms-toolsai.jupyter-2021.2.603412351/out/client/extension.js:47:236585)
    at /home/chohome/.vscode/extensions/ms-toolsai.jupyter-2021.2.603412351/out/client/extension.js:47:227686
    at e._get (/home/chohome/.vscode/extensions/ms-toolsai.jupyter-2021.2.603412351/out/client/extension.js:47:227452)
    at e.get (/home/chohome/.vscode/extensions/ms-toolsai.jupyter-2021.2.603412351/out/client/extension.js:47:226164)
    at a.get (/home/chohome/.vscode/extensions/ms-toolsai.jupyter-2021.2.603412351/out/client/extension.js:49:887437)
    at /home/chohome/.vscode/extensions/ms-toolsai.jupyter-2021.2.603412351/out/client/extension.js:47:269530
    at processTicksAndRejections (internal/process/task_queues.js:97:5)
    at /home/chohome/.vscode/extensions/ms-toolsai.jupyter-2021.2.603412351/out/client/extension.js:32:722103
    at t.activate (/home/chohome/.vscode/extensions/ms-toolsai.jupyter-2021.2.603412351/out/client/extension.js:32:721813)
    at async Promise.all (index 0)
[2021-07-19 23:56:52.811] [exthost] [info] extension host terminating: received terminate message from renderer
[2021-07-19 23:56:53.846] [exthost] [info] exiting with code 0
