[2021-07-19 22:49:57.016] [exthost] [info] extension host started
[2021-07-19 22:49:57.086] [exthost] [info] ExtensionService#_doActivateExtension vscode.microsoft-authentication {"startup":false,"extensionId":{"value":"vscode.microsoft-authentication","_lower":"vscode.microsoft-authentication"},"activationEvent":"onAuthenticationRequest:microsoft"}
[2021-07-19 22:49:57.086] [exthost] [info] ExtensionService#loadCommonJSModule file:///usr/share/code/resources/app/extensions/microsoft-authentication/dist/extension.js
[2021-07-19 22:49:57.092] [exthost] [info] ExtensionService#_doActivateExtension vscode.configuration-editing {"startup":false,"extensionId":{"value":"vscode.configuration-editing","_lower":"vscode.configuration-editing"},"activationEvent":"onLanguage:jsonc"}
[2021-07-19 22:49:57.092] [exthost] [info] ExtensionService#loadCommonJSModule file:///usr/share/code/resources/app/extensions/configuration-editing/dist/configurationEditingMain
[2021-07-19 22:49:57.094] [exthost] [info] ExtensionService#_doActivateExtension vscode.json-language-features {"startup":false,"extensionId":{"value":"vscode.json-language-features","_lower":"vscode.json-language-features"},"activationEvent":"onLanguage:jsonc"}
[2021-07-19 22:49:57.094] [exthost] [info] ExtensionService#loadCommonJSModule file:///usr/share/code/resources/app/extensions/json-language-features/client/dist/node/jsonClientMain
[2021-07-19 22:49:57.102] [exthost] [info] ExtensionService#_doActivateExtension vscode.typescript-language-features {"startup":false,"extensionId":{"value":"vscode.typescript-language-features","_lower":"vscode.typescript-language-features"},"activationEvent":"onLanguage:jsonc"}
[2021-07-19 22:49:57.102] [exthost] [info] ExtensionService#loadCommonJSModule file:///usr/share/code/resources/app/extensions/typescript-language-features/dist/extension
[2021-07-19 22:49:57.108] [exthost] [info] ExtensionService#_doActivateExtension vscode.debug-auto-launch {"startup":true,"extensionId":{"value":"vscode.debug-auto-launch","_lower":"vscode.debug-auto-launch"},"activationEvent":"*"}
[2021-07-19 22:49:57.108] [exthost] [info] ExtensionService#loadCommonJSModule file:///usr/share/code/resources/app/extensions/debug-auto-launch/dist/extension
[2021-07-19 22:49:57.109] [exthost] [info] ExtensionService#_doActivateExtension vscode.git {"startup":true,"extensionId":{"value":"vscode.github","_lower":"vscode.github"},"activationEvent":"*"}
[2021-07-19 22:49:57.109] [exthost] [info] ExtensionService#loadCommonJSModule file:///usr/share/code/resources/app/extensions/git/dist/main
[2021-07-19 22:49:57.119] [exthost] [info] ExtensionService#_doActivateExtension vscodevim.vim {"startup":true,"extensionId":{"value":"vscodevim.vim","_lower":"vscodevim.vim"},"activationEvent":"*"}
[2021-07-19 22:49:57.119] [exthost] [info] ExtensionService#loadCommonJSModule file:///home/chohome/.vscode/extensions/vscodevim.vim-1.21.5/out/extension
[2021-07-19 22:49:57.142] [exthost] [info] ExtensionService#_doActivateExtension vscode.npm {"startup":true,"extensionId":{"value":"vscode.npm","_lower":"vscode.npm"},"activationEvent":"workspaceContains:package.json"}
[2021-07-19 22:49:57.143] [exthost] [info] ExtensionService#loadCommonJSModule file:///usr/share/code/resources/app/extensions/npm/dist/npmMain
[2021-07-19 22:49:57.307] [exthost] [info] ExtensionService#_doActivateExtension vscode.github {"startup":true,"extensionId":{"value":"vscode.github","_lower":"vscode.github"},"activationEvent":"*"}
[2021-07-19 22:49:57.307] [exthost] [info] ExtensionService#loadCommonJSModule file:///usr/share/code/resources/app/extensions/github/dist/extension.js
[2021-07-19 22:49:57.319] [exthost] [info] ExtensionService#_doActivateExtension ms-vscode.js-debug {"startup":false,"extensionId":{"value":"ms-vscode.js-debug","_lower":"ms-vscode.js-debug"},"activationEvent":"onCommand:extension.js-debug.clearAutoAttachVariables"}
[2021-07-19 22:49:57.319] [exthost] [info] ExtensionService#loadCommonJSModule file:///usr/share/code/resources/app/extensions/ms-vscode.js-debug/src/extension.js
[2021-07-19 22:49:57.364] [exthost] [info] eager extensions activated
[2021-07-19 22:49:57.393] [exthost] [info] ExtensionService#_doActivateExtension vscode.emmet {"startup":false,"extensionId":{"value":"vscode.emmet","_lower":"vscode.emmet"},"activationEvent":"onStartupFinished"}
[2021-07-19 22:49:57.393] [exthost] [info] ExtensionService#loadCommonJSModule file:///usr/share/code/resources/app/extensions/emmet/dist/node/emmetNodeMain
[2021-07-19 22:49:57.396] [exthost] [info] ExtensionService#_doActivateExtension vscode.merge-conflict {"startup":false,"extensionId":{"value":"vscode.merge-conflict","_lower":"vscode.merge-conflict"},"activationEvent":"onStartupFinished"}
[2021-07-19 22:49:57.396] [exthost] [info] ExtensionService#loadCommonJSModule file:///usr/share/code/resources/app/extensions/merge-conflict/dist/mergeConflictMain
[2021-07-19 22:49:57.398] [exthost] [info] ExtensionService#_doActivateExtension vscode.testing-editor-contributions {"startup":false,"extensionId":{"value":"vscode.testing-editor-contributions","_lower":"vscode.testing-editor-contributions"},"activationEvent":"onStartupFinished"}
[2021-07-19 22:49:57.398] [exthost] [info] ExtensionService#loadCommonJSModule file:///usr/share/code/resources/app/extensions/testing-editor-contributions/dist/extension.js
[2021-07-19 22:49:57.469] [exthost] [info] ExtensionService#_doActivateExtension vscode.github-authentication {"startup":false,"extensionId":{"value":"vscode.github-authentication","_lower":"vscode.github-authentication"},"activationEvent":"onAuthenticationRequest:github"}
[2021-07-19 22:49:57.469] [exthost] [info] ExtensionService#loadCommonJSModule file:///usr/share/code/resources/app/extensions/github-authentication/dist/extension.js
[2021-07-19 23:08:49.952] [exthost] [error] [vscode.json-language-features] provider FAILED
[2021-07-19 23:08:49.971] [exthost] [error] Error: name must not be falsy
    at Function.validate (/usr/share/code/resources/app/out/vs/workbench/services/extensions/node/extensionHostProcess.js:80:33262)
    at new a (/usr/share/code/resources/app/out/vs/workbench/services/extensions/node/extensionHostProcess.js:80:33211)
    at new a (/usr/share/code/resources/app/out/vs/workbench/services/extensions/node/extensionHostProcess.js:80:19977)
    at W (/usr/share/code/resources/app/extensions/json-language-features/client/dist/node/jsonClientMain.js:1:267856)
    at Array.map (<anonymous>)
    at Object.asDocumentSymbols (/usr/share/code/resources/app/extensions/json-language-features/client/dist/node/jsonClientMain.js:1:273194)
    at /usr/share/code/resources/app/extensions/json-language-features/client/dist/node/jsonClientMain.js:1:28911
[2021-07-19 23:09:31.447] [exthost] [error] [vscode.json-language-features] provider FAILED
[2021-07-19 23:09:31.449] [exthost] [error] Error: name must not be falsy
    at Function.validate (/usr/share/code/resources/app/out/vs/workbench/services/extensions/node/extensionHostProcess.js:80:33262)
    at new a (/usr/share/code/resources/app/out/vs/workbench/services/extensions/node/extensionHostProcess.js:80:33211)
    at new a (/usr/share/code/resources/app/out/vs/workbench/services/extensions/node/extensionHostProcess.js:80:19977)
    at W (/usr/share/code/resources/app/extensions/json-language-features/client/dist/node/jsonClientMain.js:1:267856)
    at Array.map (<anonymous>)
    at Object.asDocumentSymbols (/usr/share/code/resources/app/extensions/json-language-features/client/dist/node/jsonClientMain.js:1:273194)
    at /usr/share/code/resources/app/extensions/json-language-features/client/dist/node/jsonClientMain.js:1:28911
[2021-07-19 23:11:27.239] [exthost] [error] [vscode.json-language-features] provider FAILED
[2021-07-19 23:11:27.239] [exthost] [error] Error: name must not be falsy
    at Function.validate (/usr/share/code/resources/app/out/vs/workbench/services/extensions/node/extensionHostProcess.js:80:33262)
    at new a (/usr/share/code/resources/app/out/vs/workbench/services/extensions/node/extensionHostProcess.js:80:33211)
    at new a (/usr/share/code/resources/app/out/vs/workbench/services/extensions/node/extensionHostProcess.js:80:19977)
    at W (/usr/share/code/resources/app/extensions/json-language-features/client/dist/node/jsonClientMain.js:1:267856)
    at Array.map (<anonymous>)
    at Object.asDocumentSymbols (/usr/share/code/resources/app/extensions/json-language-features/client/dist/node/jsonClientMain.js:1:273194)
    at /usr/share/code/resources/app/extensions/json-language-features/client/dist/node/jsonClientMain.js:1:28911
[2021-07-19 23:14:00.748] [exthost] [warning] TextEditor is closed/disposed
[2021-07-19 23:14:00.748] [exthost] [warning] TextEditor is closed/disposed
[2021-07-19 23:14:02.594] [exthost] [warning] TextEditor is closed/disposed
[2021-07-19 23:14:02.594] [exthost] [warning] TextEditor is closed/disposed
[2021-07-19 23:14:03.608] [exthost] [warning] TextEditor is closed/disposed
[2021-07-19 23:14:03.608] [exthost] [warning] TextEditor is closed/disposed
[2021-07-19 23:16:55.948] [exthost] [warning] TextEditor is closed/disposed
[2021-07-19 23:16:55.948] [exthost] [warning] TextEditor is closed/disposed
[2021-07-19 23:16:57.306] [exthost] [warning] TextEditor is closed/disposed
[2021-07-19 23:16:57.306] [exthost] [warning] TextEditor is closed/disposed
[2021-07-19 23:17:03.756] [exthost] [warning] TextEditor is closed/disposed
[2021-07-19 23:17:03.756] [exthost] [warning] TextEditor is closed/disposed
[2021-07-19 23:17:04.425] [exthost] [warning] TextEditor is closed/disposed
[2021-07-19 23:17:04.425] [exthost] [warning] TextEditor is closed/disposed
[2021-07-19 23:17:05.382] [exthost] [warning] TextEditor is closed/disposed
[2021-07-19 23:17:05.382] [exthost] [warning] TextEditor is closed/disposed
[2021-07-19 23:17:05.931] [exthost] [warning] TextEditor is closed/disposed
[2021-07-19 23:17:05.931] [exthost] [warning] TextEditor is closed/disposed
[2021-07-19 23:17:06.453] [exthost] [warning] TextEditor is closed/disposed
[2021-07-19 23:17:06.453] [exthost] [warning] TextEditor is closed/disposed
[2021-07-19 23:17:06.852] [exthost] [warning] TextEditor is closed/disposed
[2021-07-19 23:17:06.852] [exthost] [warning] TextEditor is closed/disposed
[2021-07-19 23:17:07.195] [exthost] [warning] TextEditor is closed/disposed
[2021-07-19 23:17:07.195] [exthost] [warning] TextEditor is closed/disposed
[2021-07-19 23:17:07.412] [exthost] [warning] TextEditor is closed/disposed
[2021-07-19 23:17:07.412] [exthost] [warning] TextEditor is closed/disposed
[2021-07-19 23:17:07.905] [exthost] [warning] TextEditor is closed/disposed
[2021-07-19 23:17:07.905] [exthost] [warning] TextEditor is closed/disposed
[2021-07-19 23:17:08.102] [exthost] [warning] TextEditor is closed/disposed
[2021-07-19 23:17:08.102] [exthost] [warning] TextEditor is closed/disposed
[2021-07-19 23:17:08.333] [exthost] [warning] TextEditor is closed/disposed
[2021-07-19 23:17:08.333] [exthost] [warning] TextEditor is closed/disposed
[2021-07-19 23:17:08.858] [exthost] [warning] TextEditor is closed/disposed
[2021-07-19 23:17:08.858] [exthost] [warning] TextEditor is closed/disposed
[2021-07-19 23:17:09.301] [exthost] [warning] TextEditor is closed/disposed
[2021-07-19 23:17:09.301] [exthost] [warning] TextEditor is closed/disposed
[2021-07-19 23:17:12.894] [exthost] [warning] TextEditor is closed/disposed
[2021-07-19 23:17:12.894] [exthost] [warning] TextEditor is closed/disposed
[2021-07-19 23:18:41.932] [exthost] [info] extension host terminating: received terminate message from renderer
[2021-07-19 23:18:42.949] [exthost] [info] exiting with code 0
