[2021-07-19 20:59:55.808] [exthost] [info] extension host started
[2021-07-19 20:59:55.842] [exthost] [info] Lock '/home/chohome/.config/Code/User/workspaceStorage/2d1b398f8843ad4796c816f99a7ad82d/vscode.lock': Lock acquired.
[2021-07-19 20:59:55.879] [exthost] [info] ExtensionService#_doActivateExtension vscode.microsoft-authentication {"startup":false,"extensionId":{"value":"vscode.microsoft-authentication","_lower":"vscode.microsoft-authentication"},"activationEvent":"onAuthenticationRequest:microsoft"}
[2021-07-19 20:59:55.880] [exthost] [info] ExtensionService#loadCommonJSModule file:///usr/share/code/resources/app/extensions/microsoft-authentication/dist/extension.js
[2021-07-19 20:59:55.885] [exthost] [info] ExtensionService#_doActivateExtension ms-python.python {"startup":false,"extensionId":{"value":"ms-python.vscode-pylance","_lower":"ms-python.vscode-pylance"},"activationEvent":"onLanguage:python"}
[2021-07-19 20:59:55.885] [exthost] [info] ExtensionService#loadCommonJSModule file:///home/chohome/.vscode/extensions/ms-python.python-2021.6.944021595/out/client/extension
[2021-07-19 20:59:56.029] [exthost] [info] ExtensionService#_doActivateExtension ms-toolsai.jupyter {"startup":false,"extensionId":{"value":"ms-toolsai.jupyter","_lower":"ms-toolsai.jupyter"},"activationEvent":"onLanguage:python"}
[2021-07-19 20:59:56.029] [exthost] [info] ExtensionService#loadCommonJSModule file:///home/chohome/.vscode/extensions/ms-toolsai.jupyter-2021.8.1013163132/out/client/extension
[2021-07-19 20:59:56.216] [exthost] [info] ExtensionService#_doActivateExtension vscode.debug-auto-launch {"startup":true,"extensionId":{"value":"vscode.debug-auto-launch","_lower":"vscode.debug-auto-launch"},"activationEvent":"*"}
[2021-07-19 20:59:56.216] [exthost] [info] ExtensionService#loadCommonJSModule file:///usr/share/code/resources/app/extensions/debug-auto-launch/dist/extension
[2021-07-19 20:59:56.217] [exthost] [info] ExtensionService#_doActivateExtension vscode.git {"startup":true,"extensionId":{"value":"vscode.github","_lower":"vscode.github"},"activationEvent":"*"}
[2021-07-19 20:59:56.217] [exthost] [info] ExtensionService#loadCommonJSModule file:///usr/share/code/resources/app/extensions/git/dist/main
[2021-07-19 20:59:56.229] [exthost] [info] ExtensionService#_doActivateExtension vscode.npm {"startup":true,"extensionId":{"value":"vscode.npm","_lower":"vscode.npm"},"activationEvent":"workspaceContains:package.json"}
[2021-07-19 20:59:56.229] [exthost] [info] ExtensionService#loadCommonJSModule file:///usr/share/code/resources/app/extensions/npm/dist/npmMain
[2021-07-19 20:59:56.496] [exthost] [info] ExtensionService#_doActivateExtension vscode.github {"startup":true,"extensionId":{"value":"vscode.github","_lower":"vscode.github"},"activationEvent":"*"}
[2021-07-19 20:59:56.497] [exthost] [info] ExtensionService#loadCommonJSModule file:///usr/share/code/resources/app/extensions/github/dist/extension.js
[2021-07-19 20:59:56.522] [exthost] [info] ExtensionService#_doActivateExtension ms-vscode.js-debug {"startup":false,"extensionId":{"value":"ms-vscode.js-debug","_lower":"ms-vscode.js-debug"},"activationEvent":"onCommand:extension.js-debug.clearAutoAttachVariables"}
[2021-07-19 20:59:56.522] [exthost] [info] ExtensionService#loadCommonJSModule file:///usr/share/code/resources/app/extensions/ms-vscode.js-debug/src/extension.js
[2021-07-19 20:59:56.700] [exthost] [info] eager extensions activated
[2021-07-19 20:59:56.766] [exthost] [info] ExtensionService#_doActivateExtension vscode.emmet {"startup":false,"extensionId":{"value":"vscode.emmet","_lower":"vscode.emmet"},"activationEvent":"onStartupFinished"}
[2021-07-19 20:59:56.766] [exthost] [info] ExtensionService#loadCommonJSModule file:///usr/share/code/resources/app/extensions/emmet/dist/node/emmetNodeMain
[2021-07-19 20:59:56.769] [exthost] [info] ExtensionService#_doActivateExtension vscode.merge-conflict {"startup":false,"extensionId":{"value":"vscode.merge-conflict","_lower":"vscode.merge-conflict"},"activationEvent":"onStartupFinished"}
[2021-07-19 20:59:56.769] [exthost] [info] ExtensionService#loadCommonJSModule file:///usr/share/code/resources/app/extensions/merge-conflict/dist/mergeConflictMain
[2021-07-19 20:59:56.770] [exthost] [info] ExtensionService#_doActivateExtension vscode.testing-editor-contributions {"startup":false,"extensionId":{"value":"vscode.testing-editor-contributions","_lower":"vscode.testing-editor-contributions"},"activationEvent":"onStartupFinished"}
[2021-07-19 20:59:56.770] [exthost] [info] ExtensionService#loadCommonJSModule file:///usr/share/code/resources/app/extensions/testing-editor-contributions/dist/extension.js
[2021-07-19 20:59:56.786] [exthost] [info] ExtensionService#_doActivateExtension vscode.github-authentication {"startup":false,"extensionId":{"value":"vscode.github-authentication","_lower":"vscode.github-authentication"},"activationEvent":"onAuthenticationRequest:github"}
[2021-07-19 20:59:56.786] [exthost] [info] ExtensionService#loadCommonJSModule file:///usr/share/code/resources/app/extensions/github-authentication/dist/extension.js
[2021-07-19 20:59:57.251] [exthost] [info] ExtensionService#_doActivateExtension ms-python.vscode-pylance {"startup":false,"extensionId":{"value":"ms-python.vscode-pylance","_lower":"ms-python.vscode-pylance"},"activationEvent":"onLanguage:python"}
[2021-07-19 20:59:57.251] [exthost] [info] ExtensionService#loadCommonJSModule file:///home/chohome/.vscode/extensions/ms-python.vscode-pylance-2021.7.4/dist/extension.bundle.js
[2021-07-19 21:01:11.283] [exthost] [info] ExtensionService#_doActivateExtension vscode.configuration-editing {"startup":false,"extensionId":{"value":"vscode.configuration-editing","_lower":"vscode.configuration-editing"},"activationEvent":"onLanguage:json"}
[2021-07-19 21:01:11.283] [exthost] [info] ExtensionService#loadCommonJSModule file:///usr/share/code/resources/app/extensions/configuration-editing/dist/configurationEditingMain
[2021-07-19 21:01:11.285] [exthost] [info] ExtensionService#_doActivateExtension vscode.extension-editing {"startup":false,"extensionId":{"value":"vscode.extension-editing","_lower":"vscode.extension-editing"},"activationEvent":"onLanguage:json"}
[2021-07-19 21:01:11.285] [exthost] [info] ExtensionService#loadCommonJSModule file:///usr/share/code/resources/app/extensions/extension-editing/dist/extensionEditingMain
[2021-07-19 21:01:11.293] [exthost] [info] ExtensionService#_doActivateExtension vscode.json-language-features {"startup":false,"extensionId":{"value":"vscode.json-language-features","_lower":"vscode.json-language-features"},"activationEvent":"onLanguage:json"}
[2021-07-19 21:01:11.293] [exthost] [info] ExtensionService#loadCommonJSModule file:///usr/share/code/resources/app/extensions/json-language-features/client/dist/node/jsonClientMain
[2021-07-19 21:01:11.316] [exthost] [info] ExtensionService#_doActivateExtension vscode.typescript-language-features {"startup":false,"extensionId":{"value":"vscode.typescript-language-features","_lower":"vscode.typescript-language-features"},"activationEvent":"onLanguage:jsonc"}
[2021-07-19 21:01:11.316] [exthost] [info] ExtensionService#loadCommonJSModule file:///usr/share/code/resources/app/extensions/typescript-language-features/dist/extension
[2021-07-19 21:01:20.007] [exthost] [info] ExtensionService#_doActivateExtension asvetliakov.vscode-neovim {"startup":false,"extensionId":{"value":"asvetliakov.vscode-neovim","_lower":"asvetliakov.vscode-neovim"},"activationEvent":"*"}
[2021-07-19 21:01:20.007] [exthost] [info] ExtensionService#loadCommonJSModule file:///home/chohome/.vscode/extensions/asvetliakov.vscode-neovim-0.0.82/dist/extension.js
[2021-07-19 21:05:28.392] [exthost] [error] [ms-python.python] provider FAILED
[2021-07-19 21:05:28.397] [exthost] [error] Canceled: Canceled
	at E.makeCancelError (/home/chohome/.vscode/extensions/ms-python.python-2021.6.944021595/out/client/extension.js:9:184136)
	at E.handleFailedRequest (/home/chohome/.vscode/extensions/ms-python.python-2021.6.944021595/out/client/extension.js:9:183987)
	at /home/chohome/.vscode/extensions/ms-python.python-2021.6.944021595/out/client/extension.js:9:148975
[2021-07-19 21:05:28.398] [exthost] [error] [ms-python.python] provider FAILED
[2021-07-19 21:05:28.398] [exthost] [error] Canceled: Canceled
	at E.makeCancelError (/home/chohome/.vscode/extensions/ms-python.python-2021.6.944021595/out/client/extension.js:9:184136)
	at E.handleFailedRequest (/home/chohome/.vscode/extensions/ms-python.python-2021.6.944021595/out/client/extension.js:9:183987)
	at /home/chohome/.vscode/extensions/ms-python.python-2021.6.944021595/out/client/extension.js:9:147921
[2021-07-19 21:05:28.398] [exthost] [error] [ms-python.python] provider FAILED
[2021-07-19 21:05:28.398] [exthost] [error] Canceled: Canceled
	at E.makeCancelError (/home/chohome/.vscode/extensions/ms-python.python-2021.6.944021595/out/client/extension.js:9:184136)
	at E.handleFailedRequest (/home/chohome/.vscode/extensions/ms-python.python-2021.6.944021595/out/client/extension.js:9:183987)
	at /home/chohome/.vscode/extensions/ms-python.python-2021.6.944021595/out/client/extension.js:9:148975
[2021-07-19 21:05:28.409] [exthost] [error] [ms-python.python] provider FAILED
[2021-07-19 21:05:28.409] [exthost] [error] Canceled: Canceled
	at E.makeCancelError (/home/chohome/.vscode/extensions/ms-python.python-2021.6.944021595/out/client/extension.js:9:184136)
	at E.handleFailedRequest (/home/chohome/.vscode/extensions/ms-python.python-2021.6.944021595/out/client/extension.js:9:183987)
	at /home/chohome/.vscode/extensions/ms-python.python-2021.6.944021595/out/client/extension.js:9:151848
[2021-07-19 21:05:28.414] [exthost] [error] [ms-python.python] provider FAILED
[2021-07-19 21:05:28.414] [exthost] [error] Canceled: Canceled
	at E.makeCancelError (/home/chohome/.vscode/extensions/ms-python.python-2021.6.944021595/out/client/extension.js:9:184136)
	at E.handleFailedRequest (/home/chohome/.vscode/extensions/ms-python.python-2021.6.944021595/out/client/extension.js:9:183987)
	at /home/chohome/.vscode/extensions/ms-python.python-2021.6.944021595/out/client/extension.js:59:162495
[2021-07-19 21:05:28.536] [exthost] [error] [ms-python.python] provider FAILED
[2021-07-19 21:05:28.536] [exthost] [error] Canceled: Canceled
	at E.makeCancelError (/home/chohome/.vscode/extensions/ms-python.python-2021.6.944021595/out/client/extension.js:9:184136)
	at E.handleFailedRequest (/home/chohome/.vscode/extensions/ms-python.python-2021.6.944021595/out/client/extension.js:9:183987)
	at /home/chohome/.vscode/extensions/ms-python.python-2021.6.944021595/out/client/extension.js:9:151848
[2021-07-19 21:05:28.537] [exthost] [error] [ms-python.python] provider FAILED
[2021-07-19 21:05:28.537] [exthost] [error] Canceled: Canceled
	at E.makeCancelError (/home/chohome/.vscode/extensions/ms-python.python-2021.6.944021595/out/client/extension.js:9:184136)
	at E.handleFailedRequest (/home/chohome/.vscode/extensions/ms-python.python-2021.6.944021595/out/client/extension.js:9:183987)
	at /home/chohome/.vscode/extensions/ms-python.python-2021.6.944021595/out/client/extension.js:59:162495
[2021-07-19 21:05:28.537] [exthost] [error] [ms-python.python] provider FAILED
[2021-07-19 21:05:28.537] [exthost] [error] Canceled: Canceled
	at E.makeCancelError (/home/chohome/.vscode/extensions/ms-python.python-2021.6.944021595/out/client/extension.js:9:184136)
	at E.handleFailedRequest (/home/chohome/.vscode/extensions/ms-python.python-2021.6.944021595/out/client/extension.js:9:183987)
	at /home/chohome/.vscode/extensions/ms-python.python-2021.6.944021595/out/client/extension.js:59:161417
	at runNextTicks (internal/process/task_queues.js:58:5)
	at processImmediate (internal/timers.js:434:9)
[2021-07-19 21:05:28.538] [exthost] [error] [ms-python.python] provider FAILED
[2021-07-19 21:05:28.538] [exthost] [error] Canceled: Canceled
	at E.makeCancelError (/home/chohome/.vscode/extensions/ms-python.python-2021.6.944021595/out/client/extension.js:9:184136)
	at E.handleFailedRequest (/home/chohome/.vscode/extensions/ms-python.python-2021.6.944021595/out/client/extension.js:9:183987)
	at /home/chohome/.vscode/extensions/ms-python.python-2021.6.944021595/out/client/extension.js:59:162495
	at runNextTicks (internal/process/task_queues.js:58:5)
	at processImmediate (internal/timers.js:434:9)
[2021-07-19 21:05:28.538] [exthost] [error] [ms-python.python] provider FAILED
[2021-07-19 21:05:28.538] [exthost] [error] Canceled: Canceled
	at E.makeCancelError (/home/chohome/.vscode/extensions/ms-python.python-2021.6.944021595/out/client/extension.js:9:184136)
	at E.handleFailedRequest (/home/chohome/.vscode/extensions/ms-python.python-2021.6.944021595/out/client/extension.js:9:183987)
	at /home/chohome/.vscode/extensions/ms-python.python-2021.6.944021595/out/client/extension.js:59:162495
[2021-07-19 21:05:47.888] [exthost] [error] [ms-python.python] provider FAILED
[2021-07-19 21:05:47.888] [exthost] [error] Canceled: Canceled
	at E.makeCancelError (/home/chohome/.vscode/extensions/ms-python.python-2021.6.944021595/out/client/extension.js:9:184136)
	at E.handleFailedRequest (/home/chohome/.vscode/extensions/ms-python.python-2021.6.944021595/out/client/extension.js:9:183987)
	at /home/chohome/.vscode/extensions/ms-python.python-2021.6.944021595/out/client/extension.js:59:162495
[2021-07-19 21:05:47.888] [exthost] [error] [ms-python.python] provider FAILED
[2021-07-19 21:05:47.888] [exthost] [error] Canceled: Canceled
	at E.makeCancelError (/home/chohome/.vscode/extensions/ms-python.python-2021.6.944021595/out/client/extension.js:9:184136)
	at E.handleFailedRequest (/home/chohome/.vscode/extensions/ms-python.python-2021.6.944021595/out/client/extension.js:9:183987)
	at /home/chohome/.vscode/extensions/ms-python.python-2021.6.944021595/out/client/extension.js:59:162495
	at runNextTicks (internal/process/task_queues.js:58:5)
	at processImmediate (internal/timers.js:434:9)
[2021-07-19 21:05:47.888] [exthost] [error] [ms-python.python] provider FAILED
[2021-07-19 21:05:47.888] [exthost] [error] Canceled: Canceled
	at E.makeCancelError (/home/chohome/.vscode/extensions/ms-python.python-2021.6.944021595/out/client/extension.js:9:184136)
	at E.handleFailedRequest (/home/chohome/.vscode/extensions/ms-python.python-2021.6.944021595/out/client/extension.js:9:183987)
	at /home/chohome/.vscode/extensions/ms-python.python-2021.6.944021595/out/client/extension.js:9:151848
[2021-07-19 21:05:47.889] [exthost] [error] [ms-python.python] provider FAILED
[2021-07-19 21:05:47.889] [exthost] [error] Canceled: Canceled
	at E.makeCancelError (/home/chohome/.vscode/extensions/ms-python.python-2021.6.944021595/out/client/extension.js:9:184136)
	at E.handleFailedRequest (/home/chohome/.vscode/extensions/ms-python.python-2021.6.944021595/out/client/extension.js:9:183987)
	at /home/chohome/.vscode/extensions/ms-python.python-2021.6.944021595/out/client/extension.js:59:162495
	at runNextTicks (internal/process/task_queues.js:58:5)
	at processImmediate (internal/timers.js:434:9)
[2021-07-19 21:05:47.889] [exthost] [error] [ms-python.python] provider FAILED
[2021-07-19 21:05:47.889] [exthost] [error] Canceled: Canceled
	at E.makeCancelError (/home/chohome/.vscode/extensions/ms-python.python-2021.6.944021595/out/client/extension.js:9:184136)
	at E.handleFailedRequest (/home/chohome/.vscode/extensions/ms-python.python-2021.6.944021595/out/client/extension.js:9:183987)
	at /home/chohome/.vscode/extensions/ms-python.python-2021.6.944021595/out/client/extension.js:59:162495
[2021-07-19 21:05:47.889] [exthost] [error] [ms-python.python] provider FAILED
[2021-07-19 21:05:47.889] [exthost] [error] Canceled: Canceled
	at E.makeCancelError (/home/chohome/.vscode/extensions/ms-python.python-2021.6.944021595/out/client/extension.js:9:184136)
	at E.handleFailedRequest (/home/chohome/.vscode/extensions/ms-python.python-2021.6.944021595/out/client/extension.js:9:183987)
	at /home/chohome/.vscode/extensions/ms-python.python-2021.6.944021595/out/client/extension.js:9:151848
[2021-07-19 21:07:53.272] [exthost] [error] [ms-python.python] provider FAILED
[2021-07-19 21:07:53.272] [exthost] [error] Canceled: Canceled
	at E.makeCancelError (/home/chohome/.vscode/extensions/ms-python.python-2021.6.944021595/out/client/extension.js:9:184136)
	at E.handleFailedRequest (/home/chohome/.vscode/extensions/ms-python.python-2021.6.944021595/out/client/extension.js:9:183987)
	at /home/chohome/.vscode/extensions/ms-python.python-2021.6.944021595/out/client/extension.js:9:144329
[2021-07-19 21:08:16.422] [exthost] [info] extension host terminating: renderer closed the socket
[2021-07-19 21:08:16.423] [exthost] [info] Lock '/home/chohome/.config/Code/User/workspaceStorage/2d1b398f8843ad4796c816f99a7ad82d/vscode.lock': Marking the lockfile as scheduled to be released in 6000 ms.
[2021-07-19 21:08:17.467] [exthost] [info] exiting with code 0
