User belongs to experiment group 'pythonJediLSP'
User belongs to experiment group 'jupyterTest'
User belongs to experiment group 'pythonDiscoveryModuleWithoutWatcher'
User belongs to experiment group 'pythonSurveyNotificationcf'
User belongs to experiment group 'jupyterEnhancedDataViewer'
User belongs to experiment group 'pythonDeprecatePythonPath'
Info 2021-07-19 21:08:23: ZMQ install verified.
Info 2021-07-19 21:08:23: id is 6a0aa401-86ff-438d-b2c4-10f76d3cf838
Info 2021-07-19 21:08:34: Process Execution: > ~/.pyenv/versions/3.7.2/envs/dl/bin/python -m pip list
> ~/.pyenv/versions/3.7.2/envs/dl/bin/python -m pip list
Info 2021-07-19 21:08:34: Shutting down notebooks for 81bea55a-72c1-4013-8871-f8a09ca5829a
Info 2021-07-19 21:08:34: Disposing HostJupyterExecution 76a55516-65c4-4e03-8b61-9c20ce95fe54
Info 2021-07-19 21:08:34: Disposing super HostJupyterExecution 76a55516-65c4-4e03-8b61-9c20ce95fe54
Info 2021-07-19 21:08:34: Disposing HostJupyterExecution 76a55516-65c4-4e03-8b61-9c20ce95fe54
Info 2021-07-19 21:08:34: Finished disposing HostJupyterExecution  76a55516-65c4-4e03-8b61-9c20ce95fe54
Info 2021-07-19 21:08:34: Disposing HostJupyterExecution 76a55516-65c4-4e03-8b61-9c20ce95fe54
Info 2021-07-19 21:08:34: Finished disposing HostJupyterExecution  76a55516-65c4-4e03-8b61-9c20ce95fe54
Info 2021-07-19 21:08:34: Getting live share API during dispose HostJupyterExecution 76a55516-65c4-4e03-8b61-9c20ce95fe54
Info 2021-07-19 21:08:34: Detaching HostJupyterExecution 76a55516-65c4-4e03-8b61-9c20ce95fe54
Info 2021-07-19 21:08:34: Cleaning up server cache 76a55516-65c4-4e03-8b61-9c20ce95fe54
Info 2021-07-19 21:08:34: Finished disposing HostJupyterExecution  76a55516-65c4-4e03-8b61-9c20ce95fe54
