[2021-07-19 23:18:44.821] [renderer1] [error] F.filter is not a function: TypeError: F.filter is not a function
    at R.getUserConfiguredCustomEditors (file:///usr/share/code/resources/app/out/vs/workbench/workbench.desktop.main.js:1753:84530)
    at R.getAllCustomEditors (file:///usr/share/code/resources/app/out/vs/workbench/workbench.desktop.main.js:1753:84704)
    at R.updateContexts (file:///usr/share/code/resources/app/out/vs/workbench/workbench.desktop.main.js:1753:88081)
    at file:///usr/share/code/resources/app/out/vs/workbench/workbench.desktop.main.js:1753:83581
    at u.fire (file:///usr/share/code/resources/app/out/vs/workbench/workbench.desktop.main.js:55:1836)
    at L.doHandleActiveEditorChangeEvent (file:///usr/share/code/resources/app/out/vs/workbench/workbench.desktop.main.js:2099:72631)
    at L.handleActiveEditorChange (file:///usr/share/code/resources/app/out/vs/workbench/workbench.desktop.main.js:2099:72428)
    at file:///usr/share/code/resources/app/out/vs/workbench/workbench.desktop.main.js:2099:71517
    at u.fire (file:///usr/share/code/resources/app/out/vs/workbench/workbench.desktop.main.js:55:1836)
    at si.doSetGroupActive (file:///usr/share/code/resources/app/out/vs/workbench/workbench.desktop.main.js:2284:8343)
    at Object.fromJSON (file:///usr/share/code/resources/app/out/vs/workbench/workbench.desktop.main.js:2284:14400)
    at n._deserializeNode (file:///usr/share/code/resources/app/out/vs/workbench/workbench.desktop.main.js:138:58262)
    at file:///usr/share/code/resources/app/out/vs/workbench/workbench.desktop.main.js:138:58105
    at Array.map (<anonymous>)
    at n._deserializeNode (file:///usr/share/code/resources/app/out/vs/workbench/workbench.desktop.main.js:138:58086)
    at n._deserialize (file:///usr/share/code/resources/app/out/vs/workbench/workbench.desktop.main.js:138:57991)
    at Function.deserialize (file:///usr/share/code/resources/app/out/vs/workbench/workbench.desktop.main.js:138:57925)
    at Function.deserialize (file:///usr/share/code/resources/app/out/vs/workbench/workbench.desktop.main.js:138:67633)
    at si.doCreateGridControlWithState (file:///usr/share/code/resources/app/out/vs/workbench/workbench.desktop.main.js:2284:14283)
    at si.doCreateGridControlWithPreviousState (file:///usr/share/code/resources/app/out/vs/workbench/workbench.desktop.main.js:2284:13869)
    at si.doCreateGridControl (file:///usr/share/code/resources/app/out/vs/workbench/workbench.desktop.main.js:2284:13330)
    at si.createContentArea (file:///usr/share/code/resources/app/out/vs/workbench/workbench.desktop.main.js:2284:11677)
    at si.create (file:///usr/share/code/resources/app/out/vs/workbench/workbench.desktop.main.js:740:8175)
    at file:///usr/share/code/resources/app/out/vs/workbench/workbench.desktop.main.js:2323:92020
    at Array.forEach (<anonymous>)
    at O.renderWorkbench (file:///usr/share/code/resources/app/out/vs/workbench/workbench.desktop.main.js:2323:91927)
    at file:///usr/share/code/resources/app/out/vs/workbench/workbench.desktop.main.js:2323:88916
    at C.invokeFunction (file:///usr/share/code/resources/app/out/vs/workbench/workbench.desktop.main.js:614:20943)
    at O.startup (file:///usr/share/code/resources/app/out/vs/workbench/workbench.desktop.main.js:2323:88547)
    at J.open (file:///usr/share/code/resources/app/out/vs/workbench/workbench.desktop.main.js:2658:6772)
    at async file:///usr/share/code/resources/app/out/bootstrap-window.js:1:2555
[2021-07-19 23:18:44.821] [renderer1] [error] Unexpected error getting editor overrides: TypeError: F.filter is not a function
[2021-07-19 23:18:44.821] [renderer1] [error] Unexpected error getting editor overrides: TypeError: ue.filter is not a function
[2021-07-19 23:18:44.821] [renderer1] [error] Unexpected error getting editor overrides: TypeError: F.filter is not a function
[2021-07-19 23:18:44.821] [renderer1] [error] Unexpected error getting editor overrides: TypeError: ue.filter is not a function
[2021-07-19 23:18:44.821] [renderer1] [error] F.filter is not a function: TypeError: F.filter is not a function
    at R.getUserConfiguredCustomEditors (file:///usr/share/code/resources/app/out/vs/workbench/workbench.desktop.main.js:1753:84530)
    at R.getAllCustomEditors (file:///usr/share/code/resources/app/out/vs/workbench/workbench.desktop.main.js:1753:84704)
    at R.updateContexts (file:///usr/share/code/resources/app/out/vs/workbench/workbench.desktop.main.js:1753:88081)
    at file:///usr/share/code/resources/app/out/vs/workbench/workbench.desktop.main.js:1753:83581
    at u.fire (file:///usr/share/code/resources/app/out/vs/workbench/workbench.desktop.main.js:55:1836)
    at L.doHandleActiveEditorChangeEvent (file:///usr/share/code/resources/app/out/vs/workbench/workbench.desktop.main.js:2099:72631)
    at L.onEditorsRestored (file:///usr/share/code/resources/app/out/vs/workbench/workbench.desktop.main.js:2099:72238)
    at file:///usr/share/code/resources/app/out/vs/workbench/workbench.desktop.main.js:2099:71441
[2021-07-19 23:18:44.821] [renderer1] [error] Unexpected error getting editor overrides: TypeError: F.filter is not a function
[2021-07-19 23:18:44.821] [renderer1] [error] Unexpected error getting editor overrides: TypeError: ue.filter is not a function
[2021-07-19 23:18:44.821] [renderer1] [error] Unexpected error getting editor overrides: TypeError: F.filter is not a function
[2021-07-19 23:18:44.821] [renderer1] [error] Unexpected error getting editor overrides: TypeError: ue.filter is not a function
[2021-07-19 23:18:44.821] [renderer1] [error] Unexpected error getting editor overrides: TypeError: F.filter is not a function
[2021-07-19 23:18:44.821] [renderer1] [error] Unexpected error getting editor overrides: TypeError: ue.filter is not a function
[2021-07-19 23:18:44.821] [renderer1] [error] Unexpected error getting editor overrides: TypeError: F.filter is not a function
[2021-07-19 23:18:44.821] [renderer1] [error] Unexpected error getting editor overrides: TypeError: ue.filter is not a function
[2021-07-19 23:18:44.938] [renderer1] [error] F.filter is not a function: TypeError: F.filter is not a function
    at R.getUserConfiguredCustomEditors (file:///usr/share/code/resources/app/out/vs/workbench/workbench.desktop.main.js:1753:84530)
    at R.getAllCustomEditors (file:///usr/share/code/resources/app/out/vs/workbench/workbench.desktop.main.js:1753:84704)
    at R.updateContexts (file:///usr/share/code/resources/app/out/vs/workbench/workbench.desktop.main.js:1753:88081)
    at file:///usr/share/code/resources/app/out/vs/workbench/workbench.desktop.main.js:1753:83366
    at u.fire (file:///usr/share/code/resources/app/out/vs/workbench/workbench.desktop.main.js:55:1836)
    at C.update (file:///usr/share/code/resources/app/out/vs/workbench/workbench.desktop.main.js:1604:17312)
    at u._handler (file:///usr/share/code/resources/app/out/vs/workbench/workbench.desktop.main.js:1604:16851)
    at u._handle (file:///usr/share/code/resources/app/out/vs/workbench/workbench.desktop.main.js:1534:5401)
    at u.acceptUsers (file:///usr/share/code/resources/app/out/vs/workbench/workbench.desktop.main.js:1534:5305)
    at Function._handleExtensionPoint (file:///usr/share/code/resources/app/out/vs/workbench/workbench.desktop.main.js:1734:20392)
    at L._doHandleExtensionPoints (file:///usr/share/code/resources/app/out/vs/workbench/workbench.desktop.main.js:1734:19511)
    at L._startLocalExtensionHost (file:///usr/share/code/resources/app/out/vs/workbench/workbench.desktop.main.js:2659:8340)
    at L._scanAndHandleExtensions (file:///usr/share/code/resources/app/out/vs/workbench/workbench.desktop.main.js:2659:7502)
    at async L._initialize (file:///usr/share/code/resources/app/out/vs/workbench/workbench.desktop.main.js:1734:15238)
[2021-07-19 23:18:45.027] [renderer1] [error] Unexpected error getting editor overrides: TypeError: F.filter is not a function
[2021-07-19 23:18:45.027] [renderer1] [error] Unexpected error getting editor overrides: TypeError: ue.filter is not a function
[2021-07-19 23:18:46.245] [renderer1] [error] ENOENT: no such file or directory, open '/home/chohome/.config/Code/User/globalStorage/vscodevim.vim/.registers': Error: ENOENT: no such file or directory, open '/home/chohome/.config/Code/User/globalStorage/vscodevim.vim/.registers'
[2021-07-19 23:18:47.015] [renderer1] [error] Error: [File Watcher (chokidar)] Inotify limit reached (ENOSPC)
[2021-07-19 23:18:47.016] [renderer1] [error] [File Watcher (chokidar)] Inotify limit reached (ENOSPC)
[2021-07-19 23:20:24.622] [renderer1] [error] F.filter is not a function: TypeError: F.filter is not a function
    at R.getUserConfiguredCustomEditors (file:///usr/share/code/resources/app/out/vs/workbench/workbench.desktop.main.js:1753:84530)
    at M.onResourceEditorOpening (file:///usr/share/code/resources/app/out/vs/workbench/workbench.desktop.main.js:1753:91291)
    at M.onEditorOpening (file:///usr/share/code/resources/app/out/vs/workbench/workbench.desktop.main.js:1753:91192)
    at Object.open (file:///usr/share/code/resources/app/out/vs/workbench/workbench.desktop.main.js:1753:90188)
    at L.onGroupWillOpenEditor (file:///usr/share/code/resources/app/out/vs/workbench/workbench.desktop.main.js:2099:78082)
    at file:///usr/share/code/resources/app/out/vs/workbench/workbench.desktop.main.js:2099:72909
    at u.fire (file:///usr/share/code/resources/app/out/vs/workbench/workbench.desktop.main.js:55:1836)
    at Ti.openEditor (file:///usr/share/code/resources/app/out/vs/workbench/workbench.desktop.main.js:2265:14207)
    at L.openEditor (file:///usr/share/code/resources/app/out/vs/workbench/workbench.desktop.main.js:2099:78368)
    at Jn.open (file:///usr/share/code/resources/app/out/vs/workbench/workbench.desktop.main.js:1571:10143)
    at Y.openExtension (file:///usr/share/code/resources/app/out/vs/workbench/workbench.desktop.main.js:2516:37602)
    at file:///usr/share/code/resources/app/out/vs/workbench/workbench.desktop.main.js:2516:19473
    at u.fire (file:///usr/share/code/resources/app/out/vs/workbench/workbench.desktop.main.js:55:1836)
    at file:///usr/share/code/resources/app/out/vs/workbench/workbench.desktop.main.js:53:59288
    at u.fire (file:///usr/share/code/resources/app/out/vs/workbench/workbench.desktop.main.js:55:1836)
    at file:///usr/share/code/resources/app/out/vs/workbench/workbench.desktop.main.js:53:58784
    at u.fire (file:///usr/share/code/resources/app/out/vs/workbench/workbench.desktop.main.js:55:1836)
    at W._open (file:///usr/share/code/resources/app/out/vs/workbench/workbench.desktop.main.js:665:61695)
    at W.onPointer (file:///usr/share/code/resources/app/out/vs/workbench/workbench.desktop.main.js:665:61522)
    at file:///usr/share/code/resources/app/out/vs/workbench/workbench.desktop.main.js:665:60088
    at u.fire (file:///usr/share/code/resources/app/out/vs/workbench/workbench.desktop.main.js:55:1836)
    at file:///usr/share/code/resources/app/out/vs/workbench/workbench.desktop.main.js:53:58618
    at u.fire (file:///usr/share/code/resources/app/out/vs/workbench/workbench.desktop.main.js:55:1836)
    at x.onViewPointer (file:///usr/share/code/resources/app/out/vs/workbench/workbench.desktop.main.js:124:39778)
    at file:///usr/share/code/resources/app/out/vs/workbench/workbench.desktop.main.js:53:58925
    at u.fire (file:///usr/share/code/resources/app/out/vs/workbench/workbench.desktop.main.js:55:1836)
    at file:///usr/share/code/resources/app/out/vs/workbench/workbench.desktop.main.js:53:58618
    at u.fire (file:///usr/share/code/resources/app/out/vs/workbench/workbench.desktop.main.js:55:1836)
    at HTMLDivElement.y (file:///usr/share/code/resources/app/out/vs/workbench/workbench.desktop.main.js:55:9035)
[2021-07-19 23:20:24.787] [renderer1] [error] F.filter is not a function: TypeError: F.filter is not a function
    at R.getUserConfiguredCustomEditors (file:///usr/share/code/resources/app/out/vs/workbench/workbench.desktop.main.js:1753:84530)
    at R.getAllCustomEditors (file:///usr/share/code/resources/app/out/vs/workbench/workbench.desktop.main.js:1753:84704)
    at R.updateContexts (file:///usr/share/code/resources/app/out/vs/workbench/workbench.desktop.main.js:1753:88081)
    at file:///usr/share/code/resources/app/out/vs/workbench/workbench.desktop.main.js:1753:83581
    at u.fire (file:///usr/share/code/resources/app/out/vs/workbench/workbench.desktop.main.js:55:1836)
    at L.doHandleActiveEditorChangeEvent (file:///usr/share/code/resources/app/out/vs/workbench/workbench.desktop.main.js:2099:72631)
    at L.handleActiveEditorChange (file:///usr/share/code/resources/app/out/vs/workbench/workbench.desktop.main.js:2099:72428)
    at file:///usr/share/code/resources/app/out/vs/workbench/workbench.desktop.main.js:2099:72741
    at u.fire (file:///usr/share/code/resources/app/out/vs/workbench/workbench.desktop.main.js:55:1836)
    at file:///usr/share/code/resources/app/out/vs/workbench/workbench.desktop.main.js:2265:15818
    at async Ti.openEditor (file:///usr/share/code/resources/app/out/vs/workbench/workbench.desktop.main.js:2265:14306)
    at async L.openEditor (file:///usr/share/code/resources/app/out/vs/workbench/workbench.desktop.main.js:2099:78360)
[2021-07-19 23:20:24.789] [renderer1] [error] Unexpected error getting editor overrides: TypeError: F.filter is not a function
[2021-07-19 23:20:24.789] [renderer1] [error] Unexpected error getting editor overrides: TypeError: ue.filter is not a function
[2021-07-19 23:20:24.790] [renderer1] [error] Unexpected error getting editor overrides: TypeError: F.filter is not a function
[2021-07-19 23:20:24.790] [renderer1] [error] Unexpected error getting editor overrides: TypeError: ue.filter is not a function
[2021-07-19 23:20:48.768] [renderer1] [error] F.filter is not a function: TypeError: F.filter is not a function
    at R.getUserConfiguredCustomEditors (file:///usr/share/code/resources/app/out/vs/workbench/workbench.desktop.main.js:1753:84530)
    at M.onResourceEditorOpening (file:///usr/share/code/resources/app/out/vs/workbench/workbench.desktop.main.js:1753:91291)
    at M.onEditorOpening (file:///usr/share/code/resources/app/out/vs/workbench/workbench.desktop.main.js:1753:91192)
    at Object.open (file:///usr/share/code/resources/app/out/vs/workbench/workbench.desktop.main.js:1753:90188)
    at L.onGroupWillOpenEditor (file:///usr/share/code/resources/app/out/vs/workbench/workbench.desktop.main.js:2099:78082)
    at file:///usr/share/code/resources/app/out/vs/workbench/workbench.desktop.main.js:2099:72909
    at u.fire (file:///usr/share/code/resources/app/out/vs/workbench/workbench.desktop.main.js:55:1836)
    at Ti.openEditor (file:///usr/share/code/resources/app/out/vs/workbench/workbench.desktop.main.js:2265:14207)
    at Ti.doCloseActiveEditor (file:///usr/share/code/resources/app/out/vs/workbench/workbench.desktop.main.js:2265:18964)
    at Ti.doCloseEditor (file:///usr/share/code/resources/app/out/vs/workbench/workbench.desktop.main.js:2265:18414)
    at Ti.closeEditor (file:///usr/share/code/resources/app/out/vs/workbench/workbench.desktop.main.js:2265:18270)
    at async o.run (file:///usr/share/code/resources/app/out/vs/workbench/workbench.desktop.main.js:163:30446)
[2021-07-19 23:20:48.803] [renderer1] [error] F.filter is not a function: TypeError: F.filter is not a function
    at R.getUserConfiguredCustomEditors (file:///usr/share/code/resources/app/out/vs/workbench/workbench.desktop.main.js:1753:84530)
    at R.getAllCustomEditors (file:///usr/share/code/resources/app/out/vs/workbench/workbench.desktop.main.js:1753:84704)
    at R.updateContexts (file:///usr/share/code/resources/app/out/vs/workbench/workbench.desktop.main.js:1753:88081)
    at file:///usr/share/code/resources/app/out/vs/workbench/workbench.desktop.main.js:1753:83581
    at u.fire (file:///usr/share/code/resources/app/out/vs/workbench/workbench.desktop.main.js:55:1836)
    at L.doHandleActiveEditorChangeEvent (file:///usr/share/code/resources/app/out/vs/workbench/workbench.desktop.main.js:2099:72631)
    at L.handleActiveEditorChange (file:///usr/share/code/resources/app/out/vs/workbench/workbench.desktop.main.js:2099:72428)
    at file:///usr/share/code/resources/app/out/vs/workbench/workbench.desktop.main.js:2099:72741
    at u.fire (file:///usr/share/code/resources/app/out/vs/workbench/workbench.desktop.main.js:55:1836)
    at file:///usr/share/code/resources/app/out/vs/workbench/workbench.desktop.main.js:2265:15818
    at async Ti.openEditor (file:///usr/share/code/resources/app/out/vs/workbench/workbench.desktop.main.js:2265:14306)
[2021-07-19 23:20:48.804] [renderer1] [error] Unexpected error getting editor overrides: TypeError: F.filter is not a function
[2021-07-19 23:20:48.804] [renderer1] [error] Unexpected error getting editor overrides: TypeError: ue.filter is not a function
[2021-07-19 23:20:48.805] [renderer1] [error] Unexpected error getting editor overrides: TypeError: F.filter is not a function
[2021-07-19 23:20:48.805] [renderer1] [error] Unexpected error getting editor overrides: TypeError: ue.filter is not a function
[2021-07-19 23:25:22.711] [renderer1] [error] F.filter is not a function: TypeError: F.filter is not a function
    at R.getUserConfiguredCustomEditors (file:///usr/share/code/resources/app/out/vs/workbench/workbench.desktop.main.js:1753:84530)
    at M.onResourceEditorOpening (file:///usr/share/code/resources/app/out/vs/workbench/workbench.desktop.main.js:1753:91291)
    at M.onEditorOpening (file:///usr/share/code/resources/app/out/vs/workbench/workbench.desktop.main.js:1753:91192)
    at Object.open (file:///usr/share/code/resources/app/out/vs/workbench/workbench.desktop.main.js:1753:90188)
    at L.onGroupWillOpenEditor (file:///usr/share/code/resources/app/out/vs/workbench/workbench.desktop.main.js:2099:78082)
    at file:///usr/share/code/resources/app/out/vs/workbench/workbench.desktop.main.js:2099:72909
    at u.fire (file:///usr/share/code/resources/app/out/vs/workbench/workbench.desktop.main.js:55:1836)
    at Ti.openEditor (file:///usr/share/code/resources/app/out/vs/workbench/workbench.desktop.main.js:2265:14207)
    at ee (file:///usr/share/code/resources/app/out/vs/workbench/workbench.desktop.main.js:2189:15157)
    at HTMLDivElement.<anonymous> (file:///usr/share/code/resources/app/out/vs/workbench/workbench.desktop.main.js:2189:15335)
[2021-07-19 23:25:22.720] [renderer1] [error] F.filter is not a function: TypeError: F.filter is not a function
    at R.getUserConfiguredCustomEditors (file:///usr/share/code/resources/app/out/vs/workbench/workbench.desktop.main.js:1753:84530)
    at R.getAllCustomEditors (file:///usr/share/code/resources/app/out/vs/workbench/workbench.desktop.main.js:1753:84704)
    at R.updateContexts (file:///usr/share/code/resources/app/out/vs/workbench/workbench.desktop.main.js:1753:88081)
    at file:///usr/share/code/resources/app/out/vs/workbench/workbench.desktop.main.js:1753:83581
    at u.fire (file:///usr/share/code/resources/app/out/vs/workbench/workbench.desktop.main.js:55:1836)
    at L.doHandleActiveEditorChangeEvent (file:///usr/share/code/resources/app/out/vs/workbench/workbench.desktop.main.js:2099:72631)
    at L.handleActiveEditorChange (file:///usr/share/code/resources/app/out/vs/workbench/workbench.desktop.main.js:2099:72428)
    at file:///usr/share/code/resources/app/out/vs/workbench/workbench.desktop.main.js:2099:71517
    at u.fire (file:///usr/share/code/resources/app/out/vs/workbench/workbench.desktop.main.js:55:1836)
    at si.doSetGroupActive (file:///usr/share/code/resources/app/out/vs/workbench/workbench.desktop.main.js:2284:8343)
    at si.activateGroup (file:///usr/share/code/resources/app/out/vs/workbench/workbench.desktop.main.js:2284:5220)
    at Ti.doOpenEditor (file:///usr/share/code/resources/app/out/vs/workbench/workbench.desktop.main.js:2265:15571)
    at Ti.openEditor (file:///usr/share/code/resources/app/out/vs/workbench/workbench.desktop.main.js:2265:14317)
    at ee (file:///usr/share/code/resources/app/out/vs/workbench/workbench.desktop.main.js:2189:15157)
    at HTMLDivElement.<anonymous> (file:///usr/share/code/resources/app/out/vs/workbench/workbench.desktop.main.js:2189:15335)
[2021-07-19 23:25:22.720] [renderer1] [error] Unexpected error getting editor overrides: TypeError: F.filter is not a function
[2021-07-19 23:25:22.720] [renderer1] [error] Unexpected error getting editor overrides: TypeError: ue.filter is not a function
[2021-07-19 23:25:22.768] [renderer1] [error] F.filter is not a function: TypeError: F.filter is not a function
    at R.getUserConfiguredCustomEditors (file:///usr/share/code/resources/app/out/vs/workbench/workbench.desktop.main.js:1753:84530)
    at R.getAllCustomEditors (file:///usr/share/code/resources/app/out/vs/workbench/workbench.desktop.main.js:1753:84704)
    at R.updateContexts (file:///usr/share/code/resources/app/out/vs/workbench/workbench.desktop.main.js:1753:88081)
    at file:///usr/share/code/resources/app/out/vs/workbench/workbench.desktop.main.js:1753:83581
    at u.fire (file:///usr/share/code/resources/app/out/vs/workbench/workbench.desktop.main.js:55:1836)
    at L.doHandleActiveEditorChangeEvent (file:///usr/share/code/resources/app/out/vs/workbench/workbench.desktop.main.js:2099:72631)
    at L.handleActiveEditorChange (file:///usr/share/code/resources/app/out/vs/workbench/workbench.desktop.main.js:2099:72428)
    at file:///usr/share/code/resources/app/out/vs/workbench/workbench.desktop.main.js:2099:72741
    at u.fire (file:///usr/share/code/resources/app/out/vs/workbench/workbench.desktop.main.js:55:1836)
    at file:///usr/share/code/resources/app/out/vs/workbench/workbench.desktop.main.js:2265:15818
    at async Ti.openEditor (file:///usr/share/code/resources/app/out/vs/workbench/workbench.desktop.main.js:2265:14306)
[2021-07-19 23:25:22.768] [renderer1] [error] Unexpected error getting editor overrides: TypeError: F.filter is not a function
[2021-07-19 23:25:22.768] [renderer1] [error] Unexpected error getting editor overrides: TypeError: ue.filter is not a function
[2021-07-19 23:25:22.769] [renderer1] [error] Unexpected error getting editor overrides: TypeError: F.filter is not a function
[2021-07-19 23:25:22.769] [renderer1] [error] Unexpected error getting editor overrides: TypeError: ue.filter is not a function
[2021-07-19 23:25:28.569] [renderer1] [error] F.filter is not a function: TypeError: F.filter is not a function
    at R.getUserConfiguredCustomEditors (file:///usr/share/code/resources/app/out/vs/workbench/workbench.desktop.main.js:1753:84530)
    at M.onResourceEditorOpening (file:///usr/share/code/resources/app/out/vs/workbench/workbench.desktop.main.js:1753:91291)
    at M.onEditorOpening (file:///usr/share/code/resources/app/out/vs/workbench/workbench.desktop.main.js:1753:91192)
    at Object.open (file:///usr/share/code/resources/app/out/vs/workbench/workbench.desktop.main.js:1753:90188)
    at L.onGroupWillOpenEditor (file:///usr/share/code/resources/app/out/vs/workbench/workbench.desktop.main.js:2099:78082)
    at file:///usr/share/code/resources/app/out/vs/workbench/workbench.desktop.main.js:2099:72909
    at u.fire (file:///usr/share/code/resources/app/out/vs/workbench/workbench.desktop.main.js:55:1836)
    at Ti.openEditor (file:///usr/share/code/resources/app/out/vs/workbench/workbench.desktop.main.js:2265:14207)
    at Ti.doCloseActiveEditor (file:///usr/share/code/resources/app/out/vs/workbench/workbench.desktop.main.js:2265:18964)
    at Ti.doCloseEditor (file:///usr/share/code/resources/app/out/vs/workbench/workbench.desktop.main.js:2265:18414)
    at Ti.closeEditor (file:///usr/share/code/resources/app/out/vs/workbench/workbench.desktop.main.js:2265:18270)
    at async o.run (file:///usr/share/code/resources/app/out/vs/workbench/workbench.desktop.main.js:163:30446)
[2021-07-19 23:25:28.595] [renderer1] [error] F.filter is not a function: TypeError: F.filter is not a function
    at R.getUserConfiguredCustomEditors (file:///usr/share/code/resources/app/out/vs/workbench/workbench.desktop.main.js:1753:84530)
    at R.getAllCustomEditors (file:///usr/share/code/resources/app/out/vs/workbench/workbench.desktop.main.js:1753:84704)
    at R.updateContexts (file:///usr/share/code/resources/app/out/vs/workbench/workbench.desktop.main.js:1753:88081)
    at file:///usr/share/code/resources/app/out/vs/workbench/workbench.desktop.main.js:1753:83581
    at u.fire (file:///usr/share/code/resources/app/out/vs/workbench/workbench.desktop.main.js:55:1836)
    at L.doHandleActiveEditorChangeEvent (file:///usr/share/code/resources/app/out/vs/workbench/workbench.desktop.main.js:2099:72631)
    at L.handleActiveEditorChange (file:///usr/share/code/resources/app/out/vs/workbench/workbench.desktop.main.js:2099:72428)
    at file:///usr/share/code/resources/app/out/vs/workbench/workbench.desktop.main.js:2099:72741
    at u.fire (file:///usr/share/code/resources/app/out/vs/workbench/workbench.desktop.main.js:55:1836)
    at file:///usr/share/code/resources/app/out/vs/workbench/workbench.desktop.main.js:2265:15818
    at async Ti.openEditor (file:///usr/share/code/resources/app/out/vs/workbench/workbench.desktop.main.js:2265:14306)
[2021-07-19 23:25:28.596] [renderer1] [error] Unexpected error getting editor overrides: TypeError: F.filter is not a function
[2021-07-19 23:25:28.596] [renderer1] [error] Unexpected error getting editor overrides: TypeError: ue.filter is not a function
[2021-07-19 23:25:28.597] [renderer1] [error] Unexpected error getting editor overrides: TypeError: F.filter is not a function
[2021-07-19 23:25:28.597] [renderer1] [error] Unexpected error getting editor overrides: TypeError: ue.filter is not a function
[2021-07-19 23:25:30.540] [renderer1] [error] F.filter is not a function: TypeError: F.filter is not a function
    at R.getUserConfiguredCustomEditors (file:///usr/share/code/resources/app/out/vs/workbench/workbench.desktop.main.js:1753:84530)
    at M.onResourceEditorOpening (file:///usr/share/code/resources/app/out/vs/workbench/workbench.desktop.main.js:1753:91291)
    at M.onEditorOpening (file:///usr/share/code/resources/app/out/vs/workbench/workbench.desktop.main.js:1753:91192)
    at Object.open (file:///usr/share/code/resources/app/out/vs/workbench/workbench.desktop.main.js:1753:90188)
    at L.onGroupWillOpenEditor (file:///usr/share/code/resources/app/out/vs/workbench/workbench.desktop.main.js:2099:78082)
    at file:///usr/share/code/resources/app/out/vs/workbench/workbench.desktop.main.js:2099:72909
    at u.fire (file:///usr/share/code/resources/app/out/vs/workbench/workbench.desktop.main.js:55:1836)
    at Ti.openEditor (file:///usr/share/code/resources/app/out/vs/workbench/workbench.desktop.main.js:2265:14207)
    at L.openEditor (file:///usr/share/code/resources/app/out/vs/workbench/workbench.desktop.main.js:2099:78368)
    at F.openSettings2 (file:///usr/share/code/resources/app/out/vs/workbench/workbench.desktop.main.js:1867:4122)
    at F.openSettings (file:///usr/share/code/resources/app/out/vs/workbench/workbench.desktop.main.js:1867:3796)
    at Object.run (file:///usr/share/code/resources/app/out/vs/workbench/workbench.desktop.main.js:2636:17746)
    at handler (file:///usr/share/code/resources/app/out/vs/workbench/workbench.desktop.main.js:656:64890)
    at C.invokeFunction (file:///usr/share/code/resources/app/out/vs/workbench/workbench.desktop.main.js:614:20943)
    at C._tryExecuteCommand (file:///usr/share/code/resources/app/out/vs/workbench/workbench.desktop.main.js:1534:3492)
    at file:///usr/share/code/resources/app/out/vs/workbench/workbench.desktop.main.js:1534:3241
[2021-07-19 23:25:30.744] [renderer1] [error] F.filter is not a function: TypeError: F.filter is not a function
    at R.getUserConfiguredCustomEditors (file:///usr/share/code/resources/app/out/vs/workbench/workbench.desktop.main.js:1753:84530)
    at R.getAllCustomEditors (file:///usr/share/code/resources/app/out/vs/workbench/workbench.desktop.main.js:1753:84704)
    at R.updateContexts (file:///usr/share/code/resources/app/out/vs/workbench/workbench.desktop.main.js:1753:88081)
    at file:///usr/share/code/resources/app/out/vs/workbench/workbench.desktop.main.js:1753:83581
    at u.fire (file:///usr/share/code/resources/app/out/vs/workbench/workbench.desktop.main.js:55:1836)
    at L.doHandleActiveEditorChangeEvent (file:///usr/share/code/resources/app/out/vs/workbench/workbench.desktop.main.js:2099:72631)
    at L.handleActiveEditorChange (file:///usr/share/code/resources/app/out/vs/workbench/workbench.desktop.main.js:2099:72428)
    at file:///usr/share/code/resources/app/out/vs/workbench/workbench.desktop.main.js:2099:72741
    at u.fire (file:///usr/share/code/resources/app/out/vs/workbench/workbench.desktop.main.js:55:1836)
    at file:///usr/share/code/resources/app/out/vs/workbench/workbench.desktop.main.js:2265:15818
    at async Ti.openEditor (file:///usr/share/code/resources/app/out/vs/workbench/workbench.desktop.main.js:2265:14306)
    at async L.openEditor (file:///usr/share/code/resources/app/out/vs/workbench/workbench.desktop.main.js:2099:78360)
[2021-07-19 23:25:30.745] [renderer1] [error] Unexpected error getting editor overrides: TypeError: F.filter is not a function
[2021-07-19 23:25:30.745] [renderer1] [error] Unexpected error getting editor overrides: TypeError: ue.filter is not a function
[2021-07-19 23:25:30.746] [renderer1] [error] Unexpected error getting editor overrides: TypeError: F.filter is not a function
[2021-07-19 23:25:30.746] [renderer1] [error] Unexpected error getting editor overrides: TypeError: ue.filter is not a function
[2021-07-19 23:25:33.632] [renderer1] [error] F.filter is not a function: TypeError: F.filter is not a function
    at R.getUserConfiguredCustomEditors (file:///usr/share/code/resources/app/out/vs/workbench/workbench.desktop.main.js:1753:84530)
    at M.onResourceEditorOpening (file:///usr/share/code/resources/app/out/vs/workbench/workbench.desktop.main.js:1753:91291)
    at M.onEditorOpening (file:///usr/share/code/resources/app/out/vs/workbench/workbench.desktop.main.js:1753:91192)
    at Object.open (file:///usr/share/code/resources/app/out/vs/workbench/workbench.desktop.main.js:1753:90188)
    at L.onGroupWillOpenEditor (file:///usr/share/code/resources/app/out/vs/workbench/workbench.desktop.main.js:2099:78082)
    at file:///usr/share/code/resources/app/out/vs/workbench/workbench.desktop.main.js:2099:72909
    at u.fire (file:///usr/share/code/resources/app/out/vs/workbench/workbench.desktop.main.js:55:1836)
    at Ti.openEditor (file:///usr/share/code/resources/app/out/vs/workbench/workbench.desktop.main.js:2265:14207)
    at L.openEditor (file:///usr/share/code/resources/app/out/vs/workbench/workbench.desktop.main.js:2099:78368)
    at file:///usr/share/code/resources/app/out/vs/workbench/workbench.desktop.main.js:1869:2099
    at async F.openOrSwitchSettings (file:///usr/share/code/resources/app/out/vs/workbench/workbench.desktop.main.js:1869:1081)
    at async o.run (file:///usr/share/code/resources/app/out/vs/workbench/workbench.desktop.main.js:163:30446)
[2021-07-19 23:25:33.700] [renderer1] [error] F.filter is not a function: TypeError: F.filter is not a function
    at R.getUserConfiguredCustomEditors (file:///usr/share/code/resources/app/out/vs/workbench/workbench.desktop.main.js:1753:84530)
    at R.getAllCustomEditors (file:///usr/share/code/resources/app/out/vs/workbench/workbench.desktop.main.js:1753:84704)
    at R.updateContexts (file:///usr/share/code/resources/app/out/vs/workbench/workbench.desktop.main.js:1753:88081)
    at file:///usr/share/code/resources/app/out/vs/workbench/workbench.desktop.main.js:1753:83581
    at u.fire (file:///usr/share/code/resources/app/out/vs/workbench/workbench.desktop.main.js:55:1836)
    at L.doHandleActiveEditorChangeEvent (file:///usr/share/code/resources/app/out/vs/workbench/workbench.desktop.main.js:2099:72631)
    at L.handleActiveEditorChange (file:///usr/share/code/resources/app/out/vs/workbench/workbench.desktop.main.js:2099:72428)
    at file:///usr/share/code/resources/app/out/vs/workbench/workbench.desktop.main.js:2099:72741
    at u.fire (file:///usr/share/code/resources/app/out/vs/workbench/workbench.desktop.main.js:55:1836)
    at file:///usr/share/code/resources/app/out/vs/workbench/workbench.desktop.main.js:2265:15818
    at async Ti.openEditor (file:///usr/share/code/resources/app/out/vs/workbench/workbench.desktop.main.js:2265:14306)
    at async L.openEditor (file:///usr/share/code/resources/app/out/vs/workbench/workbench.desktop.main.js:2099:78360)
    at async F.openOrSwitchSettings (file:///usr/share/code/resources/app/out/vs/workbench/workbench.desktop.main.js:1869:1081)
    at async o.run (file:///usr/share/code/resources/app/out/vs/workbench/workbench.desktop.main.js:163:30446)
[2021-07-19 23:25:33.701] [renderer1] [error] Unexpected error getting editor overrides: TypeError: F.filter is not a function
[2021-07-19 23:25:33.701] [renderer1] [error] Unexpected error getting editor overrides: TypeError: ue.filter is not a function
[2021-07-19 23:25:33.702] [renderer1] [error] Unexpected error getting editor overrides: TypeError: F.filter is not a function
[2021-07-19 23:25:33.702] [renderer1] [error] Unexpected error getting editor overrides: TypeError: ue.filter is not a function
[2021-07-19 23:26:23.898] [renderer1] [error] F.filter is not a function: TypeError: F.filter is not a function
    at R.getUserConfiguredCustomEditors (file:///usr/share/code/resources/app/out/vs/workbench/workbench.desktop.main.js:1753:84530)
    at M.onResourceEditorOpening (file:///usr/share/code/resources/app/out/vs/workbench/workbench.desktop.main.js:1753:91291)
    at M.onEditorOpening (file:///usr/share/code/resources/app/out/vs/workbench/workbench.desktop.main.js:1753:91192)
    at Object.open (file:///usr/share/code/resources/app/out/vs/workbench/workbench.desktop.main.js:1753:90188)
    at L.onGroupWillOpenEditor (file:///usr/share/code/resources/app/out/vs/workbench/workbench.desktop.main.js:2099:78082)
    at file:///usr/share/code/resources/app/out/vs/workbench/workbench.desktop.main.js:2099:72909
    at u.fire (file:///usr/share/code/resources/app/out/vs/workbench/workbench.desktop.main.js:55:1836)
    at Ti.openEditor (file:///usr/share/code/resources/app/out/vs/workbench/workbench.desktop.main.js:2265:14207)
    at Ti.doCloseActiveEditor (file:///usr/share/code/resources/app/out/vs/workbench/workbench.desktop.main.js:2265:18964)
    at Ti.doCloseEditor (file:///usr/share/code/resources/app/out/vs/workbench/workbench.desktop.main.js:2265:18414)
    at Ti.closeEditor (file:///usr/share/code/resources/app/out/vs/workbench/workbench.desktop.main.js:2265:18270)
    at async o.run (file:///usr/share/code/resources/app/out/vs/workbench/workbench.desktop.main.js:163:30446)
[2021-07-19 23:26:24.018] [renderer1] [error] F.filter is not a function: TypeError: F.filter is not a function
    at R.getUserConfiguredCustomEditors (file:///usr/share/code/resources/app/out/vs/workbench/workbench.desktop.main.js:1753:84530)
    at R.getAllCustomEditors (file:///usr/share/code/resources/app/out/vs/workbench/workbench.desktop.main.js:1753:84704)
    at R.updateContexts (file:///usr/share/code/resources/app/out/vs/workbench/workbench.desktop.main.js:1753:88081)
    at file:///usr/share/code/resources/app/out/vs/workbench/workbench.desktop.main.js:1753:83581
    at u.fire (file:///usr/share/code/resources/app/out/vs/workbench/workbench.desktop.main.js:55:1836)
    at L.doHandleActiveEditorChangeEvent (file:///usr/share/code/resources/app/out/vs/workbench/workbench.desktop.main.js:2099:72631)
    at L.handleActiveEditorChange (file:///usr/share/code/resources/app/out/vs/workbench/workbench.desktop.main.js:2099:72428)
    at file:///usr/share/code/resources/app/out/vs/workbench/workbench.desktop.main.js:2099:72741
    at u.fire (file:///usr/share/code/resources/app/out/vs/workbench/workbench.desktop.main.js:55:1836)
    at file:///usr/share/code/resources/app/out/vs/workbench/workbench.desktop.main.js:2265:15818
    at async Ti.openEditor (file:///usr/share/code/resources/app/out/vs/workbench/workbench.desktop.main.js:2265:14306)
[2021-07-19 23:26:24.019] [renderer1] [error] Unexpected error getting editor overrides: TypeError: F.filter is not a function
[2021-07-19 23:26:24.020] [renderer1] [error] Unexpected error getting editor overrides: TypeError: ue.filter is not a function
[2021-07-19 23:26:24.021] [renderer1] [error] Unexpected error getting editor overrides: TypeError: F.filter is not a function
[2021-07-19 23:26:24.021] [renderer1] [error] Unexpected error getting editor overrides: TypeError: ue.filter is not a function
[2021-07-19 23:26:25.919] [renderer1] [error] F.filter is not a function: TypeError: F.filter is not a function
    at R.getUserConfiguredCustomEditors (file:///usr/share/code/resources/app/out/vs/workbench/workbench.desktop.main.js:1753:84530)
    at R.getAllCustomEditors (file:///usr/share/code/resources/app/out/vs/workbench/workbench.desktop.main.js:1753:84704)
    at R.updateContexts (file:///usr/share/code/resources/app/out/vs/workbench/workbench.desktop.main.js:1753:88081)
    at file:///usr/share/code/resources/app/out/vs/workbench/workbench.desktop.main.js:1753:83581
    at u.fire (file:///usr/share/code/resources/app/out/vs/workbench/workbench.desktop.main.js:55:1836)
    at L.doHandleActiveEditorChangeEvent (file:///usr/share/code/resources/app/out/vs/workbench/workbench.desktop.main.js:2099:72631)
    at L.handleActiveEditorChange (file:///usr/share/code/resources/app/out/vs/workbench/workbench.desktop.main.js:2099:72428)
    at file:///usr/share/code/resources/app/out/vs/workbench/workbench.desktop.main.js:2099:71517
    at u.fire (file:///usr/share/code/resources/app/out/vs/workbench/workbench.desktop.main.js:55:1836)
    at si.doSetGroupActive (file:///usr/share/code/resources/app/out/vs/workbench/workbench.desktop.main.js:2284:8343)
    at file:///usr/share/code/resources/app/out/vs/workbench/workbench.desktop.main.js:2284:7858
    at u.fire (file:///usr/share/code/resources/app/out/vs/workbench/workbench.desktop.main.js:55:1836)
    at file:///usr/share/code/resources/app/out/vs/workbench/workbench.desktop.main.js:2265:7584
    at u.fire (file:///usr/share/code/resources/app/out/vs/workbench/workbench.desktop.main.js:55:1836)
    at file:///usr/share/code/resources/app/out/vs/workbench/workbench.desktop.main.js:1584:10209
    at u.fire (file:///usr/share/code/resources/app/out/vs/workbench/workbench.desktop.main.js:55:1836)
    at file:///usr/share/code/resources/app/out/vs/workbench/workbench.desktop.main.js:740:5912
    at u.fire (file:///usr/share/code/resources/app/out/vs/workbench/workbench.desktop.main.js:55:1836)
    at He (file:///usr/share/code/resources/app/out/vs/workbench/workbench.desktop.main.js:66:18271)
    at u.fire (file:///usr/share/code/resources/app/out/vs/workbench/workbench.desktop.main.js:55:1836)
    at HTMLDivElement.y (file:///usr/share/code/resources/app/out/vs/workbench/workbench.desktop.main.js:55:9035)
    at h.setSelectionRange (file:///usr/share/code/resources/app/out/vs/workbench/workbench.desktop.main.js:141:2254)
    at k.writeToTextArea (file:///usr/share/code/resources/app/out/vs/workbench/workbench.desktop.main.js:138:97370)
    at v._setAndWriteTextAreaState (file:///usr/share/code/resources/app/out/vs/workbench/workbench.desktop.main.js:140:15975)
    at v.writeScreenReaderContent (file:///usr/share/code/resources/app/out/vs/workbench/workbench.desktop.main.js:140:16105)
    at v._setHasFocus (file:///usr/share/code/resources/app/out/vs/workbench/workbench.desktop.main.js:140:15805)
    at v.focusTextArea (file:///usr/share/code/resources/app/out/vs/workbench/workbench.desktop.main.js:140:15210)
    at n.focusTextArea (file:///usr/share/code/resources/app/out/vs/workbench/workbench.desktop.main.js:648:114083)
    at K.focus (file:///usr/share/code/resources/app/out/vs/workbench/workbench.desktop.main.js:656:120834)
    at Object.focusTextArea (file:///usr/share/code/resources/app/out/vs/workbench/workbench.desktop.main.js:656:116249)
    at w (file:///usr/share/code/resources/app/out/vs/workbench/workbench.desktop.main.js:648:14594)
    at u._onMouseDown (file:///usr/share/code/resources/app/out/vs/workbench/workbench.desktop.main.js:648:14627)
    at file:///usr/share/code/resources/app/out/vs/workbench/workbench.desktop.main.js:648:12446
    at HTMLDivElement.<anonymous> (file:///usr/share/code/resources/app/out/vs/workbench/workbench.desktop.main.js:138:78608)
[2021-07-19 23:26:25.922] [renderer1] [error] Unexpected error getting editor overrides: TypeError: F.filter is not a function
[2021-07-19 23:26:25.923] [renderer1] [error] Unexpected error getting editor overrides: TypeError: ue.filter is not a function
