User belongs to experiment group 'CollectLSRequestTiming - control'
User belongs to experiment group 'CollectNodeLSRequestTiming - experiment'
User belongs to experiment group 'DeprecatePythonPath - experiment'
User belongs to experiment group 'pythonaacf'
User belongs to experiment group 'pythonJediLSP'
User belongs to experiment group 'pythonDiscoveryModuleWithoutWatcher'
User belongs to experiment group 'pythonTensorboardExperiment'
User belongs to experiment group 'pythonSurveyNotificationcf'
User belongs to experiment group 'PythonPyTorchProfiler'
User belongs to experiment group 'pythonDeprecatePythonPath'
> conda --version
> pyenv root
> python3.7 ~/.vscode/extensions/ms-python.python-2020.7.96456/pythonFiles/pyvsc-run-isolated.py -c "import sys;print(sys.executable)"
> python3.6 ~/.vscode/extensions/ms-python.python-2020.7.96456/pythonFiles/pyvsc-run-isolated.py -c "import sys;print(sys.executable)"
> python3 ~/.vscode/extensions/ms-python.python-2020.7.96456/pythonFiles/pyvsc-run-isolated.py -c "import sys;print(sys.executable)"
> python2 ~/.vscode/extensions/ms-python.python-2020.7.96456/pythonFiles/pyvsc-run-isolated.py -c "import sys;print(sys.executable)"
> python ~/.vscode/extensions/ms-python.python-2020.7.96456/pythonFiles/pyvsc-run-isolated.py -c "import sys;print(sys.executable)"
> python ~/.vscode/extensions/ms-python.python-2020.7.96456/pythonFiles/pyvsc-run-isolated.py -c "import sys;print(sys.executable)"
> conda info --json
> python ~/.vscode/extensions/ms-python.python-2020.7.96456/pythonFiles/pyvsc-run-isolated.py -c "import sys;print(sys.executable)"
> python ~/.vscode/extensions/ms-python.python-2020.7.96456/pythonFiles/pyvsc-run-isolated.py -c "import sys;print(sys.executable)"
> pyenv root
> pyenv root
> pyenv root
> pyenv root
> pyenv root
> pyenv root
> ~/.pyenv/versions/dl/bin/python ~/.vscode/extensions/ms-python.python-2020.7.96456/pythonFiles/pyvsc-run-isolated.py -c "import jupyter"
> ~/.pyenv/versions/dl/bin/python ~/.vscode/extensions/ms-python.python-2020.7.96456/pythonFiles/pyvsc-run-isolated.py -c "import notebook"
Error 2021-07-20 01:02:05: Failed to check if file needs to be fixed EntryNotFound (FileSystemError): ファイル '/home/chohome/メカトロ/soket_tansport/.vscode/settings.json' を読み取れません (Error: 存在しないファイル '/home/chohome/メカトロ/soket_tansport/.vscode/settings.json' を解決できません)
    at _handleError (/usr/share/code/resources/app/out/vs/workbench/services/extensions/node/extensionHostProcess.js:86:136165)
    at processTicksAndRejections (internal/process/task_queues.js:97:5)
    at v.readText (/home/chohome/.vscode/extensions/ms-python.python-2020.7.96456/out/client/extension.js:1:571666)
    at p.doesFileNeedToBeFixed (/home/chohome/.vscode/extensions/ms-python.python-2020.7.96456/out/client/extension.js:48:932592)
    at /home/chohome/.vscode/extensions/ms-python.python-2020.7.96456/out/client/extension.js:48:931719
    at async Promise.all (index 1)
    at p.getFilesToBeFixed (/home/chohome/.vscode/extensions/ms-python.python-2020.7.96456/out/client/extension.js:48:931665)
    at p.updateTestSettings (/home/chohome/.vscode/extensions/ms-python.python-2020.7.96456/out/client/extension.js:48:931292) {
  code: 'FileNotFound'
}
Python interpreter path: ~/.pyenv/versions/dl/bin/python
Starting Jedi Python language engine.
> conda --version
> ~/.pyenv/versions/dl/bin/python ~/.vscode/extensions/ms-python.python-2020.7.96456/pythonFiles/pyvsc-run-isolated.py pylint --disable=all --enable=F,unreachable,duplicate-key,unnecessary-semicolon,global-variable-not-assigned,unused-variable,unused-wildcard-import,binary-op-exception,bad-format-string,anomalous-backslash-in-string,bad-open-mode,E0001,E0011,E0012,E0100,E0101,E0102,E0103,E0104,E0105,E0107,E0108,E0110,E0111,E0112,E0113,E0114,E0115,E0116,E0117,E0118,E0202,E0203,E0211,E0213,E0236,E0237,E0238,E0239,E0240,E0241,E0301,E0302,E0303,E0401,E0402,E0601,E0602,E0603,E0604,E0611,E0632,E0633,E0701,E0702,E0703,E0704,E0710,E0711,E0712,E1003,E1101,E1102,E1111,E1120,E1121,E1123,E1124,E1125,E1126,E1127,E1128,E1129,E1130,E1131,E1132,E1133,E1134,E1135,E1136,E1137,E1138,E1139,E1200,E1201,E1205,E1206,E1300,E1301,E1302,E1303,E1304,E1305,E1306,E1310,E1700,E1701 --msg-template='{line},{column},{category},{symbol}:{msg}' --reports=n --output-format=text ~/メカトロ/soket_tansport/server.py
cwd: ~/メカトロ/soket_tansport
> ~/.pyenv/versions/dl/bin/python ~/.vscode/extensions/ms-python.python-2020.7.96456/pythonFiles/pyvsc-run-isolated.py pylint --disable=all --enable=F,unreachable,duplicate-key,unnecessary-semicolon,global-variable-not-assigned,unused-variable,unused-wildcard-import,binary-op-exception,bad-format-string,anomalous-backslash-in-string,bad-open-mode,E0001,E0011,E0012,E0100,E0101,E0102,E0103,E0104,E0105,E0107,E0108,E0110,E0111,E0112,E0113,E0114,E0115,E0116,E0117,E0118,E0202,E0203,E0211,E0213,E0236,E0237,E0238,E0239,E0240,E0241,E0301,E0302,E0303,E0401,E0402,E0601,E0602,E0603,E0604,E0611,E0632,E0633,E0701,E0702,E0703,E0704,E0710,E0711,E0712,E1003,E1101,E1102,E1111,E1120,E1121,E1123,E1124,E1125,E1126,E1127,E1128,E1129,E1130,E1131,E1132,E1133,E1134,E1135,E1136,E1137,E1138,E1139,E1200,E1201,E1205,E1206,E1300,E1301,E1302,E1303,E1304,E1305,E1306,E1310,E1700,E1701 --msg-template='{line},{column},{category},{symbol}:{msg}' --reports=n --output-format=text ~/メカトロ/soket_tansport/server.py
cwd: ~/メカトロ/soket_tansport
> ~/.pyenv/versions/dl/bin/python ~/.vscode/extensions/ms-python.python-2020.7.96456/pythonFiles/pyvsc-run-isolated.py pylint --disable=all --enable=F,unreachable,duplicate-key,unnecessary-semicolon,global-variable-not-assigned,unused-variable,unused-wildcard-import,binary-op-exception,bad-format-string,anomalous-backslash-in-string,bad-open-mode,E0001,E0011,E0012,E0100,E0101,E0102,E0103,E0104,E0105,E0107,E0108,E0110,E0111,E0112,E0113,E0114,E0115,E0116,E0117,E0118,E0202,E0203,E0211,E0213,E0236,E0237,E0238,E0239,E0240,E0241,E0301,E0302,E0303,E0401,E0402,E0601,E0602,E0603,E0604,E0611,E0632,E0633,E0701,E0702,E0703,E0704,E0710,E0711,E0712,E1003,E1101,E1102,E1111,E1120,E1121,E1123,E1124,E1125,E1126,E1127,E1128,E1129,E1130,E1131,E1132,E1133,E1134,E1135,E1136,E1137,E1138,E1139,E1200,E1201,E1205,E1206,E1300,E1301,E1302,E1303,E1304,E1305,E1306,E1310,E1700,E1701 --msg-template='{line},{column},{category},{symbol}:{msg}' --reports=n --output-format=text ~/メカトロ/soket_tansport/client.py
cwd: ~/メカトロ/soket_tansport
> ~/.pyenv/versions/dl/bin/python ~/.vscode/extensions/ms-python.python-2020.7.96456/pythonFiles/pyvsc-run-isolated.py pylint --disable=all --enable=F,unreachable,duplicate-key,unnecessary-semicolon,global-variable-not-assigned,unused-variable,unused-wildcard-import,binary-op-exception,bad-format-string,anomalous-backslash-in-string,bad-open-mode,E0001,E0011,E0012,E0100,E0101,E0102,E0103,E0104,E0105,E0107,E0108,E0110,E0111,E0112,E0113,E0114,E0115,E0116,E0117,E0118,E0202,E0203,E0211,E0213,E0236,E0237,E0238,E0239,E0240,E0241,E0301,E0302,E0303,E0401,E0402,E0601,E0602,E0603,E0604,E0611,E0632,E0633,E0701,E0702,E0703,E0704,E0710,E0711,E0712,E1003,E1101,E1102,E1111,E1120,E1121,E1123,E1124,E1125,E1126,E1127,E1128,E1129,E1130,E1131,E1132,E1133,E1134,E1135,E1136,E1137,E1138,E1139,E1200,E1201,E1205,E1206,E1300,E1301,E1302,E1303,E1304,E1305,E1306,E1310,E1700,E1701 --msg-template='{line},{column},{category},{symbol}:{msg}' --reports=n --output-format=text ~/メカトロ/soket_tansport/client.py
cwd: ~/メカトロ/soket_tansport
> ~/.pyenv/versions/dl/bin/python ~/.vscode/extensions/ms-python.python-2020.7.96456/pythonFiles/pyvsc-run-isolated.py -c "import pylint"
> ~/.pyenv/versions/dl/bin/python ~/.vscode/extensions/ms-python.python-2020.7.96456/pythonFiles/pyvsc-run-isolated.py -c "import pylint"
> ~/.pyenv/versions/dl/bin/python ~/.vscode/extensions/ms-python.python-2020.7.96456/pythonFiles/pyvsc-run-isolated.py -c "import pylint"
> ~/.pyenv/versions/dl/bin/python ~/.vscode/extensions/ms-python.python-2020.7.96456/pythonFiles/pyvsc-run-isolated.py -c "import pylint"
> ~/.pyenv/versions/dl/bin/python ~/.vscode/extensions/ms-python.python-2020.7.96456/pythonFiles/pyvsc-run-isolated.py -c "import pylint"
> ~/.pyenv/versions/dl/bin/python ~/.vscode/extensions/ms-python.python-2020.7.96456/pythonFiles/pyvsc-run-isolated.py -c "import pylint"
> ~/.pyenv/versions/dl/bin/python ~/.vscode/extensions/ms-python.python-2020.7.96456/pythonFiles/pyvsc-run-isolated.py -c "import pylint"
> ~/.pyenv/versions/dl/bin/python ~/.vscode/extensions/ms-python.python-2020.7.96456/pythonFiles/pyvsc-run-isolated.py -c "import pylint"

Linter 'pylint' is not installed. Please install it or select another linter".
Error: Module 'pylint' not installed.

Linter 'pylint' is not installed. Please install it or select another linter".
Error: Module 'pylint' not installed.
> ~/.pyenv/versions/dl/bin/python ~/.vscode/extensions/ms-python.python-2020.7.96456/pythonFiles/pyvsc-run-isolated.py jupyter kernelspec --version
> ~/.pyenv/versions/dl/bin/python ~/.vscode/extensions/ms-python.python-2020.7.96456/pythonFiles/pyvsc-run-isolated.py -c "import sys;print(sys.prefix)"
cwd: ~/メカトロ/soket_tansport
> ~/.pyenv/versions/dl/bin/python ~/.vscode/extensions/ms-python.python-2020.7.96456/pythonFiles/pyvsc-run-isolated.py -c "import sys;print(sys.prefix)"
cwd: ~/メカトロ/soket_tansport
> ~/.pyenv/versions/dl/bin/python ~/.vscode/extensions/ms-python.python-2020.7.96456/pythonFiles/pyvsc-run-isolated.py -c "import sys;print(sys.executable)"
cwd: ~/メカトロ/soket_tansport
> ~/.pyenv/versions/dl/bin/python ~/.vscode/extensions/ms-python.python-2020.7.96456/pythonFiles/pyvsc-run-isolated.py -c "import sys;print(sys.executable)"
cwd: ~/メカトロ/soket_tansport
> ~/.pyenv/versions/dl/bin/python ~/.vscode/extensions/ms-python.python-2020.7.96456/pythonFiles/pyvsc-run-isolated.py -c "from distutils.sysconfig import get_python_lib; print(get_python_lib())"
cwd: ~/メカトロ/soket_tansport
> ~/.pyenv/versions/dl/bin/python ~/.vscode/extensions/ms-python.python-2020.7.96456/pythonFiles/pyvsc-run-isolated.py -c "from distutils.sysconfig import get_python_lib; print(get_python_lib())"
cwd: ~/メカトロ/soket_tansport
> ~/.pyenv/versions/dl/bin/python ~/.vscode/extensions/ms-python.python-2020.7.96456/pythonFiles/pyvsc-run-isolated.py site --user-site
cwd: ~/メカトロ/soket_tansport
> ~/.pyenv/versions/dl/bin/python ~/.vscode/extensions/ms-python.python-2020.7.96456/pythonFiles/pyvsc-run-isolated.py site --user-site
cwd: ~/メカトロ/soket_tansport
> ~/.pyenv/versions/dl/bin/python ~/.vscode/extensions/ms-python.python-2020.7.96456/pythonFiles/pyvsc-run-isolated.py ~/.vscode/extensions/ms-python.python-2020.7.96456/pythonFiles/completion.py
> ~/.pyenv/versions/dl/bin/python ~/.vscode/extensions/ms-python.python-2020.7.96456/pythonFiles/pyvsc-run-isolated.py ~/.vscode/extensions/ms-python.python-2020.7.96456/pythonFiles/completion.py
Error 2021-07-20 01:02:06: stderr jediProxy Error (stderr) /home/chohome/.vscode/extensions/ms-python.python-2020.7.96456/pythonFiles/completion.py:589: DeprecationWarning: Deprecated since version 0.16.0. Use Script(...).get_names instead.
  all_scopes=True,

Error 2021-07-20 01:02:44: stderr jediProxy Error (stderr) /home/chohome/.vscode/extensions/ms-python.python-2020.7.96456/pythonFiles/completion.py:600: DeprecationWarning: Providing the line is now done in the functions themselves like `Script(...).complete(line, column)`
  sys_path=sys.path,

Error 2021-07-20 01:02:44: stderr jediProxy Error (stderr) /home/chohome/.vscode/extensions/ms-python.python-2020.7.96456/pythonFiles/completion.py:600: DeprecationWarning: Providing the column is now done in the functions themselves like `Script(...).complete(line, column)`
  sys_path=sys.path,
/home/chohome/.vscode/extensions/ms-python.python-2020.7.96456/pythonFiles/completion.py:600: DeprecationWarning: Deprecated since version 0.17.0. Use the project API instead, which means Script(project=Project(dir, sys_path=sys_path)) instead.
  sys_path=sys.path,

Error 2021-07-20 01:02:44: stderr jediProxy Error (stderr) /home/chohome/.vscode/extensions/ms-python.python-2020.7.96456/pythonFiles/completion.py:605: DeprecationWarning: Deprecated since version 0.16.0. Use Script(...).goto instead.
  script.goto_assignments(follow_imports=True), request["id"]

> ~/.pyenv/versions/dl/bin/python ~/.vscode/extensions/ms-python.python-2020.7.96456/pythonFiles/pyvsc-run-isolated.py pylint --disable=all --enable=F,unreachable,duplicate-key,unnecessary-semicolon,global-variable-not-assigned,unused-variable,unused-wildcard-import,binary-op-exception,bad-format-string,anomalous-backslash-in-string,bad-open-mode,E0001,E0011,E0012,E0100,E0101,E0102,E0103,E0104,E0105,E0107,E0108,E0110,E0111,E0112,E0113,E0114,E0115,E0116,E0117,E0118,E0202,E0203,E0211,E0213,E0236,E0237,E0238,E0239,E0240,E0241,E0301,E0302,E0303,E0401,E0402,E0601,E0602,E0603,E0604,E0611,E0632,E0633,E0701,E0702,E0703,E0704,E0710,E0711,E0712,E1003,E1101,E1102,E1111,E1120,E1121,E1123,E1124,E1125,E1126,E1127,E1128,E1129,E1130,E1131,E1132,E1133,E1134,E1135,E1136,E1137,E1138,E1139,E1200,E1201,E1205,E1206,E1300,E1301,E1302,E1303,E1304,E1305,E1306,E1310,E1700,E1701 --msg-template='{line},{column},{category},{symbol}:{msg}' --reports=n --output-format=text ~/.pyenv/versions/3.7.2/lib/python3.7/socket.py
cwd: ~/.pyenv/versions/3.7.2/lib/python3.7
> ~/.pyenv/versions/dl/bin/python ~/.vscode/extensions/ms-python.python-2020.7.96456/pythonFiles/pyvsc-run-isolated.py pylint --disable=all --enable=F,unreachable,duplicate-key,unnecessary-semicolon,global-variable-not-assigned,unused-variable,unused-wildcard-import,binary-op-exception,bad-format-string,anomalous-backslash-in-string,bad-open-mode,E0001,E0011,E0012,E0100,E0101,E0102,E0103,E0104,E0105,E0107,E0108,E0110,E0111,E0112,E0113,E0114,E0115,E0116,E0117,E0118,E0202,E0203,E0211,E0213,E0236,E0237,E0238,E0239,E0240,E0241,E0301,E0302,E0303,E0401,E0402,E0601,E0602,E0603,E0604,E0611,E0632,E0633,E0701,E0702,E0703,E0704,E0710,E0711,E0712,E1003,E1101,E1102,E1111,E1120,E1121,E1123,E1124,E1125,E1126,E1127,E1128,E1129,E1130,E1131,E1132,E1133,E1134,E1135,E1136,E1137,E1138,E1139,E1200,E1201,E1205,E1206,E1300,E1301,E1302,E1303,E1304,E1305,E1306,E1310,E1700,E1701 --msg-template='{line},{column},{category},{symbol}:{msg}' --reports=n --output-format=text ~/.pyenv/versions/3.7.2/lib/python3.7/socket.py
cwd: ~/.pyenv/versions/3.7.2/lib/python3.7
> ~/.pyenv/versions/dl/bin/python ~/.vscode/extensions/ms-python.python-2020.7.96456/pythonFiles/pyvsc-run-isolated.py -c "import pylint"
> ~/.pyenv/versions/dl/bin/python ~/.vscode/extensions/ms-python.python-2020.7.96456/pythonFiles/pyvsc-run-isolated.py -c "import pylint"
> ~/.pyenv/versions/dl/bin/python ~/.vscode/extensions/ms-python.python-2020.7.96456/pythonFiles/pyvsc-run-isolated.py -c "import pylint"
> ~/.pyenv/versions/dl/bin/python ~/.vscode/extensions/ms-python.python-2020.7.96456/pythonFiles/pyvsc-run-isolated.py -c "import pylint"

Linter 'pylint' is not installed. Please install it or select another linter".
Error: Module 'pylint' not installed.
Error 2021-07-20 01:20:13: stderr jediProxy Error (stderr) /home/chohome/.vscode/extensions/ms-python.python-2020.7.96456/pythonFiles/completion.py:628: DeprecationWarning: Deprecated since version 0.16.0. Use Script(...).infer instead.
  script.goto_definitions(), request["id"]

> ~/.pyenv/versions/dl/bin/python ~/.vscode/extensions/ms-python.python-2020.7.96456/pythonFiles/pyvsc-run-isolated.py pylint --disable=all --enable=F,unreachable,duplicate-key,unnecessary-semicolon,global-variable-not-assigned,unused-variable,unused-wildcard-import,binary-op-exception,bad-format-string,anomalous-backslash-in-string,bad-open-mode,E0001,E0011,E0012,E0100,E0101,E0102,E0103,E0104,E0105,E0107,E0108,E0110,E0111,E0112,E0113,E0114,E0115,E0116,E0117,E0118,E0202,E0203,E0211,E0213,E0236,E0237,E0238,E0239,E0240,E0241,E0301,E0302,E0303,E0401,E0402,E0601,E0602,E0603,E0604,E0611,E0632,E0633,E0701,E0702,E0703,E0704,E0710,E0711,E0712,E1003,E1101,E1102,E1111,E1120,E1121,E1123,E1124,E1125,E1126,E1127,E1128,E1129,E1130,E1131,E1132,E1133,E1134,E1135,E1136,E1137,E1138,E1139,E1200,E1201,E1205,E1206,E1300,E1301,E1302,E1303,E1304,E1305,E1306,E1310,E1700,E1701 --msg-template='{line},{column},{category},{symbol}:{msg}' --reports=n --output-format=text ~/メカトロ/soket_tansport/server.py
cwd: ~/メカトロ/soket_tansport
> ~/.pyenv/versions/dl/bin/python ~/.vscode/extensions/ms-python.python-2020.7.96456/pythonFiles/pyvsc-run-isolated.py pylint --disable=all --enable=F,unreachable,duplicate-key,unnecessary-semicolon,global-variable-not-assigned,unused-variable,unused-wildcard-import,binary-op-exception,bad-format-string,anomalous-backslash-in-string,bad-open-mode,E0001,E0011,E0012,E0100,E0101,E0102,E0103,E0104,E0105,E0107,E0108,E0110,E0111,E0112,E0113,E0114,E0115,E0116,E0117,E0118,E0202,E0203,E0211,E0213,E0236,E0237,E0238,E0239,E0240,E0241,E0301,E0302,E0303,E0401,E0402,E0601,E0602,E0603,E0604,E0611,E0632,E0633,E0701,E0702,E0703,E0704,E0710,E0711,E0712,E1003,E1101,E1102,E1111,E1120,E1121,E1123,E1124,E1125,E1126,E1127,E1128,E1129,E1130,E1131,E1132,E1133,E1134,E1135,E1136,E1137,E1138,E1139,E1200,E1201,E1205,E1206,E1300,E1301,E1302,E1303,E1304,E1305,E1306,E1310,E1700,E1701 --msg-template='{line},{column},{category},{symbol}:{msg}' --reports=n --output-format=text ~/メカトロ/soket_tansport/server.py
cwd: ~/メカトロ/soket_tansport
> ~/.pyenv/versions/dl/bin/python ~/.vscode/extensions/ms-python.python-2020.7.96456/pythonFiles/pyvsc-run-isolated.py -c "import pylint"
> ~/.pyenv/versions/dl/bin/python ~/.vscode/extensions/ms-python.python-2020.7.96456/pythonFiles/pyvsc-run-isolated.py -c "import pylint"
> ~/.pyenv/versions/dl/bin/python ~/.vscode/extensions/ms-python.python-2020.7.96456/pythonFiles/pyvsc-run-isolated.py -c "import pylint"
> ~/.pyenv/versions/dl/bin/python ~/.vscode/extensions/ms-python.python-2020.7.96456/pythonFiles/pyvsc-run-isolated.py -c "import pylint"

Linter 'pylint' is not installed. Please install it or select another linter".
Error: Module 'pylint' not installed.
> ~/.pyenv/versions/dl/bin/python ~/.vscode/extensions/ms-python.python-2020.7.96456/pythonFiles/pyvsc-run-isolated.py pylint --disable=all --enable=F,unreachable,duplicate-key,unnecessary-semicolon,global-variable-not-assigned,unused-variable,unused-wildcard-import,binary-op-exception,bad-format-string,anomalous-backslash-in-string,bad-open-mode,E0001,E0011,E0012,E0100,E0101,E0102,E0103,E0104,E0105,E0107,E0108,E0110,E0111,E0112,E0113,E0114,E0115,E0116,E0117,E0118,E0202,E0203,E0211,E0213,E0236,E0237,E0238,E0239,E0240,E0241,E0301,E0302,E0303,E0401,E0402,E0601,E0602,E0603,E0604,E0611,E0632,E0633,E0701,E0702,E0703,E0704,E0710,E0711,E0712,E1003,E1101,E1102,E1111,E1120,E1121,E1123,E1124,E1125,E1126,E1127,E1128,E1129,E1130,E1131,E1132,E1133,E1134,E1135,E1136,E1137,E1138,E1139,E1200,E1201,E1205,E1206,E1300,E1301,E1302,E1303,E1304,E1305,E1306,E1310,E1700,E1701 --msg-template='{line},{column},{category},{symbol}:{msg}' --reports=n --output-format=text ~/メカトロ/soket_tansport/client.py
cwd: ~/メカトロ/soket_tansport
> ~/.pyenv/versions/dl/bin/python ~/.vscode/extensions/ms-python.python-2020.7.96456/pythonFiles/pyvsc-run-isolated.py pylint --disable=all --enable=F,unreachable,duplicate-key,unnecessary-semicolon,global-variable-not-assigned,unused-variable,unused-wildcard-import,binary-op-exception,bad-format-string,anomalous-backslash-in-string,bad-open-mode,E0001,E0011,E0012,E0100,E0101,E0102,E0103,E0104,E0105,E0107,E0108,E0110,E0111,E0112,E0113,E0114,E0115,E0116,E0117,E0118,E0202,E0203,E0211,E0213,E0236,E0237,E0238,E0239,E0240,E0241,E0301,E0302,E0303,E0401,E0402,E0601,E0602,E0603,E0604,E0611,E0632,E0633,E0701,E0702,E0703,E0704,E0710,E0711,E0712,E1003,E1101,E1102,E1111,E1120,E1121,E1123,E1124,E1125,E1126,E1127,E1128,E1129,E1130,E1131,E1132,E1133,E1134,E1135,E1136,E1137,E1138,E1139,E1200,E1201,E1205,E1206,E1300,E1301,E1302,E1303,E1304,E1305,E1306,E1310,E1700,E1701 --msg-template='{line},{column},{category},{symbol}:{msg}' --reports=n --output-format=text ~/メカトロ/soket_tansport/client.py
cwd: ~/メカトロ/soket_tansport
> ~/.pyenv/versions/dl/bin/python ~/.vscode/extensions/ms-python.python-2020.7.96456/pythonFiles/pyvsc-run-isolated.py -c "import pylint"
> ~/.pyenv/versions/dl/bin/python ~/.vscode/extensions/ms-python.python-2020.7.96456/pythonFiles/pyvsc-run-isolated.py -c "import pylint"
> ~/.pyenv/versions/dl/bin/python ~/.vscode/extensions/ms-python.python-2020.7.96456/pythonFiles/pyvsc-run-isolated.py -c "import pylint"
> ~/.pyenv/versions/dl/bin/python ~/.vscode/extensions/ms-python.python-2020.7.96456/pythonFiles/pyvsc-run-isolated.py -c "import pylint"

Linter 'pylint' is not installed. Please install it or select another linter".
Error: Module 'pylint' not installed.
> ~/.pyenv/versions/dl/bin/python ~/.vscode/extensions/ms-python.python-2020.7.96456/pythonFiles/pyvsc-run-isolated.py pylint --disable=all --enable=F,unreachable,duplicate-key,unnecessary-semicolon,global-variable-not-assigned,unused-variable,unused-wildcard-import,binary-op-exception,bad-format-string,anomalous-backslash-in-string,bad-open-mode,E0001,E0011,E0012,E0100,E0101,E0102,E0103,E0104,E0105,E0107,E0108,E0110,E0111,E0112,E0113,E0114,E0115,E0116,E0117,E0118,E0202,E0203,E0211,E0213,E0236,E0237,E0238,E0239,E0240,E0241,E0301,E0302,E0303,E0401,E0402,E0601,E0602,E0603,E0604,E0611,E0632,E0633,E0701,E0702,E0703,E0704,E0710,E0711,E0712,E1003,E1101,E1102,E1111,E1120,E1121,E1123,E1124,E1125,E1126,E1127,E1128,E1129,E1130,E1131,E1132,E1133,E1134,E1135,E1136,E1137,E1138,E1139,E1200,E1201,E1205,E1206,E1300,E1301,E1302,E1303,E1304,E1305,E1306,E1310,E1700,E1701 --msg-template='{line},{column},{category},{symbol}:{msg}' --reports=n --output-format=text ~/メカトロ/soket_tansport/server.py
cwd: ~/メカトロ/soket_tansport
> ~/.pyenv/versions/dl/bin/python ~/.vscode/extensions/ms-python.python-2020.7.96456/pythonFiles/pyvsc-run-isolated.py pylint --disable=all --enable=F,unreachable,duplicate-key,unnecessary-semicolon,global-variable-not-assigned,unused-variable,unused-wildcard-import,binary-op-exception,bad-format-string,anomalous-backslash-in-string,bad-open-mode,E0001,E0011,E0012,E0100,E0101,E0102,E0103,E0104,E0105,E0107,E0108,E0110,E0111,E0112,E0113,E0114,E0115,E0116,E0117,E0118,E0202,E0203,E0211,E0213,E0236,E0237,E0238,E0239,E0240,E0241,E0301,E0302,E0303,E0401,E0402,E0601,E0602,E0603,E0604,E0611,E0632,E0633,E0701,E0702,E0703,E0704,E0710,E0711,E0712,E1003,E1101,E1102,E1111,E1120,E1121,E1123,E1124,E1125,E1126,E1127,E1128,E1129,E1130,E1131,E1132,E1133,E1134,E1135,E1136,E1137,E1138,E1139,E1200,E1201,E1205,E1206,E1300,E1301,E1302,E1303,E1304,E1305,E1306,E1310,E1700,E1701 --msg-template='{line},{column},{category},{symbol}:{msg}' --reports=n --output-format=text ~/メカトロ/soket_tansport/server.py
cwd: ~/メカトロ/soket_tansport
> ~/.pyenv/versions/dl/bin/python ~/.vscode/extensions/ms-python.python-2020.7.96456/pythonFiles/pyvsc-run-isolated.py -c "import pylint"
> ~/.pyenv/versions/dl/bin/python ~/.vscode/extensions/ms-python.python-2020.7.96456/pythonFiles/pyvsc-run-isolated.py -c "import pylint"
> ~/.pyenv/versions/dl/bin/python ~/.vscode/extensions/ms-python.python-2020.7.96456/pythonFiles/pyvsc-run-isolated.py -c "import pylint"
> ~/.pyenv/versions/dl/bin/python ~/.vscode/extensions/ms-python.python-2020.7.96456/pythonFiles/pyvsc-run-isolated.py -c "import pylint"

Linter 'pylint' is not installed. Please install it or select another linter".
Error: Module 'pylint' not installed.
> ~/.pyenv/versions/dl/bin/python ~/.vscode/extensions/ms-python.python-2020.7.96456/pythonFiles/pyvsc-run-isolated.py pylint --disable=all --enable=F,unreachable,duplicate-key,unnecessary-semicolon,global-variable-not-assigned,unused-variable,unused-wildcard-import,binary-op-exception,bad-format-string,anomalous-backslash-in-string,bad-open-mode,E0001,E0011,E0012,E0100,E0101,E0102,E0103,E0104,E0105,E0107,E0108,E0110,E0111,E0112,E0113,E0114,E0115,E0116,E0117,E0118,E0202,E0203,E0211,E0213,E0236,E0237,E0238,E0239,E0240,E0241,E0301,E0302,E0303,E0401,E0402,E0601,E0602,E0603,E0604,E0611,E0632,E0633,E0701,E0702,E0703,E0704,E0710,E0711,E0712,E1003,E1101,E1102,E1111,E1120,E1121,E1123,E1124,E1125,E1126,E1127,E1128,E1129,E1130,E1131,E1132,E1133,E1134,E1135,E1136,E1137,E1138,E1139,E1200,E1201,E1205,E1206,E1300,E1301,E1302,E1303,E1304,E1305,E1306,E1310,E1700,E1701 --msg-template='{line},{column},{category},{symbol}:{msg}' --reports=n --output-format=text ~/メカトロ/soket_tansport/server.py
cwd: ~/メカトロ/soket_tansport
> ~/.pyenv/versions/dl/bin/python ~/.vscode/extensions/ms-python.python-2020.7.96456/pythonFiles/pyvsc-run-isolated.py pylint --disable=all --enable=F,unreachable,duplicate-key,unnecessary-semicolon,global-variable-not-assigned,unused-variable,unused-wildcard-import,binary-op-exception,bad-format-string,anomalous-backslash-in-string,bad-open-mode,E0001,E0011,E0012,E0100,E0101,E0102,E0103,E0104,E0105,E0107,E0108,E0110,E0111,E0112,E0113,E0114,E0115,E0116,E0117,E0118,E0202,E0203,E0211,E0213,E0236,E0237,E0238,E0239,E0240,E0241,E0301,E0302,E0303,E0401,E0402,E0601,E0602,E0603,E0604,E0611,E0632,E0633,E0701,E0702,E0703,E0704,E0710,E0711,E0712,E1003,E1101,E1102,E1111,E1120,E1121,E1123,E1124,E1125,E1126,E1127,E1128,E1129,E1130,E1131,E1132,E1133,E1134,E1135,E1136,E1137,E1138,E1139,E1200,E1201,E1205,E1206,E1300,E1301,E1302,E1303,E1304,E1305,E1306,E1310,E1700,E1701 --msg-template='{line},{column},{category},{symbol}:{msg}' --reports=n --output-format=text ~/メカトロ/soket_tansport/server.py
cwd: ~/メカトロ/soket_tansport
> ~/.pyenv/versions/dl/bin/python ~/.vscode/extensions/ms-python.python-2020.7.96456/pythonFiles/pyvsc-run-isolated.py -c "import pylint"
> ~/.pyenv/versions/dl/bin/python ~/.vscode/extensions/ms-python.python-2020.7.96456/pythonFiles/pyvsc-run-isolated.py -c "import pylint"
> ~/.pyenv/versions/dl/bin/python ~/.vscode/extensions/ms-python.python-2020.7.96456/pythonFiles/pyvsc-run-isolated.py -c "import pylint"
> ~/.pyenv/versions/dl/bin/python ~/.vscode/extensions/ms-python.python-2020.7.96456/pythonFiles/pyvsc-run-isolated.py -c "import pylint"

Linter 'pylint' is not installed. Please install it or select another linter".
Error: Module 'pylint' not installed.
> ~/.pyenv/versions/dl/bin/python ~/.vscode/extensions/ms-python.python-2020.7.96456/pythonFiles/pyvsc-run-isolated.py pylint --disable=all --enable=F,unreachable,duplicate-key,unnecessary-semicolon,global-variable-not-assigned,unused-variable,unused-wildcard-import,binary-op-exception,bad-format-string,anomalous-backslash-in-string,bad-open-mode,E0001,E0011,E0012,E0100,E0101,E0102,E0103,E0104,E0105,E0107,E0108,E0110,E0111,E0112,E0113,E0114,E0115,E0116,E0117,E0118,E0202,E0203,E0211,E0213,E0236,E0237,E0238,E0239,E0240,E0241,E0301,E0302,E0303,E0401,E0402,E0601,E0602,E0603,E0604,E0611,E0632,E0633,E0701,E0702,E0703,E0704,E0710,E0711,E0712,E1003,E1101,E1102,E1111,E1120,E1121,E1123,E1124,E1125,E1126,E1127,E1128,E1129,E1130,E1131,E1132,E1133,E1134,E1135,E1136,E1137,E1138,E1139,E1200,E1201,E1205,E1206,E1300,E1301,E1302,E1303,E1304,E1305,E1306,E1310,E1700,E1701 --msg-template='{line},{column},{category},{symbol}:{msg}' --reports=n --output-format=text ~/メカトロ/soket_tansport/server.py
cwd: ~/メカトロ/soket_tansport
> ~/.pyenv/versions/dl/bin/python ~/.vscode/extensions/ms-python.python-2020.7.96456/pythonFiles/pyvsc-run-isolated.py pylint --disable=all --enable=F,unreachable,duplicate-key,unnecessary-semicolon,global-variable-not-assigned,unused-variable,unused-wildcard-import,binary-op-exception,bad-format-string,anomalous-backslash-in-string,bad-open-mode,E0001,E0011,E0012,E0100,E0101,E0102,E0103,E0104,E0105,E0107,E0108,E0110,E0111,E0112,E0113,E0114,E0115,E0116,E0117,E0118,E0202,E0203,E0211,E0213,E0236,E0237,E0238,E0239,E0240,E0241,E0301,E0302,E0303,E0401,E0402,E0601,E0602,E0603,E0604,E0611,E0632,E0633,E0701,E0702,E0703,E0704,E0710,E0711,E0712,E1003,E1101,E1102,E1111,E1120,E1121,E1123,E1124,E1125,E1126,E1127,E1128,E1129,E1130,E1131,E1132,E1133,E1134,E1135,E1136,E1137,E1138,E1139,E1200,E1201,E1205,E1206,E1300,E1301,E1302,E1303,E1304,E1305,E1306,E1310,E1700,E1701 --msg-template='{line},{column},{category},{symbol}:{msg}' --reports=n --output-format=text ~/メカトロ/soket_tansport/server.py
cwd: ~/メカトロ/soket_tansport
> ~/.pyenv/versions/dl/bin/python ~/.vscode/extensions/ms-python.python-2020.7.96456/pythonFiles/pyvsc-run-isolated.py -c "import pylint"
> ~/.pyenv/versions/dl/bin/python ~/.vscode/extensions/ms-python.python-2020.7.96456/pythonFiles/pyvsc-run-isolated.py -c "import pylint"
> ~/.pyenv/versions/dl/bin/python ~/.vscode/extensions/ms-python.python-2020.7.96456/pythonFiles/pyvsc-run-isolated.py -c "import pylint"
> ~/.pyenv/versions/dl/bin/python ~/.vscode/extensions/ms-python.python-2020.7.96456/pythonFiles/pyvsc-run-isolated.py -c "import pylint"

Linter 'pylint' is not installed. Please install it or select another linter".
Error: Module 'pylint' not installed.
> ~/.pyenv/versions/dl/bin/python ~/.vscode/extensions/ms-python.python-2020.7.96456/pythonFiles/pyvsc-run-isolated.py pylint --disable=all --enable=F,unreachable,duplicate-key,unnecessary-semicolon,global-variable-not-assigned,unused-variable,unused-wildcard-import,binary-op-exception,bad-format-string,anomalous-backslash-in-string,bad-open-mode,E0001,E0011,E0012,E0100,E0101,E0102,E0103,E0104,E0105,E0107,E0108,E0110,E0111,E0112,E0113,E0114,E0115,E0116,E0117,E0118,E0202,E0203,E0211,E0213,E0236,E0237,E0238,E0239,E0240,E0241,E0301,E0302,E0303,E0401,E0402,E0601,E0602,E0603,E0604,E0611,E0632,E0633,E0701,E0702,E0703,E0704,E0710,E0711,E0712,E1003,E1101,E1102,E1111,E1120,E1121,E1123,E1124,E1125,E1126,E1127,E1128,E1129,E1130,E1131,E1132,E1133,E1134,E1135,E1136,E1137,E1138,E1139,E1200,E1201,E1205,E1206,E1300,E1301,E1302,E1303,E1304,E1305,E1306,E1310,E1700,E1701 --msg-template='{line},{column},{category},{symbol}:{msg}' --reports=n --output-format=text ~/メカトロ/soket_tansport/server.py
cwd: ~/メカトロ/soket_tansport
> ~/.pyenv/versions/dl/bin/python ~/.vscode/extensions/ms-python.python-2020.7.96456/pythonFiles/pyvsc-run-isolated.py pylint --disable=all --enable=F,unreachable,duplicate-key,unnecessary-semicolon,global-variable-not-assigned,unused-variable,unused-wildcard-import,binary-op-exception,bad-format-string,anomalous-backslash-in-string,bad-open-mode,E0001,E0011,E0012,E0100,E0101,E0102,E0103,E0104,E0105,E0107,E0108,E0110,E0111,E0112,E0113,E0114,E0115,E0116,E0117,E0118,E0202,E0203,E0211,E0213,E0236,E0237,E0238,E0239,E0240,E0241,E0301,E0302,E0303,E0401,E0402,E0601,E0602,E0603,E0604,E0611,E0632,E0633,E0701,E0702,E0703,E0704,E0710,E0711,E0712,E1003,E1101,E1102,E1111,E1120,E1121,E1123,E1124,E1125,E1126,E1127,E1128,E1129,E1130,E1131,E1132,E1133,E1134,E1135,E1136,E1137,E1138,E1139,E1200,E1201,E1205,E1206,E1300,E1301,E1302,E1303,E1304,E1305,E1306,E1310,E1700,E1701 --msg-template='{line},{column},{category},{symbol}:{msg}' --reports=n --output-format=text ~/メカトロ/soket_tansport/server.py
cwd: ~/メカトロ/soket_tansport
> ~/.pyenv/versions/dl/bin/python ~/.vscode/extensions/ms-python.python-2020.7.96456/pythonFiles/pyvsc-run-isolated.py -c "import pylint"
> ~/.pyenv/versions/dl/bin/python ~/.vscode/extensions/ms-python.python-2020.7.96456/pythonFiles/pyvsc-run-isolated.py -c "import pylint"
> ~/.pyenv/versions/dl/bin/python ~/.vscode/extensions/ms-python.python-2020.7.96456/pythonFiles/pyvsc-run-isolated.py -c "import pylint"
> ~/.pyenv/versions/dl/bin/python ~/.vscode/extensions/ms-python.python-2020.7.96456/pythonFiles/pyvsc-run-isolated.py -c "import pylint"

Linter 'pylint' is not installed. Please install it or select another linter".
Error: Module 'pylint' not installed.
> ~/.pyenv/versions/dl/bin/python ~/.vscode/extensions/ms-python.python-2020.7.96456/pythonFiles/pyvsc-run-isolated.py pylint --disable=all --enable=F,unreachable,duplicate-key,unnecessary-semicolon,global-variable-not-assigned,unused-variable,unused-wildcard-import,binary-op-exception,bad-format-string,anomalous-backslash-in-string,bad-open-mode,E0001,E0011,E0012,E0100,E0101,E0102,E0103,E0104,E0105,E0107,E0108,E0110,E0111,E0112,E0113,E0114,E0115,E0116,E0117,E0118,E0202,E0203,E0211,E0213,E0236,E0237,E0238,E0239,E0240,E0241,E0301,E0302,E0303,E0401,E0402,E0601,E0602,E0603,E0604,E0611,E0632,E0633,E0701,E0702,E0703,E0704,E0710,E0711,E0712,E1003,E1101,E1102,E1111,E1120,E1121,E1123,E1124,E1125,E1126,E1127,E1128,E1129,E1130,E1131,E1132,E1133,E1134,E1135,E1136,E1137,E1138,E1139,E1200,E1201,E1205,E1206,E1300,E1301,E1302,E1303,E1304,E1305,E1306,E1310,E1700,E1701 --msg-template='{line},{column},{category},{symbol}:{msg}' --reports=n --output-format=text ~/メカトロ/soket_tansport/client.py
cwd: ~/メカトロ/soket_tansport
> ~/.pyenv/versions/dl/bin/python ~/.vscode/extensions/ms-python.python-2020.7.96456/pythonFiles/pyvsc-run-isolated.py pylint --disable=all --enable=F,unreachable,duplicate-key,unnecessary-semicolon,global-variable-not-assigned,unused-variable,unused-wildcard-import,binary-op-exception,bad-format-string,anomalous-backslash-in-string,bad-open-mode,E0001,E0011,E0012,E0100,E0101,E0102,E0103,E0104,E0105,E0107,E0108,E0110,E0111,E0112,E0113,E0114,E0115,E0116,E0117,E0118,E0202,E0203,E0211,E0213,E0236,E0237,E0238,E0239,E0240,E0241,E0301,E0302,E0303,E0401,E0402,E0601,E0602,E0603,E0604,E0611,E0632,E0633,E0701,E0702,E0703,E0704,E0710,E0711,E0712,E1003,E1101,E1102,E1111,E1120,E1121,E1123,E1124,E1125,E1126,E1127,E1128,E1129,E1130,E1131,E1132,E1133,E1134,E1135,E1136,E1137,E1138,E1139,E1200,E1201,E1205,E1206,E1300,E1301,E1302,E1303,E1304,E1305,E1306,E1310,E1700,E1701 --msg-template='{line},{column},{category},{symbol}:{msg}' --reports=n --output-format=text ~/メカトロ/soket_tansport/client.py
cwd: ~/メカトロ/soket_tansport
> ~/.pyenv/versions/dl/bin/python ~/.vscode/extensions/ms-python.python-2020.7.96456/pythonFiles/pyvsc-run-isolated.py -c "import pylint"
> ~/.pyenv/versions/dl/bin/python ~/.vscode/extensions/ms-python.python-2020.7.96456/pythonFiles/pyvsc-run-isolated.py -c "import pylint"
> ~/.pyenv/versions/dl/bin/python ~/.vscode/extensions/ms-python.python-2020.7.96456/pythonFiles/pyvsc-run-isolated.py -c "import pylint"
> ~/.pyenv/versions/dl/bin/python ~/.vscode/extensions/ms-python.python-2020.7.96456/pythonFiles/pyvsc-run-isolated.py -c "import pylint"

Linter 'pylint' is not installed. Please install it or select another linter".
Error: Module 'pylint' not installed.
> ~/.pyenv/versions/dl/bin/python ~/.vscode/extensions/ms-python.python-2020.7.96456/pythonFiles/pyvsc-run-isolated.py pylint --disable=all --enable=F,unreachable,duplicate-key,unnecessary-semicolon,global-variable-not-assigned,unused-variable,unused-wildcard-import,binary-op-exception,bad-format-string,anomalous-backslash-in-string,bad-open-mode,E0001,E0011,E0012,E0100,E0101,E0102,E0103,E0104,E0105,E0107,E0108,E0110,E0111,E0112,E0113,E0114,E0115,E0116,E0117,E0118,E0202,E0203,E0211,E0213,E0236,E0237,E0238,E0239,E0240,E0241,E0301,E0302,E0303,E0401,E0402,E0601,E0602,E0603,E0604,E0611,E0632,E0633,E0701,E0702,E0703,E0704,E0710,E0711,E0712,E1003,E1101,E1102,E1111,E1120,E1121,E1123,E1124,E1125,E1126,E1127,E1128,E1129,E1130,E1131,E1132,E1133,E1134,E1135,E1136,E1137,E1138,E1139,E1200,E1201,E1205,E1206,E1300,E1301,E1302,E1303,E1304,E1305,E1306,E1310,E1700,E1701 --msg-template='{line},{column},{category},{symbol}:{msg}' --reports=n --output-format=text ~/メカトロ/soket_tansport/client.py
cwd: ~/メカトロ/soket_tansport
> ~/.pyenv/versions/dl/bin/python ~/.vscode/extensions/ms-python.python-2020.7.96456/pythonFiles/pyvsc-run-isolated.py pylint --disable=all --enable=F,unreachable,duplicate-key,unnecessary-semicolon,global-variable-not-assigned,unused-variable,unused-wildcard-import,binary-op-exception,bad-format-string,anomalous-backslash-in-string,bad-open-mode,E0001,E0011,E0012,E0100,E0101,E0102,E0103,E0104,E0105,E0107,E0108,E0110,E0111,E0112,E0113,E0114,E0115,E0116,E0117,E0118,E0202,E0203,E0211,E0213,E0236,E0237,E0238,E0239,E0240,E0241,E0301,E0302,E0303,E0401,E0402,E0601,E0602,E0603,E0604,E0611,E0632,E0633,E0701,E0702,E0703,E0704,E0710,E0711,E0712,E1003,E1101,E1102,E1111,E1120,E1121,E1123,E1124,E1125,E1126,E1127,E1128,E1129,E1130,E1131,E1132,E1133,E1134,E1135,E1136,E1137,E1138,E1139,E1200,E1201,E1205,E1206,E1300,E1301,E1302,E1303,E1304,E1305,E1306,E1310,E1700,E1701 --msg-template='{line},{column},{category},{symbol}:{msg}' --reports=n --output-format=text ~/メカトロ/soket_tansport/client.py
cwd: ~/メカトロ/soket_tansport
> ~/.pyenv/versions/dl/bin/python ~/.vscode/extensions/ms-python.python-2020.7.96456/pythonFiles/pyvsc-run-isolated.py -c "import pylint"
> ~/.pyenv/versions/dl/bin/python ~/.vscode/extensions/ms-python.python-2020.7.96456/pythonFiles/pyvsc-run-isolated.py -c "import pylint"
> ~/.pyenv/versions/dl/bin/python ~/.vscode/extensions/ms-python.python-2020.7.96456/pythonFiles/pyvsc-run-isolated.py -c "import pylint"
> ~/.pyenv/versions/dl/bin/python ~/.vscode/extensions/ms-python.python-2020.7.96456/pythonFiles/pyvsc-run-isolated.py -c "import pylint"

Linter 'pylint' is not installed. Please install it or select another linter".
Error: Module 'pylint' not installed.
> ~/.pyenv/versions/dl/bin/python ~/.vscode/extensions/ms-python.python-2020.7.96456/pythonFiles/pyvsc-run-isolated.py pylint --disable=all --enable=F,unreachable,duplicate-key,unnecessary-semicolon,global-variable-not-assigned,unused-variable,unused-wildcard-import,binary-op-exception,bad-format-string,anomalous-backslash-in-string,bad-open-mode,E0001,E0011,E0012,E0100,E0101,E0102,E0103,E0104,E0105,E0107,E0108,E0110,E0111,E0112,E0113,E0114,E0115,E0116,E0117,E0118,E0202,E0203,E0211,E0213,E0236,E0237,E0238,E0239,E0240,E0241,E0301,E0302,E0303,E0401,E0402,E0601,E0602,E0603,E0604,E0611,E0632,E0633,E0701,E0702,E0703,E0704,E0710,E0711,E0712,E1003,E1101,E1102,E1111,E1120,E1121,E1123,E1124,E1125,E1126,E1127,E1128,E1129,E1130,E1131,E1132,E1133,E1134,E1135,E1136,E1137,E1138,E1139,E1200,E1201,E1205,E1206,E1300,E1301,E1302,E1303,E1304,E1305,E1306,E1310,E1700,E1701 --msg-template='{line},{column},{category},{symbol}:{msg}' --reports=n --output-format=text ~/メカトロ/soket_tansport/client.py
cwd: ~/メカトロ/soket_tansport
> ~/.pyenv/versions/dl/bin/python ~/.vscode/extensions/ms-python.python-2020.7.96456/pythonFiles/pyvsc-run-isolated.py pylint --disable=all --enable=F,unreachable,duplicate-key,unnecessary-semicolon,global-variable-not-assigned,unused-variable,unused-wildcard-import,binary-op-exception,bad-format-string,anomalous-backslash-in-string,bad-open-mode,E0001,E0011,E0012,E0100,E0101,E0102,E0103,E0104,E0105,E0107,E0108,E0110,E0111,E0112,E0113,E0114,E0115,E0116,E0117,E0118,E0202,E0203,E0211,E0213,E0236,E0237,E0238,E0239,E0240,E0241,E0301,E0302,E0303,E0401,E0402,E0601,E0602,E0603,E0604,E0611,E0632,E0633,E0701,E0702,E0703,E0704,E0710,E0711,E0712,E1003,E1101,E1102,E1111,E1120,E1121,E1123,E1124,E1125,E1126,E1127,E1128,E1129,E1130,E1131,E1132,E1133,E1134,E1135,E1136,E1137,E1138,E1139,E1200,E1201,E1205,E1206,E1300,E1301,E1302,E1303,E1304,E1305,E1306,E1310,E1700,E1701 --msg-template='{line},{column},{category},{symbol}:{msg}' --reports=n --output-format=text ~/メカトロ/soket_tansport/client.py
cwd: ~/メカトロ/soket_tansport
> ~/.pyenv/versions/dl/bin/python ~/.vscode/extensions/ms-python.python-2020.7.96456/pythonFiles/pyvsc-run-isolated.py -c "import pylint"
> ~/.pyenv/versions/dl/bin/python ~/.vscode/extensions/ms-python.python-2020.7.96456/pythonFiles/pyvsc-run-isolated.py -c "import pylint"
> ~/.pyenv/versions/dl/bin/python ~/.vscode/extensions/ms-python.python-2020.7.96456/pythonFiles/pyvsc-run-isolated.py -c "import pylint"
> ~/.pyenv/versions/dl/bin/python ~/.vscode/extensions/ms-python.python-2020.7.96456/pythonFiles/pyvsc-run-isolated.py -c "import pylint"

Linter 'pylint' is not installed. Please install it or select another linter".
Error: Module 'pylint' not installed.
> ~/.pyenv/versions/dl/bin/python ~/.vscode/extensions/ms-python.python-2020.7.96456/pythonFiles/pyvsc-run-isolated.py pylint --disable=all --enable=F,unreachable,duplicate-key,unnecessary-semicolon,global-variable-not-assigned,unused-variable,unused-wildcard-import,binary-op-exception,bad-format-string,anomalous-backslash-in-string,bad-open-mode,E0001,E0011,E0012,E0100,E0101,E0102,E0103,E0104,E0105,E0107,E0108,E0110,E0111,E0112,E0113,E0114,E0115,E0116,E0117,E0118,E0202,E0203,E0211,E0213,E0236,E0237,E0238,E0239,E0240,E0241,E0301,E0302,E0303,E0401,E0402,E0601,E0602,E0603,E0604,E0611,E0632,E0633,E0701,E0702,E0703,E0704,E0710,E0711,E0712,E1003,E1101,E1102,E1111,E1120,E1121,E1123,E1124,E1125,E1126,E1127,E1128,E1129,E1130,E1131,E1132,E1133,E1134,E1135,E1136,E1137,E1138,E1139,E1200,E1201,E1205,E1206,E1300,E1301,E1302,E1303,E1304,E1305,E1306,E1310,E1700,E1701 --msg-template='{line},{column},{category},{symbol}:{msg}' --reports=n --output-format=text ~/メカトロ/soket_tansport/server.py
cwd: ~/メカトロ/soket_tansport
> ~/.pyenv/versions/dl/bin/python ~/.vscode/extensions/ms-python.python-2020.7.96456/pythonFiles/pyvsc-run-isolated.py pylint --disable=all --enable=F,unreachable,duplicate-key,unnecessary-semicolon,global-variable-not-assigned,unused-variable,unused-wildcard-import,binary-op-exception,bad-format-string,anomalous-backslash-in-string,bad-open-mode,E0001,E0011,E0012,E0100,E0101,E0102,E0103,E0104,E0105,E0107,E0108,E0110,E0111,E0112,E0113,E0114,E0115,E0116,E0117,E0118,E0202,E0203,E0211,E0213,E0236,E0237,E0238,E0239,E0240,E0241,E0301,E0302,E0303,E0401,E0402,E0601,E0602,E0603,E0604,E0611,E0632,E0633,E0701,E0702,E0703,E0704,E0710,E0711,E0712,E1003,E1101,E1102,E1111,E1120,E1121,E1123,E1124,E1125,E1126,E1127,E1128,E1129,E1130,E1131,E1132,E1133,E1134,E1135,E1136,E1137,E1138,E1139,E1200,E1201,E1205,E1206,E1300,E1301,E1302,E1303,E1304,E1305,E1306,E1310,E1700,E1701 --msg-template='{line},{column},{category},{symbol}:{msg}' --reports=n --output-format=text ~/メカトロ/soket_tansport/server.py
cwd: ~/メカトロ/soket_tansport
> ~/.pyenv/versions/dl/bin/python ~/.vscode/extensions/ms-python.python-2020.7.96456/pythonFiles/pyvsc-run-isolated.py -c "import pylint"
> ~/.pyenv/versions/dl/bin/python ~/.vscode/extensions/ms-python.python-2020.7.96456/pythonFiles/pyvsc-run-isolated.py -c "import pylint"
> ~/.pyenv/versions/dl/bin/python ~/.vscode/extensions/ms-python.python-2020.7.96456/pythonFiles/pyvsc-run-isolated.py -c "import pylint"
> ~/.pyenv/versions/dl/bin/python ~/.vscode/extensions/ms-python.python-2020.7.96456/pythonFiles/pyvsc-run-isolated.py -c "import pylint"

Linter 'pylint' is not installed. Please install it or select another linter".
Error: Module 'pylint' not installed.
