[2021-07-19 21:44:51.957] [renderer1] [error] F.filter is not a function: TypeError: F.filter is not a function
    at R.getUserConfiguredCustomEditors (file:///usr/share/code/resources/app/out/vs/workbench/workbench.desktop.main.js:1753:84530)
    at R.getAllCustomEditors (file:///usr/share/code/resources/app/out/vs/workbench/workbench.desktop.main.js:1753:84704)
    at R.updateContexts (file:///usr/share/code/resources/app/out/vs/workbench/workbench.desktop.main.js:1753:88081)
    at file:///usr/share/code/resources/app/out/vs/workbench/workbench.desktop.main.js:1753:83581
    at u.fire (file:///usr/share/code/resources/app/out/vs/workbench/workbench.desktop.main.js:55:1836)
    at L.doHandleActiveEditorChangeEvent (file:///usr/share/code/resources/app/out/vs/workbench/workbench.desktop.main.js:2099:72631)
    at L.handleActiveEditorChange (file:///usr/share/code/resources/app/out/vs/workbench/workbench.desktop.main.js:2099:72428)
    at file:///usr/share/code/resources/app/out/vs/workbench/workbench.desktop.main.js:2099:71517
    at u.fire (file:///usr/share/code/resources/app/out/vs/workbench/workbench.desktop.main.js:55:1836)
    at si.doSetGroupActive (file:///usr/share/code/resources/app/out/vs/workbench/workbench.desktop.main.js:2284:8343)
    at Object.fromJSON (file:///usr/share/code/resources/app/out/vs/workbench/workbench.desktop.main.js:2284:14400)
    at n._deserializeNode (file:///usr/share/code/resources/app/out/vs/workbench/workbench.desktop.main.js:138:58262)
    at file:///usr/share/code/resources/app/out/vs/workbench/workbench.desktop.main.js:138:58105
    at Array.map (<anonymous>)
    at n._deserializeNode (file:///usr/share/code/resources/app/out/vs/workbench/workbench.desktop.main.js:138:58086)
    at n._deserialize (file:///usr/share/code/resources/app/out/vs/workbench/workbench.desktop.main.js:138:57991)
    at Function.deserialize (file:///usr/share/code/resources/app/out/vs/workbench/workbench.desktop.main.js:138:57925)
    at Function.deserialize (file:///usr/share/code/resources/app/out/vs/workbench/workbench.desktop.main.js:138:67633)
    at si.doCreateGridControlWithState (file:///usr/share/code/resources/app/out/vs/workbench/workbench.desktop.main.js:2284:14283)
    at si.doCreateGridControlWithPreviousState (file:///usr/share/code/resources/app/out/vs/workbench/workbench.desktop.main.js:2284:13869)
    at si.doCreateGridControl (file:///usr/share/code/resources/app/out/vs/workbench/workbench.desktop.main.js:2284:13330)
    at si.createContentArea (file:///usr/share/code/resources/app/out/vs/workbench/workbench.desktop.main.js:2284:11677)
    at si.create (file:///usr/share/code/resources/app/out/vs/workbench/workbench.desktop.main.js:740:8175)
    at file:///usr/share/code/resources/app/out/vs/workbench/workbench.desktop.main.js:2323:92020
    at Array.forEach (<anonymous>)
    at O.renderWorkbench (file:///usr/share/code/resources/app/out/vs/workbench/workbench.desktop.main.js:2323:91927)
    at file:///usr/share/code/resources/app/out/vs/workbench/workbench.desktop.main.js:2323:88916
    at C.invokeFunction (file:///usr/share/code/resources/app/out/vs/workbench/workbench.desktop.main.js:614:20943)
    at O.startup (file:///usr/share/code/resources/app/out/vs/workbench/workbench.desktop.main.js:2323:88547)
    at J.open (file:///usr/share/code/resources/app/out/vs/workbench/workbench.desktop.main.js:2658:6772)
    at async file:///usr/share/code/resources/app/out/bootstrap-window.js:1:2555
[2021-07-19 21:44:51.957] [renderer1] [error] Unexpected error getting editor overrides: TypeError: F.filter is not a function
[2021-07-19 21:44:51.957] [renderer1] [error] Unexpected error getting editor overrides: TypeError: ue.filter is not a function
[2021-07-19 21:44:51.957] [renderer1] [error] Unexpected error getting editor overrides: TypeError: F.filter is not a function
[2021-07-19 21:44:51.957] [renderer1] [error] Unexpected error getting editor overrides: TypeError: ue.filter is not a function
[2021-07-19 21:44:51.957] [renderer1] [error] F.filter is not a function: TypeError: F.filter is not a function
    at R.getUserConfiguredCustomEditors (file:///usr/share/code/resources/app/out/vs/workbench/workbench.desktop.main.js:1753:84530)
    at R.getAllCustomEditors (file:///usr/share/code/resources/app/out/vs/workbench/workbench.desktop.main.js:1753:84704)
    at R.updateContexts (file:///usr/share/code/resources/app/out/vs/workbench/workbench.desktop.main.js:1753:88081)
    at file:///usr/share/code/resources/app/out/vs/workbench/workbench.desktop.main.js:1753:83581
    at u.fire (file:///usr/share/code/resources/app/out/vs/workbench/workbench.desktop.main.js:55:1836)
    at L.doHandleActiveEditorChangeEvent (file:///usr/share/code/resources/app/out/vs/workbench/workbench.desktop.main.js:2099:72631)
    at L.onEditorsRestored (file:///usr/share/code/resources/app/out/vs/workbench/workbench.desktop.main.js:2099:72238)
    at file:///usr/share/code/resources/app/out/vs/workbench/workbench.desktop.main.js:2099:71441
[2021-07-19 21:44:51.957] [renderer1] [error] Unexpected error getting editor overrides: TypeError: F.filter is not a function
[2021-07-19 21:44:51.957] [renderer1] [error] Unexpected error getting editor overrides: TypeError: ue.filter is not a function
[2021-07-19 21:44:51.957] [renderer1] [error] Unexpected error getting editor overrides: TypeError: F.filter is not a function
[2021-07-19 21:44:51.957] [renderer1] [error] Unexpected error getting editor overrides: TypeError: ue.filter is not a function
[2021-07-19 21:44:51.957] [renderer1] [error] Unexpected error getting editor overrides: TypeError: F.filter is not a function
[2021-07-19 21:44:51.957] [renderer1] [error] Unexpected error getting editor overrides: TypeError: ue.filter is not a function
[2021-07-19 21:44:51.957] [renderer1] [error] Unexpected error getting editor overrides: TypeError: F.filter is not a function
[2021-07-19 21:44:51.957] [renderer1] [error] Unexpected error getting editor overrides: TypeError: ue.filter is not a function
[2021-07-19 21:44:52.062] [renderer1] [error] Unexpected error getting editor overrides: TypeError: F.filter is not a function
[2021-07-19 21:44:52.062] [renderer1] [error] Unexpected error getting editor overrides: TypeError: ue.filter is not a function
[2021-07-19 21:44:53.332] [renderer1] [error] Error: [File Watcher (chokidar)] Inotify limit reached (ENOSPC)
[2021-07-19 21:44:53.333] [renderer1] [error] [File Watcher (chokidar)] Inotify limit reached (ENOSPC)
[2021-07-19 21:44:53.596] [renderer1] [error] F.filter is not a function: TypeError: F.filter is not a function
    at R.getUserConfiguredCustomEditors (file:///usr/share/code/resources/app/out/vs/workbench/workbench.desktop.main.js:1753:84530)
    at R.getAllCustomEditors (file:///usr/share/code/resources/app/out/vs/workbench/workbench.desktop.main.js:1753:84704)
    at R.updateContexts (file:///usr/share/code/resources/app/out/vs/workbench/workbench.desktop.main.js:1753:88081)
    at file:///usr/share/code/resources/app/out/vs/workbench/workbench.desktop.main.js:1753:83366
    at u.fire (file:///usr/share/code/resources/app/out/vs/workbench/workbench.desktop.main.js:55:1836)
    at C.update (file:///usr/share/code/resources/app/out/vs/workbench/workbench.desktop.main.js:1604:17312)
    at u._handler (file:///usr/share/code/resources/app/out/vs/workbench/workbench.desktop.main.js:1604:16851)
    at u._handle (file:///usr/share/code/resources/app/out/vs/workbench/workbench.desktop.main.js:1534:5401)
    at u.acceptUsers (file:///usr/share/code/resources/app/out/vs/workbench/workbench.desktop.main.js:1534:5305)
    at Function._handleExtensionPoint (file:///usr/share/code/resources/app/out/vs/workbench/workbench.desktop.main.js:1734:20392)
    at L._doHandleExtensionPoints (file:///usr/share/code/resources/app/out/vs/workbench/workbench.desktop.main.js:1734:19511)
    at L._startLocalExtensionHost (file:///usr/share/code/resources/app/out/vs/workbench/workbench.desktop.main.js:2659:8340)
    at L._scanAndHandleExtensions (file:///usr/share/code/resources/app/out/vs/workbench/workbench.desktop.main.js:2659:7502)
    at async L._initialize (file:///usr/share/code/resources/app/out/vs/workbench/workbench.desktop.main.js:1734:15238)
[2021-07-19 21:50:56.008] [renderer1] [error] F.filter is not a function: TypeError: F.filter is not a function
    at R.getUserConfiguredCustomEditors (file:///usr/share/code/resources/app/out/vs/workbench/workbench.desktop.main.js:1753:84530)
    at R.getAllCustomEditors (file:///usr/share/code/resources/app/out/vs/workbench/workbench.desktop.main.js:1753:84704)
    at R.updateContexts (file:///usr/share/code/resources/app/out/vs/workbench/workbench.desktop.main.js:1753:88081)
    at file:///usr/share/code/resources/app/out/vs/workbench/workbench.desktop.main.js:1753:83581
    at u.fire (file:///usr/share/code/resources/app/out/vs/workbench/workbench.desktop.main.js:55:1836)
    at L.doHandleActiveEditorChangeEvent (file:///usr/share/code/resources/app/out/vs/workbench/workbench.desktop.main.js:2099:72631)
    at L.handleActiveEditorChange (file:///usr/share/code/resources/app/out/vs/workbench/workbench.desktop.main.js:2099:72428)
    at file:///usr/share/code/resources/app/out/vs/workbench/workbench.desktop.main.js:2099:71517
    at u.fire (file:///usr/share/code/resources/app/out/vs/workbench/workbench.desktop.main.js:55:1836)
    at si.doSetGroupActive (file:///usr/share/code/resources/app/out/vs/workbench/workbench.desktop.main.js:2284:8343)
    at Object.fromJSON (file:///usr/share/code/resources/app/out/vs/workbench/workbench.desktop.main.js:2284:14400)
    at n._deserializeNode (file:///usr/share/code/resources/app/out/vs/workbench/workbench.desktop.main.js:138:58262)
    at file:///usr/share/code/resources/app/out/vs/workbench/workbench.desktop.main.js:138:58105
    at Array.map (<anonymous>)
    at n._deserializeNode (file:///usr/share/code/resources/app/out/vs/workbench/workbench.desktop.main.js:138:58086)
    at n._deserialize (file:///usr/share/code/resources/app/out/vs/workbench/workbench.desktop.main.js:138:57991)
    at Function.deserialize (file:///usr/share/code/resources/app/out/vs/workbench/workbench.desktop.main.js:138:57925)
    at Function.deserialize (file:///usr/share/code/resources/app/out/vs/workbench/workbench.desktop.main.js:138:67633)
    at si.doCreateGridControlWithState (file:///usr/share/code/resources/app/out/vs/workbench/workbench.desktop.main.js:2284:14283)
    at si.doCreateGridControlWithPreviousState (file:///usr/share/code/resources/app/out/vs/workbench/workbench.desktop.main.js:2284:13869)
    at si.doCreateGridControl (file:///usr/share/code/resources/app/out/vs/workbench/workbench.desktop.main.js:2284:13330)
    at si.createContentArea (file:///usr/share/code/resources/app/out/vs/workbench/workbench.desktop.main.js:2284:11677)
    at si.create (file:///usr/share/code/resources/app/out/vs/workbench/workbench.desktop.main.js:740:8175)
    at file:///usr/share/code/resources/app/out/vs/workbench/workbench.desktop.main.js:2323:92020
    at Array.forEach (<anonymous>)
    at O.renderWorkbench (file:///usr/share/code/resources/app/out/vs/workbench/workbench.desktop.main.js:2323:91927)
    at file:///usr/share/code/resources/app/out/vs/workbench/workbench.desktop.main.js:2323:88916
    at C.invokeFunction (file:///usr/share/code/resources/app/out/vs/workbench/workbench.desktop.main.js:614:20943)
    at O.startup (file:///usr/share/code/resources/app/out/vs/workbench/workbench.desktop.main.js:2323:88547)
    at J.open (file:///usr/share/code/resources/app/out/vs/workbench/workbench.desktop.main.js:2658:6772)
    at async file:///usr/share/code/resources/app/out/bootstrap-window.js:1:2555
[2021-07-19 21:50:56.008] [renderer1] [error] Unexpected error getting editor overrides: TypeError: F.filter is not a function
[2021-07-19 21:50:56.008] [renderer1] [error] Unexpected error getting editor overrides: TypeError: ue.filter is not a function
[2021-07-19 21:50:56.008] [renderer1] [error] F.filter is not a function: TypeError: F.filter is not a function
    at R.getUserConfiguredCustomEditors (file:///usr/share/code/resources/app/out/vs/workbench/workbench.desktop.main.js:1753:84530)
    at R.getAllCustomEditors (file:///usr/share/code/resources/app/out/vs/workbench/workbench.desktop.main.js:1753:84704)
    at R.updateContexts (file:///usr/share/code/resources/app/out/vs/workbench/workbench.desktop.main.js:1753:88081)
    at file:///usr/share/code/resources/app/out/vs/workbench/workbench.desktop.main.js:1753:83581
    at u.fire (file:///usr/share/code/resources/app/out/vs/workbench/workbench.desktop.main.js:55:1836)
    at L.doHandleActiveEditorChangeEvent (file:///usr/share/code/resources/app/out/vs/workbench/workbench.desktop.main.js:2099:72631)
    at L.onEditorsRestored (file:///usr/share/code/resources/app/out/vs/workbench/workbench.desktop.main.js:2099:72238)
    at file:///usr/share/code/resources/app/out/vs/workbench/workbench.desktop.main.js:2099:71441
[2021-07-19 21:50:56.008] [renderer1] [error] Unexpected error getting editor overrides: TypeError: F.filter is not a function
[2021-07-19 21:50:56.008] [renderer1] [error] Unexpected error getting editor overrides: TypeError: ue.filter is not a function
[2021-07-19 21:50:56.008] [renderer1] [error] Unexpected error getting editor overrides: TypeError: F.filter is not a function
[2021-07-19 21:50:56.008] [renderer1] [error] Unexpected error getting editor overrides: TypeError: ue.filter is not a function
[2021-07-19 21:50:56.008] [renderer1] [error] Unexpected error getting editor overrides: TypeError: F.filter is not a function
[2021-07-19 21:50:56.008] [renderer1] [error] Unexpected error getting editor overrides: TypeError: ue.filter is not a function
[2021-07-19 21:50:56.145] [renderer1] [error] F.filter is not a function: TypeError: F.filter is not a function
    at R.getUserConfiguredCustomEditors (file:///usr/share/code/resources/app/out/vs/workbench/workbench.desktop.main.js:1753:84530)
    at R.getAllCustomEditors (file:///usr/share/code/resources/app/out/vs/workbench/workbench.desktop.main.js:1753:84704)
    at R.updateContexts (file:///usr/share/code/resources/app/out/vs/workbench/workbench.desktop.main.js:1753:88081)
    at file:///usr/share/code/resources/app/out/vs/workbench/workbench.desktop.main.js:1753:83366
    at u.fire (file:///usr/share/code/resources/app/out/vs/workbench/workbench.desktop.main.js:55:1836)
    at C.update (file:///usr/share/code/resources/app/out/vs/workbench/workbench.desktop.main.js:1604:17312)
    at u._handler (file:///usr/share/code/resources/app/out/vs/workbench/workbench.desktop.main.js:1604:16851)
    at u._handle (file:///usr/share/code/resources/app/out/vs/workbench/workbench.desktop.main.js:1534:5401)
    at u.acceptUsers (file:///usr/share/code/resources/app/out/vs/workbench/workbench.desktop.main.js:1534:5305)
    at Function._handleExtensionPoint (file:///usr/share/code/resources/app/out/vs/workbench/workbench.desktop.main.js:1734:20392)
    at L._doHandleExtensionPoints (file:///usr/share/code/resources/app/out/vs/workbench/workbench.desktop.main.js:1734:19511)
    at L._startLocalExtensionHost (file:///usr/share/code/resources/app/out/vs/workbench/workbench.desktop.main.js:2659:8340)
    at L._scanAndHandleExtensions (file:///usr/share/code/resources/app/out/vs/workbench/workbench.desktop.main.js:2659:7502)
    at async L._initialize (file:///usr/share/code/resources/app/out/vs/workbench/workbench.desktop.main.js:1734:15238)
[2021-07-19 21:50:58.508] [renderer1] [error] Error: [File Watcher (chokidar)] Inotify limit reached (ENOSPC)
[2021-07-19 21:50:58.509] [renderer1] [error] [File Watcher (chokidar)] Inotify limit reached (ENOSPC)
[2021-07-19 21:51:05.267] [renderer1] [error] F.filter is not a function: TypeError: F.filter is not a function
    at R.getUserConfiguredCustomEditors (file:///usr/share/code/resources/app/out/vs/workbench/workbench.desktop.main.js:1753:84530)
    at M.onResourceEditorOpening (file:///usr/share/code/resources/app/out/vs/workbench/workbench.desktop.main.js:1753:91291)
    at M.onEditorOpening (file:///usr/share/code/resources/app/out/vs/workbench/workbench.desktop.main.js:1753:91192)
    at Object.open (file:///usr/share/code/resources/app/out/vs/workbench/workbench.desktop.main.js:1753:90188)
    at L.onGroupWillOpenEditor (file:///usr/share/code/resources/app/out/vs/workbench/workbench.desktop.main.js:2099:78082)
    at file:///usr/share/code/resources/app/out/vs/workbench/workbench.desktop.main.js:2099:72909
    at u.fire (file:///usr/share/code/resources/app/out/vs/workbench/workbench.desktop.main.js:55:1836)
    at Ti.openEditor (file:///usr/share/code/resources/app/out/vs/workbench/workbench.desktop.main.js:2265:14207)
    at L.openEditor (file:///usr/share/code/resources/app/out/vs/workbench/workbench.desktop.main.js:2099:78368)
    at Jn.open (file:///usr/share/code/resources/app/out/vs/workbench/workbench.desktop.main.js:1571:10143)
    at Wt.openExtension (file:///usr/share/code/resources/app/out/vs/workbench/workbench.desktop.main.js:2516:37602)
    at file:///usr/share/code/resources/app/out/vs/workbench/workbench.desktop.main.js:2516:19473
    at u.fire (file:///usr/share/code/resources/app/out/vs/workbench/workbench.desktop.main.js:55:1836)
    at file:///usr/share/code/resources/app/out/vs/workbench/workbench.desktop.main.js:53:59288
    at u.fire (file:///usr/share/code/resources/app/out/vs/workbench/workbench.desktop.main.js:55:1836)
    at file:///usr/share/code/resources/app/out/vs/workbench/workbench.desktop.main.js:53:58784
    at u.fire (file:///usr/share/code/resources/app/out/vs/workbench/workbench.desktop.main.js:55:1836)
    at W._open (file:///usr/share/code/resources/app/out/vs/workbench/workbench.desktop.main.js:665:61695)
    at W.onPointer (file:///usr/share/code/resources/app/out/vs/workbench/workbench.desktop.main.js:665:61522)
    at file:///usr/share/code/resources/app/out/vs/workbench/workbench.desktop.main.js:665:60088
    at u.fire (file:///usr/share/code/resources/app/out/vs/workbench/workbench.desktop.main.js:55:1836)
    at file:///usr/share/code/resources/app/out/vs/workbench/workbench.desktop.main.js:53:58618
    at u.fire (file:///usr/share/code/resources/app/out/vs/workbench/workbench.desktop.main.js:55:1836)
    at x.onViewPointer (file:///usr/share/code/resources/app/out/vs/workbench/workbench.desktop.main.js:124:39778)
    at file:///usr/share/code/resources/app/out/vs/workbench/workbench.desktop.main.js:53:58925
    at u.fire (file:///usr/share/code/resources/app/out/vs/workbench/workbench.desktop.main.js:55:1836)
    at file:///usr/share/code/resources/app/out/vs/workbench/workbench.desktop.main.js:53:58618
    at u.fire (file:///usr/share/code/resources/app/out/vs/workbench/workbench.desktop.main.js:55:1836)
    at HTMLDivElement.y (file:///usr/share/code/resources/app/out/vs/workbench/workbench.desktop.main.js:55:9035)
[2021-07-19 21:51:05.401] [renderer1] [error] F.filter is not a function: TypeError: F.filter is not a function
    at R.getUserConfiguredCustomEditors (file:///usr/share/code/resources/app/out/vs/workbench/workbench.desktop.main.js:1753:84530)
    at R.getAllCustomEditors (file:///usr/share/code/resources/app/out/vs/workbench/workbench.desktop.main.js:1753:84704)
    at R.updateContexts (file:///usr/share/code/resources/app/out/vs/workbench/workbench.desktop.main.js:1753:88081)
    at file:///usr/share/code/resources/app/out/vs/workbench/workbench.desktop.main.js:1753:83581
    at u.fire (file:///usr/share/code/resources/app/out/vs/workbench/workbench.desktop.main.js:55:1836)
    at L.doHandleActiveEditorChangeEvent (file:///usr/share/code/resources/app/out/vs/workbench/workbench.desktop.main.js:2099:72631)
    at L.handleActiveEditorChange (file:///usr/share/code/resources/app/out/vs/workbench/workbench.desktop.main.js:2099:72428)
    at file:///usr/share/code/resources/app/out/vs/workbench/workbench.desktop.main.js:2099:72741
    at u.fire (file:///usr/share/code/resources/app/out/vs/workbench/workbench.desktop.main.js:55:1836)
    at file:///usr/share/code/resources/app/out/vs/workbench/workbench.desktop.main.js:2265:15818
    at async Ti.openEditor (file:///usr/share/code/resources/app/out/vs/workbench/workbench.desktop.main.js:2265:14306)
    at async L.openEditor (file:///usr/share/code/resources/app/out/vs/workbench/workbench.desktop.main.js:2099:78360)
[2021-07-19 21:51:05.402] [renderer1] [error] Unexpected error getting editor overrides: TypeError: F.filter is not a function
[2021-07-19 21:51:05.402] [renderer1] [error] Unexpected error getting editor overrides: TypeError: ue.filter is not a function
[2021-07-19 21:51:05.403] [renderer1] [error] Unexpected error getting editor overrides: TypeError: F.filter is not a function
[2021-07-19 21:51:05.403] [renderer1] [error] Unexpected error getting editor overrides: TypeError: ue.filter is not a function
[2021-07-19 21:51:08.978] [renderer1] [error] F.filter is not a function: TypeError: F.filter is not a function
    at R.getUserConfiguredCustomEditors (file:///usr/share/code/resources/app/out/vs/workbench/workbench.desktop.main.js:1753:84530)
    at M.onResourceEditorOpening (file:///usr/share/code/resources/app/out/vs/workbench/workbench.desktop.main.js:1753:91291)
    at M.onEditorOpening (file:///usr/share/code/resources/app/out/vs/workbench/workbench.desktop.main.js:1753:91192)
    at Object.open (file:///usr/share/code/resources/app/out/vs/workbench/workbench.desktop.main.js:1753:90188)
    at L.onGroupWillOpenEditor (file:///usr/share/code/resources/app/out/vs/workbench/workbench.desktop.main.js:2099:78082)
    at file:///usr/share/code/resources/app/out/vs/workbench/workbench.desktop.main.js:2099:72909
    at u.fire (file:///usr/share/code/resources/app/out/vs/workbench/workbench.desktop.main.js:55:1836)
    at Ti.openEditor (file:///usr/share/code/resources/app/out/vs/workbench/workbench.desktop.main.js:2265:14207)
    at L.openEditor (file:///usr/share/code/resources/app/out/vs/workbench/workbench.desktop.main.js:2099:78368)
    at Jn.open (file:///usr/share/code/resources/app/out/vs/workbench/workbench.desktop.main.js:1571:10143)
    at Wt.openExtension (file:///usr/share/code/resources/app/out/vs/workbench/workbench.desktop.main.js:2516:37602)
    at file:///usr/share/code/resources/app/out/vs/workbench/workbench.desktop.main.js:2516:19473
    at u.fire (file:///usr/share/code/resources/app/out/vs/workbench/workbench.desktop.main.js:55:1836)
    at file:///usr/share/code/resources/app/out/vs/workbench/workbench.desktop.main.js:53:59288
    at u.fire (file:///usr/share/code/resources/app/out/vs/workbench/workbench.desktop.main.js:55:1836)
    at file:///usr/share/code/resources/app/out/vs/workbench/workbench.desktop.main.js:53:58784
    at u.fire (file:///usr/share/code/resources/app/out/vs/workbench/workbench.desktop.main.js:55:1836)
    at W._open (file:///usr/share/code/resources/app/out/vs/workbench/workbench.desktop.main.js:665:61695)
    at W.onPointer (file:///usr/share/code/resources/app/out/vs/workbench/workbench.desktop.main.js:665:61522)
    at file:///usr/share/code/resources/app/out/vs/workbench/workbench.desktop.main.js:665:60088
    at u.fire (file:///usr/share/code/resources/app/out/vs/workbench/workbench.desktop.main.js:55:1836)
    at file:///usr/share/code/resources/app/out/vs/workbench/workbench.desktop.main.js:53:58618
    at u.fire (file:///usr/share/code/resources/app/out/vs/workbench/workbench.desktop.main.js:55:1836)
    at x.onViewPointer (file:///usr/share/code/resources/app/out/vs/workbench/workbench.desktop.main.js:124:39778)
    at file:///usr/share/code/resources/app/out/vs/workbench/workbench.desktop.main.js:53:58925
    at u.fire (file:///usr/share/code/resources/app/out/vs/workbench/workbench.desktop.main.js:55:1836)
    at file:///usr/share/code/resources/app/out/vs/workbench/workbench.desktop.main.js:53:58618
    at u.fire (file:///usr/share/code/resources/app/out/vs/workbench/workbench.desktop.main.js:55:1836)
    at HTMLDivElement.y (file:///usr/share/code/resources/app/out/vs/workbench/workbench.desktop.main.js:55:9035)
[2021-07-19 21:51:09.198] [renderer1] [error] F.filter is not a function: TypeError: F.filter is not a function
    at R.getUserConfiguredCustomEditors (file:///usr/share/code/resources/app/out/vs/workbench/workbench.desktop.main.js:1753:84530)
    at R.getAllCustomEditors (file:///usr/share/code/resources/app/out/vs/workbench/workbench.desktop.main.js:1753:84704)
    at R.updateContexts (file:///usr/share/code/resources/app/out/vs/workbench/workbench.desktop.main.js:1753:88081)
    at file:///usr/share/code/resources/app/out/vs/workbench/workbench.desktop.main.js:1753:83581
    at u.fire (file:///usr/share/code/resources/app/out/vs/workbench/workbench.desktop.main.js:55:1836)
    at L.doHandleActiveEditorChangeEvent (file:///usr/share/code/resources/app/out/vs/workbench/workbench.desktop.main.js:2099:72631)
    at L.handleActiveEditorChange (file:///usr/share/code/resources/app/out/vs/workbench/workbench.desktop.main.js:2099:72428)
    at file:///usr/share/code/resources/app/out/vs/workbench/workbench.desktop.main.js:2099:72741
    at u.fire (file:///usr/share/code/resources/app/out/vs/workbench/workbench.desktop.main.js:55:1836)
    at file:///usr/share/code/resources/app/out/vs/workbench/workbench.desktop.main.js:2265:15818
    at async Ti.openEditor (file:///usr/share/code/resources/app/out/vs/workbench/workbench.desktop.main.js:2265:14306)
    at async L.openEditor (file:///usr/share/code/resources/app/out/vs/workbench/workbench.desktop.main.js:2099:78360)
[2021-07-19 21:51:09.200] [renderer1] [error] Unexpected error getting editor overrides: TypeError: F.filter is not a function
[2021-07-19 21:51:09.201] [renderer1] [error] Unexpected error getting editor overrides: TypeError: ue.filter is not a function
[2021-07-19 21:51:09.203] [renderer1] [error] Unexpected error getting editor overrides: TypeError: F.filter is not a function
[2021-07-19 21:51:09.203] [renderer1] [error] Unexpected error getting editor overrides: TypeError: ue.filter is not a function
[2021-07-19 21:51:10.911] [renderer1] [error] F.filter is not a function: TypeError: F.filter is not a function
    at R.getUserConfiguredCustomEditors (file:///usr/share/code/resources/app/out/vs/workbench/workbench.desktop.main.js:1753:84530)
    at M.onResourceEditorOpening (file:///usr/share/code/resources/app/out/vs/workbench/workbench.desktop.main.js:1753:91291)
    at M.onEditorOpening (file:///usr/share/code/resources/app/out/vs/workbench/workbench.desktop.main.js:1753:91192)
    at Object.open (file:///usr/share/code/resources/app/out/vs/workbench/workbench.desktop.main.js:1753:90188)
    at L.onGroupWillOpenEditor (file:///usr/share/code/resources/app/out/vs/workbench/workbench.desktop.main.js:2099:78082)
    at file:///usr/share/code/resources/app/out/vs/workbench/workbench.desktop.main.js:2099:72909
    at u.fire (file:///usr/share/code/resources/app/out/vs/workbench/workbench.desktop.main.js:55:1836)
    at Ti.openEditor (file:///usr/share/code/resources/app/out/vs/workbench/workbench.desktop.main.js:2265:14207)
    at L.openEditor (file:///usr/share/code/resources/app/out/vs/workbench/workbench.desktop.main.js:2099:78368)
    at Jn.open (file:///usr/share/code/resources/app/out/vs/workbench/workbench.desktop.main.js:1571:10143)
    at Wt.openExtension (file:///usr/share/code/resources/app/out/vs/workbench/workbench.desktop.main.js:2516:37602)
    at file:///usr/share/code/resources/app/out/vs/workbench/workbench.desktop.main.js:2516:19473
    at u.fire (file:///usr/share/code/resources/app/out/vs/workbench/workbench.desktop.main.js:55:1836)
    at file:///usr/share/code/resources/app/out/vs/workbench/workbench.desktop.main.js:53:59288
    at u.fire (file:///usr/share/code/resources/app/out/vs/workbench/workbench.desktop.main.js:55:1836)
    at file:///usr/share/code/resources/app/out/vs/workbench/workbench.desktop.main.js:53:58784
    at u.fire (file:///usr/share/code/resources/app/out/vs/workbench/workbench.desktop.main.js:55:1836)
    at W._open (file:///usr/share/code/resources/app/out/vs/workbench/workbench.desktop.main.js:665:61695)
    at W.onPointer (file:///usr/share/code/resources/app/out/vs/workbench/workbench.desktop.main.js:665:61522)
    at file:///usr/share/code/resources/app/out/vs/workbench/workbench.desktop.main.js:665:60088
    at u.fire (file:///usr/share/code/resources/app/out/vs/workbench/workbench.desktop.main.js:55:1836)
    at file:///usr/share/code/resources/app/out/vs/workbench/workbench.desktop.main.js:53:58618
    at u.fire (file:///usr/share/code/resources/app/out/vs/workbench/workbench.desktop.main.js:55:1836)
    at x.onViewPointer (file:///usr/share/code/resources/app/out/vs/workbench/workbench.desktop.main.js:124:39778)
    at file:///usr/share/code/resources/app/out/vs/workbench/workbench.desktop.main.js:53:58925
    at u.fire (file:///usr/share/code/resources/app/out/vs/workbench/workbench.desktop.main.js:55:1836)
    at file:///usr/share/code/resources/app/out/vs/workbench/workbench.desktop.main.js:53:58618
    at u.fire (file:///usr/share/code/resources/app/out/vs/workbench/workbench.desktop.main.js:55:1836)
    at HTMLDivElement.y (file:///usr/share/code/resources/app/out/vs/workbench/workbench.desktop.main.js:55:9035)
[2021-07-19 21:51:10.956] [renderer1] [error] F.filter is not a function: TypeError: F.filter is not a function
    at R.getUserConfiguredCustomEditors (file:///usr/share/code/resources/app/out/vs/workbench/workbench.desktop.main.js:1753:84530)
    at R.getAllCustomEditors (file:///usr/share/code/resources/app/out/vs/workbench/workbench.desktop.main.js:1753:84704)
    at R.updateContexts (file:///usr/share/code/resources/app/out/vs/workbench/workbench.desktop.main.js:1753:88081)
    at file:///usr/share/code/resources/app/out/vs/workbench/workbench.desktop.main.js:1753:83581
    at u.fire (file:///usr/share/code/resources/app/out/vs/workbench/workbench.desktop.main.js:55:1836)
    at L.doHandleActiveEditorChangeEvent (file:///usr/share/code/resources/app/out/vs/workbench/workbench.desktop.main.js:2099:72631)
    at L.handleActiveEditorChange (file:///usr/share/code/resources/app/out/vs/workbench/workbench.desktop.main.js:2099:72428)
    at file:///usr/share/code/resources/app/out/vs/workbench/workbench.desktop.main.js:2099:72741
    at u.fire (file:///usr/share/code/resources/app/out/vs/workbench/workbench.desktop.main.js:55:1836)
    at file:///usr/share/code/resources/app/out/vs/workbench/workbench.desktop.main.js:2265:15818
    at async Ti.openEditor (file:///usr/share/code/resources/app/out/vs/workbench/workbench.desktop.main.js:2265:14306)
    at async L.openEditor (file:///usr/share/code/resources/app/out/vs/workbench/workbench.desktop.main.js:2099:78360)
[2021-07-19 21:51:10.957] [renderer1] [error] Unexpected error getting editor overrides: TypeError: F.filter is not a function
[2021-07-19 21:51:10.957] [renderer1] [error] Unexpected error getting editor overrides: TypeError: ue.filter is not a function
[2021-07-19 21:51:10.957] [renderer1] [error] Unexpected error getting editor overrides: TypeError: F.filter is not a function
[2021-07-19 21:51:10.958] [renderer1] [error] Unexpected error getting editor overrides: TypeError: ue.filter is not a function
[2021-07-19 21:51:13.384] [renderer1] [error] F.filter is not a function: TypeError: F.filter is not a function
    at R.getUserConfiguredCustomEditors (file:///usr/share/code/resources/app/out/vs/workbench/workbench.desktop.main.js:1753:84530)
    at M.onResourceEditorOpening (file:///usr/share/code/resources/app/out/vs/workbench/workbench.desktop.main.js:1753:91291)
    at M.onEditorOpening (file:///usr/share/code/resources/app/out/vs/workbench/workbench.desktop.main.js:1753:91192)
    at Object.open (file:///usr/share/code/resources/app/out/vs/workbench/workbench.desktop.main.js:1753:90188)
    at L.onGroupWillOpenEditor (file:///usr/share/code/resources/app/out/vs/workbench/workbench.desktop.main.js:2099:78082)
    at file:///usr/share/code/resources/app/out/vs/workbench/workbench.desktop.main.js:2099:72909
    at u.fire (file:///usr/share/code/resources/app/out/vs/workbench/workbench.desktop.main.js:55:1836)
    at Ti.openEditor (file:///usr/share/code/resources/app/out/vs/workbench/workbench.desktop.main.js:2265:14207)
    at L.openEditor (file:///usr/share/code/resources/app/out/vs/workbench/workbench.desktop.main.js:2099:78368)
    at Jn.open (file:///usr/share/code/resources/app/out/vs/workbench/workbench.desktop.main.js:1571:10143)
    at pa.run (file:///usr/share/code/resources/app/out/vs/workbench/workbench.desktop.main.js:2324:2913)
    at ue.run (file:///usr/share/code/resources/app/out/vs/workbench/workbench.desktop.main.js:2324:2220)
    at D.runAction (file:///usr/share/code/resources/app/out/vs/workbench/workbench.desktop.main.js:163:30599)
    at D.run (file:///usr/share/code/resources/app/out/vs/workbench/workbench.desktop.main.js:163:30457)
    at Ee.onClick (file:///usr/share/code/resources/app/out/vs/workbench/workbench.desktop.main.js:163:33959)
    at Immediate._onImmediate (file:///usr/share/code/resources/app/out/vs/workbench/workbench.desktop.main.js:163:33499)
    at processImmediate (internal/timers.js:456:21)
[2021-07-19 21:51:14.803] [renderer1] [error] ENOENT: no such file or directory, open '/home/chohome/.config/Code/User/globalStorage/vscodevim.vim/.registers': Error: ENOENT: no such file or directory, open '/home/chohome/.config/Code/User/globalStorage/vscodevim.vim/.registers'
