[2021-07-19 17:57:43.263] [exthost] [info] extension host started
[2021-07-19 17:57:43.263] [exthost] [info] Skipping acquiring lock for /home/itolab-chotaro/.config/Code/User/workspaceStorage/0d8c9cb671610e77b7a72293e29f90d9.
[2021-07-19 17:57:43.324] [exthost] [info] ExtensionService#_doActivateExtension vscode.microsoft-authentication {"startup":false,"extensionId":{"value":"vscode.microsoft-authentication","_lower":"vscode.microsoft-authentication"},"activationEvent":"onAuthenticationRequest:microsoft"}
[2021-07-19 17:57:43.324] [exthost] [info] ExtensionService#loadCommonJSModule file:///usr/share/code/resources/app/extensions/microsoft-authentication/dist/extension.js
[2021-07-19 17:57:43.330] [exthost] [info] ExtensionService#_doActivateExtension ms-python.python {"startup":false,"extensionId":{"value":"ms-python.vscode-pylance","_lower":"ms-python.vscode-pylance"},"activationEvent":"onLanguage:python"}
[2021-07-19 17:57:43.330] [exthost] [info] ExtensionService#loadCommonJSModule file:///home/itolab-chotaro/.vscode/extensions/ms-python.python-2021.6.944021595/out/client/extension
[2021-07-19 17:57:43.480] [exthost] [info] ExtensionService#_doActivateExtension ms-toolsai.jupyter {"startup":false,"extensionId":{"value":"ms-toolsai.jupyter","_lower":"ms-toolsai.jupyter"},"activationEvent":"onLanguage:python"}
[2021-07-19 17:57:43.480] [exthost] [info] ExtensionService#loadCommonJSModule file:///home/itolab-chotaro/.vscode/extensions/ms-toolsai.jupyter-2021.8.1013163132/out/client/extension
[2021-07-19 17:57:43.680] [exthost] [info] ExtensionService#_doActivateExtension vscode.debug-auto-launch {"startup":true,"extensionId":{"value":"vscode.debug-auto-launch","_lower":"vscode.debug-auto-launch"},"activationEvent":"*"}
[2021-07-19 17:57:43.680] [exthost] [info] ExtensionService#loadCommonJSModule file:///usr/share/code/resources/app/extensions/debug-auto-launch/dist/extension
[2021-07-19 17:57:43.681] [exthost] [info] ExtensionService#_doActivateExtension vscode.git {"startup":true,"extensionId":{"value":"vscode.github","_lower":"vscode.github"},"activationEvent":"*"}
[2021-07-19 17:57:43.681] [exthost] [info] ExtensionService#loadCommonJSModule file:///usr/share/code/resources/app/extensions/git/dist/main
[2021-07-19 17:57:43.692] [exthost] [info] ExtensionService#_doActivateExtension asvetliakov.vscode-neovim {"startup":true,"extensionId":{"value":"asvetliakov.vscode-neovim","_lower":"asvetliakov.vscode-neovim"},"activationEvent":"*"}
[2021-07-19 17:57:43.692] [exthost] [info] ExtensionService#loadCommonJSModule file:///home/itolab-chotaro/.vscode/extensions/asvetliakov.vscode-neovim-0.0.82/dist/extension.js
[2021-07-19 17:57:43.944] [exthost] [info] ExtensionService#_doActivateExtension ms-vscode.js-debug {"startup":false,"extensionId":{"value":"ms-vscode.js-debug","_lower":"ms-vscode.js-debug"},"activationEvent":"onCommand:extension.js-debug.clearAutoAttachVariables"}
[2021-07-19 17:57:43.944] [exthost] [info] ExtensionService#loadCommonJSModule file:///usr/share/code/resources/app/extensions/ms-vscode.js-debug/src/extension.js
[2021-07-19 17:57:44.018] [exthost] [info] ExtensionService#_doActivateExtension vscode.github {"startup":false,"extensionId":{"value":"vscode.github","_lower":"vscode.github"},"activationEvent":"*"}
[2021-07-19 17:57:44.019] [exthost] [info] ExtensionService#loadCommonJSModule file:///usr/share/code/resources/app/extensions/github/dist/extension.js
[2021-07-19 17:57:44.079] [exthost] [info] ExtensionService#_doActivateExtension vscode.github-authentication {"startup":false,"extensionId":{"value":"vscode.github-authentication","_lower":"vscode.github-authentication"},"activationEvent":"onAuthenticationRequest:github"}
[2021-07-19 17:57:44.079] [exthost] [info] ExtensionService#loadCommonJSModule file:///usr/share/code/resources/app/extensions/github-authentication/dist/extension.js
[2021-07-19 17:57:44.266] [exthost] [info] eager extensions activated
[2021-07-19 17:57:44.281] [exthost] [info] ExtensionService#_doActivateExtension ms-python.vscode-pylance {"startup":false,"extensionId":{"value":"ms-python.vscode-pylance","_lower":"ms-python.vscode-pylance"},"activationEvent":"onLanguage:python"}
[2021-07-19 17:57:44.281] [exthost] [info] ExtensionService#loadCommonJSModule file:///home/itolab-chotaro/.vscode/extensions/ms-python.vscode-pylance-2021.7.4/dist/extension.bundle.js
[2021-07-19 17:57:44.337] [exthost] [info] ExtensionService#_doActivateExtension vscode.emmet {"startup":false,"extensionId":{"value":"vscode.emmet","_lower":"vscode.emmet"},"activationEvent":"onStartupFinished"}
[2021-07-19 17:57:44.337] [exthost] [info] ExtensionService#loadCommonJSModule file:///usr/share/code/resources/app/extensions/emmet/dist/node/emmetNodeMain
[2021-07-19 17:57:44.340] [exthost] [info] ExtensionService#_doActivateExtension vscode.merge-conflict {"startup":false,"extensionId":{"value":"vscode.merge-conflict","_lower":"vscode.merge-conflict"},"activationEvent":"onStartupFinished"}
[2021-07-19 17:57:44.340] [exthost] [info] ExtensionService#loadCommonJSModule file:///usr/share/code/resources/app/extensions/merge-conflict/dist/mergeConflictMain
[2021-07-19 17:57:44.341] [exthost] [info] ExtensionService#_doActivateExtension vscode.testing-editor-contributions {"startup":false,"extensionId":{"value":"vscode.testing-editor-contributions","_lower":"vscode.testing-editor-contributions"},"activationEvent":"onStartupFinished"}
[2021-07-19 17:57:44.341] [exthost] [info] ExtensionService#loadCommonJSModule file:///usr/share/code/resources/app/extensions/testing-editor-contributions/dist/extension.js
[2021-07-19 17:57:54.801] [exthost] [error] [ms-python.python] provider FAILED
[2021-07-19 17:57:54.801] [exthost] [error] Canceled: Canceled
	at E.makeCancelError (/home/itolab-chotaro/.vscode/extensions/ms-python.python-2021.6.944021595/out/client/extension.js:9:184136)
	at E.handleFailedRequest (/home/itolab-chotaro/.vscode/extensions/ms-python.python-2021.6.944021595/out/client/extension.js:9:183987)
	at /home/itolab-chotaro/.vscode/extensions/ms-python.python-2021.6.944021595/out/client/extension.js:9:147921
[2021-07-19 17:57:54.825] [exthost] [error] [ms-python.python] provider FAILED
[2021-07-19 17:57:54.825] [exthost] [error] Canceled: Canceled
	at E.makeCancelError (/home/itolab-chotaro/.vscode/extensions/ms-python.python-2021.6.944021595/out/client/extension.js:9:184136)
	at E.handleFailedRequest (/home/itolab-chotaro/.vscode/extensions/ms-python.python-2021.6.944021595/out/client/extension.js:9:183987)
	at /home/itolab-chotaro/.vscode/extensions/ms-python.python-2021.6.944021595/out/client/extension.js:9:147921
[2021-07-19 17:57:54.835] [exthost] [error] [ms-python.python] provider FAILED
[2021-07-19 17:57:54.835] [exthost] [error] Canceled: Canceled
	at E.makeCancelError (/home/itolab-chotaro/.vscode/extensions/ms-python.python-2021.6.944021595/out/client/extension.js:9:184136)
	at E.handleFailedRequest (/home/itolab-chotaro/.vscode/extensions/ms-python.python-2021.6.944021595/out/client/extension.js:9:183987)
	at /home/itolab-chotaro/.vscode/extensions/ms-python.python-2021.6.944021595/out/client/extension.js:9:147921
[2021-07-19 17:57:55.768] [exthost] [error] [ms-python.python] provider FAILED
[2021-07-19 17:57:55.768] [exthost] [error] Canceled: Canceled
	at E.makeCancelError (/home/itolab-chotaro/.vscode/extensions/ms-python.python-2021.6.944021595/out/client/extension.js:9:184136)
	at E.handleFailedRequest (/home/itolab-chotaro/.vscode/extensions/ms-python.python-2021.6.944021595/out/client/extension.js:9:183987)
	at /home/itolab-chotaro/.vscode/extensions/ms-python.python-2021.6.944021595/out/client/extension.js:9:147921
[2021-07-19 17:57:55.824] [exthost] [error] [ms-python.python] provider FAILED
[2021-07-19 17:57:55.824] [exthost] [error] Canceled: Canceled
	at E.makeCancelError (/home/itolab-chotaro/.vscode/extensions/ms-python.python-2021.6.944021595/out/client/extension.js:9:184136)
	at E.handleFailedRequest (/home/itolab-chotaro/.vscode/extensions/ms-python.python-2021.6.944021595/out/client/extension.js:9:183987)
	at /home/itolab-chotaro/.vscode/extensions/ms-python.python-2021.6.944021595/out/client/extension.js:9:147921
[2021-07-19 17:57:55.851] [exthost] [error] [ms-python.python] provider FAILED
[2021-07-19 17:57:55.851] [exthost] [error] Canceled: Canceled
	at E.makeCancelError (/home/itolab-chotaro/.vscode/extensions/ms-python.python-2021.6.944021595/out/client/extension.js:9:184136)
	at E.handleFailedRequest (/home/itolab-chotaro/.vscode/extensions/ms-python.python-2021.6.944021595/out/client/extension.js:9:183987)
	at /home/itolab-chotaro/.vscode/extensions/ms-python.python-2021.6.944021595/out/client/extension.js:9:147921
[2021-07-19 17:58:03.699] [exthost] [error] [ms-python.python] provider FAILED
[2021-07-19 17:58:03.699] [exthost] [error] Canceled: Canceled
	at E.makeCancelError (/home/itolab-chotaro/.vscode/extensions/ms-python.python-2021.6.944021595/out/client/extension.js:9:184136)
	at E.handleFailedRequest (/home/itolab-chotaro/.vscode/extensions/ms-python.python-2021.6.944021595/out/client/extension.js:9:183987)
	at /home/itolab-chotaro/.vscode/extensions/ms-python.python-2021.6.944021595/out/client/extension.js:9:147921
[2021-07-19 17:58:03.727] [exthost] [error] [ms-python.python] provider FAILED
[2021-07-19 17:58:03.727] [exthost] [error] Canceled: Canceled
	at E.makeCancelError (/home/itolab-chotaro/.vscode/extensions/ms-python.python-2021.6.944021595/out/client/extension.js:9:184136)
	at E.handleFailedRequest (/home/itolab-chotaro/.vscode/extensions/ms-python.python-2021.6.944021595/out/client/extension.js:9:183987)
	at /home/itolab-chotaro/.vscode/extensions/ms-python.python-2021.6.944021595/out/client/extension.js:9:147921
[2021-07-19 17:58:04.126] [exthost] [error] [ms-python.python] provider FAILED
[2021-07-19 17:58:04.126] [exthost] [error] Canceled: Canceled
	at E.makeCancelError (/home/itolab-chotaro/.vscode/extensions/ms-python.python-2021.6.944021595/out/client/extension.js:9:184136)
	at E.handleFailedRequest (/home/itolab-chotaro/.vscode/extensions/ms-python.python-2021.6.944021595/out/client/extension.js:9:183987)
	at /home/itolab-chotaro/.vscode/extensions/ms-python.python-2021.6.944021595/out/client/extension.js:9:147921
[2021-07-19 17:58:04.315] [exthost] [error] [ms-python.python] provider FAILED
[2021-07-19 17:58:04.315] [exthost] [error] Canceled: Canceled
	at E.makeCancelError (/home/itolab-chotaro/.vscode/extensions/ms-python.python-2021.6.944021595/out/client/extension.js:9:184136)
	at E.handleFailedRequest (/home/itolab-chotaro/.vscode/extensions/ms-python.python-2021.6.944021595/out/client/extension.js:9:183987)
	at /home/itolab-chotaro/.vscode/extensions/ms-python.python-2021.6.944021595/out/client/extension.js:9:147921
[2021-07-19 17:58:04.537] [exthost] [error] [ms-python.python] provider FAILED
[2021-07-19 17:58:04.537] [exthost] [error] Canceled: Canceled
	at E.makeCancelError (/home/itolab-chotaro/.vscode/extensions/ms-python.python-2021.6.944021595/out/client/extension.js:9:184136)
	at E.handleFailedRequest (/home/itolab-chotaro/.vscode/extensions/ms-python.python-2021.6.944021595/out/client/extension.js:9:183987)
	at /home/itolab-chotaro/.vscode/extensions/ms-python.python-2021.6.944021595/out/client/extension.js:9:147921
[2021-07-19 17:58:04.894] [exthost] [error] [ms-python.python] provider FAILED
[2021-07-19 17:58:04.895] [exthost] [error] Canceled: Canceled
	at E.makeCancelError (/home/itolab-chotaro/.vscode/extensions/ms-python.python-2021.6.944021595/out/client/extension.js:9:184136)
	at E.handleFailedRequest (/home/itolab-chotaro/.vscode/extensions/ms-python.python-2021.6.944021595/out/client/extension.js:9:183987)
	at /home/itolab-chotaro/.vscode/extensions/ms-python.python-2021.6.944021595/out/client/extension.js:9:147921
[2021-07-19 17:58:22.984] [exthost] [error] [ms-python.python] provider FAILED
[2021-07-19 17:58:22.984] [exthost] [error] Canceled: Canceled
	at E.makeCancelError (/home/itolab-chotaro/.vscode/extensions/ms-python.python-2021.6.944021595/out/client/extension.js:9:184136)
	at E.handleFailedRequest (/home/itolab-chotaro/.vscode/extensions/ms-python.python-2021.6.944021595/out/client/extension.js:9:183987)
	at /home/itolab-chotaro/.vscode/extensions/ms-python.python-2021.6.944021595/out/client/extension.js:9:147921
[2021-07-19 17:58:23.169] [exthost] [error] [ms-python.python] provider FAILED
[2021-07-19 17:58:23.169] [exthost] [error] Canceled: Canceled
	at E.makeCancelError (/home/itolab-chotaro/.vscode/extensions/ms-python.python-2021.6.944021595/out/client/extension.js:9:184136)
	at E.handleFailedRequest (/home/itolab-chotaro/.vscode/extensions/ms-python.python-2021.6.944021595/out/client/extension.js:9:183987)
	at /home/itolab-chotaro/.vscode/extensions/ms-python.python-2021.6.944021595/out/client/extension.js:9:147921
[2021-07-19 17:58:23.706] [exthost] [error] [ms-python.python] provider FAILED
[2021-07-19 17:58:23.706] [exthost] [error] Canceled: Canceled
	at E.makeCancelError (/home/itolab-chotaro/.vscode/extensions/ms-python.python-2021.6.944021595/out/client/extension.js:9:184136)
	at E.handleFailedRequest (/home/itolab-chotaro/.vscode/extensions/ms-python.python-2021.6.944021595/out/client/extension.js:9:183987)
	at /home/itolab-chotaro/.vscode/extensions/ms-python.python-2021.6.944021595/out/client/extension.js:9:147921
[2021-07-19 17:58:23.904] [exthost] [error] [ms-python.python] provider FAILED
[2021-07-19 17:58:23.905] [exthost] [error] Canceled: Canceled
	at E.makeCancelError (/home/itolab-chotaro/.vscode/extensions/ms-python.python-2021.6.944021595/out/client/extension.js:9:184136)
	at E.handleFailedRequest (/home/itolab-chotaro/.vscode/extensions/ms-python.python-2021.6.944021595/out/client/extension.js:9:183987)
	at /home/itolab-chotaro/.vscode/extensions/ms-python.python-2021.6.944021595/out/client/extension.js:9:147921
[2021-07-19 17:58:24.082] [exthost] [error] [ms-python.python] provider FAILED
[2021-07-19 17:58:24.082] [exthost] [error] Canceled: Canceled
	at E.makeCancelError (/home/itolab-chotaro/.vscode/extensions/ms-python.python-2021.6.944021595/out/client/extension.js:9:184136)
	at E.handleFailedRequest (/home/itolab-chotaro/.vscode/extensions/ms-python.python-2021.6.944021595/out/client/extension.js:9:183987)
	at /home/itolab-chotaro/.vscode/extensions/ms-python.python-2021.6.944021595/out/client/extension.js:9:147921
[2021-07-19 17:58:29.931] [exthost] [error] [ms-python.python] provider FAILED
[2021-07-19 17:58:29.931] [exthost] [error] Canceled: Canceled
	at E.makeCancelError (/home/itolab-chotaro/.vscode/extensions/ms-python.python-2021.6.944021595/out/client/extension.js:9:184136)
	at E.handleFailedRequest (/home/itolab-chotaro/.vscode/extensions/ms-python.python-2021.6.944021595/out/client/extension.js:9:183987)
	at /home/itolab-chotaro/.vscode/extensions/ms-python.python-2021.6.944021595/out/client/extension.js:9:147921
[2021-07-19 17:59:47.803] [exthost] [error] [ms-python.python] provider FAILED
[2021-07-19 17:59:47.803] [exthost] [error] Canceled: Canceled
	at E.makeCancelError (/home/itolab-chotaro/.vscode/extensions/ms-python.python-2021.6.944021595/out/client/extension.js:9:184136)
	at E.handleFailedRequest (/home/itolab-chotaro/.vscode/extensions/ms-python.python-2021.6.944021595/out/client/extension.js:9:183987)
	at /home/itolab-chotaro/.vscode/extensions/ms-python.python-2021.6.944021595/out/client/extension.js:9:147921
[2021-07-19 17:59:48.319] [exthost] [error] [ms-python.python] provider FAILED
[2021-07-19 17:59:48.319] [exthost] [error] Canceled: Canceled
	at E.makeCancelError (/home/itolab-chotaro/.vscode/extensions/ms-python.python-2021.6.944021595/out/client/extension.js:9:184136)
	at E.handleFailedRequest (/home/itolab-chotaro/.vscode/extensions/ms-python.python-2021.6.944021595/out/client/extension.js:9:183987)
	at /home/itolab-chotaro/.vscode/extensions/ms-python.python-2021.6.944021595/out/client/extension.js:9:147921
[2021-07-19 17:59:50.467] [exthost] [error] [ms-python.python] provider FAILED
[2021-07-19 17:59:50.467] [exthost] [error] Canceled: Canceled
	at E.makeCancelError (/home/itolab-chotaro/.vscode/extensions/ms-python.python-2021.6.944021595/out/client/extension.js:9:184136)
	at E.handleFailedRequest (/home/itolab-chotaro/.vscode/extensions/ms-python.python-2021.6.944021595/out/client/extension.js:9:183987)
	at /home/itolab-chotaro/.vscode/extensions/ms-python.python-2021.6.944021595/out/client/extension.js:9:147921
[2021-07-19 17:59:54.473] [exthost] [error] [ms-python.python] provider FAILED
[2021-07-19 17:59:54.474] [exthost] [error] Canceled: Canceled
	at E.makeCancelError (/home/itolab-chotaro/.vscode/extensions/ms-python.python-2021.6.944021595/out/client/extension.js:9:184136)
	at E.handleFailedRequest (/home/itolab-chotaro/.vscode/extensions/ms-python.python-2021.6.944021595/out/client/extension.js:9:183987)
	at /home/itolab-chotaro/.vscode/extensions/ms-python.python-2021.6.944021595/out/client/extension.js:9:147921
[2021-07-19 17:59:59.453] [exthost] [error] [ms-python.python] provider FAILED
[2021-07-19 17:59:59.453] [exthost] [error] Canceled: Canceled
	at E.makeCancelError (/home/itolab-chotaro/.vscode/extensions/ms-python.python-2021.6.944021595/out/client/extension.js:9:184136)
	at E.handleFailedRequest (/home/itolab-chotaro/.vscode/extensions/ms-python.python-2021.6.944021595/out/client/extension.js:9:183987)
	at /home/itolab-chotaro/.vscode/extensions/ms-python.python-2021.6.944021595/out/client/extension.js:9:147921
[2021-07-19 18:00:16.655] [exthost] [error] [ms-python.python] provider FAILED
[2021-07-19 18:00:16.656] [exthost] [error] Canceled: Canceled
	at E.makeCancelError (/home/itolab-chotaro/.vscode/extensions/ms-python.python-2021.6.944021595/out/client/extension.js:9:184136)
	at E.handleFailedRequest (/home/itolab-chotaro/.vscode/extensions/ms-python.python-2021.6.944021595/out/client/extension.js:9:183987)
	at /home/itolab-chotaro/.vscode/extensions/ms-python.python-2021.6.944021595/out/client/extension.js:9:147921
[2021-07-19 18:02:26.474] [exthost] [info] extension host terminating: renderer closed the socket
[2021-07-19 18:02:27.484] [exthost] [info] exiting with code 0
